#
# A fatal error has been detected by the Java Runtime Environment:
#
#  EXCEPTION_ACCESS_VIOLATION (0xc0000005) at pc=0x00007ff93d2fc4ff, pid=10184, tid=13804
#
# JRE version: Java(TM) SE Runtime Environment 18.9 (11.0.9+7) (build 11.0.9+7-LTS)
# Java VM: Java HotSpot(TM) 64-Bit Server VM 18.9 (11.0.9+7-LTS, mixed mode, tiered, compressed oops, g1 gc, windows-amd64)
# Problematic frame:
# V  [jvm.dll+0x10c4ff]
#
# No core dump will be written. Minidumps are not enabled by default on client versions of Windows
#
# If you would like to submit a bug report, please visit:
#   https://bugreport.java.com/bugreport/crash.jsp
#

---------------  S U M M A R Y ------------

Command Line: -XX:MaxMetaspaceSize=512m --add-opens=java.base/java.util=ALL-UNNAMED --add-opens=java.base/java.lang=ALL-UNNAMED --add-opens=java.base/java.lang.invoke=ALL-UNNAMED --add-opens=java.base/java.util=ALL-UNNAMED --add-opens=java.prefs/java.util.prefs=ALL-UNNAMED --add-opens=java.prefs/java.util.prefs=ALL-UNNAMED --add-opens=java.base/java.nio.charset=ALL-UNNAMED --add-opens=java.base/java.net=ALL-UNNAMED --add-opens=java.base/java.util.concurrent.atomic=ALL-UNNAMED -Xmx2048m -Dfile.encoding=windows-1252 -Duser.country=US -Duser.language=en -Duser.variant org.gradle.launcher.daemon.bootstrap.GradleDaemon 7.5.1

Host: AMD Ryzen 5 PRO 4650G with Radeon Graphics, 12 cores, 13G,  Windows 10 , 64 bit Build 19041 (10.0.19041.3393)
Time: Sat Sep 23 12:17:53 2023 Taipei Standard Time elapsed time: 27.785005 seconds (0d 0h 0m 27s)

---------------  T H R E A D  ---------------

Current thread (0x000002d4c01d6000):  JavaThread "C2 CompilerThread2" daemon [_thread_in_native, id=13804, stack(0x000000dbd6a00000,0x000000dbd6b00000)]


Current CompileTask:
C2:  27785 14128   !   4       org.gradle.internal.event.DefaultListenerManager$EventBroadcast$ListenerDispatch::dispatch (55 bytes)

Stack: [0x000000dbd6a00000,0x000000dbd6b00000],  sp=0x000000dbd6afba10,  free space=1006k
Native frames: (J=compiled Java code, j=interpreted, Vv=VM code, C=native code)
V  [jvm.dll+0x10c4ff]
V  [jvm.dll+0x1d3bed]
V  [jvm.dll+0x1d3cd6]
V  [jvm.dll+0x19429a]
V  [jvm.dll+0x1fd5a2]
V  [jvm.dll+0x1fc64f]
V  [jvm.dll+0x17f08c]
V  [jvm.dll+0x20bc54]
V  [jvm.dll+0x209d2b]
V  [jvm.dll+0x7103d9]
V  [jvm.dll+0x709114]
V  [jvm.dll+0x610cb6]
C  [ucrtbase.dll+0x21bb2]
C  [KERNEL32.DLL+0x17344]
C  [ntdll.dll+0x526b1]


siginfo: EXCEPTION_ACCESS_VIOLATION (0xc0000005), reading address 0x000000000000002c


Register to memory mapping:

RIP=0x00007ff93d2fc4ff jvm.dll
RAX=0x000002d4bf04a668 points into unknown readable memory: e0 c4 9b 3d f9 7f 00 00
RBX=0x000002d4c0c8b140 points into unknown readable memory: a0 4b a0 3d f9 7f 00 00
RCX=0x0 is NULL
RDX=0x0000000000000008 is an unknown value
RSP=0x000000dbd6afba10 is pointing into the stack for thread: 0x000002d4c01d6000
RBP=0x000000dbd6afbcb0 is pointing into the stack for thread: 0x000002d4c01d6000
RSI=0x000002d4c53cd4a8 points into unknown readable memory: 20 09 a0 3d f9 7f 00 00
RDI=0x0000000007a7b6b9 is an unknown value
R8 =0x000002d4bf04a7e0 points into unknown readable memory: 08 90 a2 3d f9 7f 00 00
R9 =0x0000000000000008 is an unknown value
R10=0x000002d4c5528730 points into unknown readable memory: 98 89 09 bf d4 02 00 00
R11=0x0000000000000001 is an unknown value
R12=0x000002d4bd5e3eb8 points into unknown readable memory: 67 ce 15 09 d4 10 00 80
R13=0x000000dbd6afbeb0 is pointing into the stack for thread: 0x000002d4c01d6000
R14=0x0 is NULL
R15=0x000002d4bd5e3ae0 points into unknown readable memory: 50 ca a8 3d f9 7f 00 00


Registers:
RAX=0x000002d4bf04a668, RBX=0x000002d4c0c8b140, RCX=0x0000000000000000, RDX=0x0000000000000008
RSP=0x000000dbd6afba10, RBP=0x000000dbd6afbcb0, RSI=0x000002d4c53cd4a8, RDI=0x0000000007a7b6b9
R8 =0x000002d4bf04a7e0, R9 =0x0000000000000008, R10=0x000002d4c5528730, R11=0x0000000000000001
R12=0x000002d4bd5e3eb8, R13=0x000000dbd6afbeb0, R14=0x0000000000000000, R15=0x000002d4bd5e3ae0
RIP=0x00007ff93d2fc4ff, EFLAGS=0x0000000000010206

Top of Stack: (sp=0x000000dbd6afba10)
0x000000dbd6afba10:   0000000000000000 00007ff93d53a084
0x000000dbd6afba20:   000002d4bd5e3ae0 000002d4bde4ecf0
0x000000dbd6afba30:   0000000000000000 0000000000000000
0x000000dbd6afba40:   00000000000003d8 000002d4bd5e3ad0
0x000000dbd6afba50:   000000dbd6afbcb0 00007ff93d3c3bed
0x000000dbd6afba60:   000000dbd6afbcb0 000002d4c0c8b140
0x000000dbd6afba70:   00000000000000c6 000002d4bd5e3ae0
0x000000dbd6afba80:   00007ff900000008 00007ff93d3ece12
0x000000dbd6afba90:   000000dbd6afc038 00007ff93d3c3cd6
0x000000dbd6afbaa0:   000000dbd6afbcb0 00000000000000bc
0x000000dbd6afbab0:   00000000000003d8 000000dbd6afbbd0
0x000000dbd6afbac0:   0000000000000000 00007ff93d38429a
0x000000dbd6afbad0:   000000dbd6afbf50 0000000000000000
0x000000dbd6afbae0:   000002d4bd5e3eb8 00000000000003d8
0x000000dbd6afbaf0:   00000000deadbe00 000000dbd6afc0e0
0x000000dbd6afbb00:   0000000000000006 000002d4bd5e3ad0 

Instructions: (pc=0x00007ff93d2fc4ff)
0x00007ff93d2fc4df:   48 8b ce ff 50 20 48 3b c6 74 03 2b 7b 48 3b 7b
0x00007ff93d2fc4ef:   18 73 0a 48 8b 43 20 48 8b 0c f8 eb 03 49 8b ce
0x00007ff93d2fc4ff:   0f b6 41 2c 24 3f 3c 2a 75 07 48 8b 41 08 48 8b
0x00007ff93d2fc50f:   08 0f b6 41 2c 24 1f 3c 1d 75 07 48 8b 41 08 48 


Stack slot to memory mapping:
stack at sp + 0 slots: 0x0 is NULL
stack at sp + 1 slots: 0x00007ff93d53a084 jvm.dll
stack at sp + 2 slots: 0x000002d4bd5e3ae0 points into unknown readable memory: 50 ca a8 3d f9 7f 00 00
stack at sp + 3 slots: 0x000002d4bde4ecf0 points into unknown readable memory: 58 08 a0 3d f9 7f 00 00
stack at sp + 4 slots: 0x0 is NULL
stack at sp + 5 slots: 0x0 is NULL
stack at sp + 6 slots: 0x00000000000003d8 is an unknown value
stack at sp + 7 slots: 0x000002d4bd5e3ad0 points into unknown readable memory: a0 60 60 c7 d4 02 00 00


---------------  P R O C E S S  ---------------

Threads class SMR info:
_java_thread_list=0x000002d4c282c5f0, length=184, elements={
0x000002d499c9e800, 0x000002d4b9716800, 0x000002d4b9718800, 0x000002d4b9771000,
0x000002d4b9772000, 0x000002d4b9776000, 0x000002d4b9778000, 0x000002d4b9779800,
0x000002d4b98fd000, 0x000002d4b990f800, 0x000002d4bc2ff800, 0x000002d4bb852000,
0x000002d4bac67800, 0x000002d4bbb18800, 0x000002d4bb188800, 0x000002d4baa33000,
0x000002d4baa33800, 0x000002d4bbace800, 0x000002d4bbc58800, 0x000002d4bba32800,
0x000002d4bba34000, 0x000002d4bba37800, 0x000002d4bba36800, 0x000002d4bba38000,
0x000002d4bba39000, 0x000002d4bba35000, 0x000002d4bba33800, 0x000002d4bba35800,
0x000002d4bc20c800, 0x000002d4bc208800, 0x000002d4bc20a000, 0x000002d4bc20b800,
0x000002d4bc206800, 0x000002d4bc20f000, 0x000002d4bc20f800, 0x000002d4bc20e000,
0x000002d4bc210800, 0x000002d4bc211800, 0x000002d4bc215800, 0x000002d4bc212000,
0x000002d4bc213000, 0x000002d4bc213800, 0x000002d4bc214800, 0x000002d4bd9b7800,
0x000002d4bd9b7000, 0x000002d4bd9b5000, 0x000002d4bd9bb800, 0x000002d4bd9ba000,
0x000002d4bd9b6000, 0x000002d4bd9bb000, 0x000002d4bd9b8800, 0x000002d4bd9b9800,
0x000002d4bc28a000, 0x000002d4bc28d800, 0x000002d4bc28f000, 0x000002d4bc28b000,
0x000002d4bc28b800, 0x000002d4bc289000, 0x000002d4bc291800, 0x000002d4bc290800,
0x000002d4bc28e000, 0x000002d4bc292000, 0x000002d4bc28c800, 0x000002d4bc294800,
0x000002d4bc295800, 0x000002d4bc293000, 0x000002d4bc28f800, 0x000002d4bc296800,
0x000002d4bc297000, 0x000002d4bc294000, 0x000002d4bc298000, 0x000002d4c07a0000,
0x000002d4c07a0800, 0x000002d4c079b000, 0x000002d4c07a1800, 0x000002d4c079e000,
0x000002d4c079f000, 0x000002d4c079c800, 0x000002d4c079c000, 0x000002d4c07a2800,
0x000002d4c079d800, 0x000002d4c07a8000, 0x000002d4c07a3000, 0x000002d4c07a5000,
0x000002d4c07a9800, 0x000002d4c07a5800, 0x000002d4c07a9000, 0x000002d4c07a7000,
0x000002d4c07a4000, 0x000002d4c07a6800, 0x000002d4baa85000, 0x000002d4baa82800,
0x000002d4baa83800, 0x000002d4baa7f800, 0x000002d4baa84000, 0x000002d4baa86000,
0x000002d4baa80000, 0x000002d4baa82000, 0x000002d4baa86800, 0x000002d4baa81000,
0x000002d4baa8a800, 0x000002d4baa88800, 0x000002d4baa8c800, 0x000002d4baa87800,
0x000002d4baa89000, 0x000002d4baa8e000, 0x000002d4baa8d000, 0x000002d4baa8a000,
0x000002d4baa8b800, 0x000002d4bd816800, 0x000002d4bd815000, 0x000002d4bd814000,
0x000002d4bd817000, 0x000002d4bd815800, 0x000002d4bd812800, 0x000002d4bd818000,
0x000002d4bd813000, 0x000002d4bd819800, 0x000002d4bd81d800, 0x000002d4bd81a800,
0x000002d4bd81b800, 0x000002d4bd81d000, 0x000002d4bd81e800, 0x000002d4bd81c000,
0x000002d4bd819000, 0x000002d4bd820000, 0x000002d4bd81f800, 0x000002d4bd821000,
0x000002d4be4af000, 0x000002d4be4ac000, 0x000002d4be4b2800, 0x000002d4be4b0000,
0x000002d4be4ac800, 0x000002d4be4ad800, 0x000002d4be4ae800, 0x000002d4be4b0800,
0x000002d4be4b1800, 0x000002d4c0bba000, 0x000002d4c0bb9000, 0x000002d4c0bc0800,
0x000002d4c0bbe000, 0x000002d4c0bbb800, 0x000002d4c0bbf000, 0x000002d4c0bba800,
0x000002d4c0bbf800, 0x000002d4c0bc1800, 0x000002d4c0bc2000, 0x000002d4c0bbc800,
0x000002d4c0bc3000, 0x000002d4c0bbd000, 0x000002d4c0bc4800, 0x000002d4c0bc5800,
0x000002d4c0bc6000, 0x000002d4c0bc7000, 0x000002d4c0bc8000, 0x000002d4c0bc3800,
0x000002d4bdd19000, 0x000002d4bdd17000, 0x000002d4bdd1d000, 0x000002d4bdd18000,
0x000002d4bdd1a800, 0x000002d4bdd19800, 0x000002d4bdd1b800, 0x000002d4bdd1c000,
0x000002d4bdd1e000, 0x000002d4c08cd000, 0x000002d4c08cd800, 0x000002d4c08c9800,
0x000002d4c08ca800, 0x000002d4c08c9000, 0x000002d4c08cf800, 0x000002d4c08cc000,
0x000002d4c08cb000, 0x000002d4c08ce800, 0x000002d4c08d6000, 0x000002d4c08d2800,
0x000002d4c08d1800, 0x000002d4c08d0000, 0x000002d4c08d3800, 0x000002d4c08d6800,
0x000002d4c08d5000, 0x000002d4c08d4000, 0x000002d4bd677800, 0x000002d4c01d6000
}

Java Threads: ( => current thread )
  0x000002d499c9e800 JavaThread "main" [_thread_blocked, id=6752, stack(0x000000dbd0400000,0x000000dbd0500000)]
  0x000002d4b9716800 JavaThread "Reference Handler" daemon [_thread_blocked, id=5440, stack(0x000000dbd0b00000,0x000000dbd0c00000)]
  0x000002d4b9718800 JavaThread "Finalizer" daemon [_thread_blocked, id=6216, stack(0x000000dbd0c00000,0x000000dbd0d00000)]
  0x000002d4b9771000 JavaThread "Signal Dispatcher" daemon [_thread_blocked, id=9984, stack(0x000000dbd0d00000,0x000000dbd0e00000)]
  0x000002d4b9772000 JavaThread "Attach Listener" daemon [_thread_blocked, id=2108, stack(0x000000dbd0e00000,0x000000dbd0f00000)]
  0x000002d4b9776000 JavaThread "C2 CompilerThread0" daemon [_thread_in_native, id=4684, stack(0x000000dbd0f00000,0x000000dbd1000000)]
  0x000002d4b9778000 JavaThread "C1 CompilerThread0" daemon [_thread_in_native, id=5228, stack(0x000000dbd1000000,0x000000dbd1100000)]
  0x000002d4b9779800 JavaThread "Sweeper thread" daemon [_thread_blocked, id=3468, stack(0x000000dbd1100000,0x000000dbd1200000)]
  0x000002d4b98fd000 JavaThread "Common-Cleaner" daemon [_thread_blocked, id=1748, stack(0x000000dbd1200000,0x000000dbd1300000)]
  0x000002d4b990f800 JavaThread "Service Thread" daemon [_thread_blocked, id=4340, stack(0x000000dbd1300000,0x000000dbd1400000)]
  0x000002d4bc2ff800 JavaThread "Daemon health stats" [_thread_blocked, id=10016, stack(0x000000dbd1a00000,0x000000dbd1b00000)]
  0x000002d4bb852000 JavaThread "Incoming local TCP Connector on port 49808" [_thread_in_native, id=10584, stack(0x000000dbd1500000,0x000000dbd1600000)]
  0x000002d4bac67800 JavaThread "Daemon periodic checks" [_thread_blocked, id=12628, stack(0x000000dbd1c00000,0x000000dbd1d00000)]
  0x000002d4bbb18800 JavaThread "Daemon" [_thread_blocked, id=9620, stack(0x000000dbd1d00000,0x000000dbd1e00000)]
  0x000002d4bb188800 JavaThread "Handler for socket connection from /127.0.0.1:49808 to /127.0.0.1:49809" [_thread_in_native, id=1852, stack(0x000000dbd1e00000,0x000000dbd1f00000)]
  0x000002d4baa33000 JavaThread "Cancel handler" [_thread_blocked, id=8196, stack(0x000000dbd1f00000,0x000000dbd2000000)]
  0x000002d4baa33800 JavaThread "Daemon worker" [_thread_blocked, id=10020, stack(0x000000dbd2000000,0x000000dbd2100000)]
  0x000002d4bbace800 JavaThread "Asynchronous log dispatcher for DefaultDaemonConnection: socket connection from /127.0.0.1:49808 to /127.0.0.1:49809" [_thread_blocked, id=8564, stack(0x000000dbd2100000,0x000000dbd2200000)]
  0x000002d4bbc58800 JavaThread "Stdin handler" [_thread_blocked, id=7684, stack(0x000000dbd2200000,0x000000dbd2300000)]
  0x000002d4bba32800 JavaThread "Daemon client event forwarder" [_thread_blocked, id=5116, stack(0x000000dbd2300000,0x000000dbd2400000)]
  0x000002d4bba34000 JavaThread "Cache worker for journal cache (C:\Users\USER\.gradle\caches\journal-1)" [_thread_blocked, id=10372, stack(0x000000dbd2400000,0x000000dbd2500000)]
  0x000002d4bba37800 JavaThread "File lock request listener" [_thread_in_native, id=5416, stack(0x000000dbd2500000,0x000000dbd2600000)]
  0x000002d4bba36800 JavaThread "Cache worker for file hash cache (C:\Users\USER\.gradle\caches\7.5.1\fileHashes)" [_thread_blocked, id=6412, stack(0x000000dbd2600000,0x000000dbd2700000)]
  0x000002d4bba38000 JavaThread "File watcher server" daemon [_thread_in_native, id=9408, stack(0x000000dbd2f00000,0x000000dbd3000000)]
  0x000002d4bba39000 JavaThread "File watcher consumer" daemon [_thread_blocked, id=3688, stack(0x000000dbd3000000,0x000000dbd3100000)]
  0x000002d4bba35000 JavaThread "Cache worker for checksums cache (C:\Users\USER\Desktop\Capstone\Student\frontendApp\android\.gradle\7.5.1\checksums)" [_thread_blocked, id=3808, stack(0x000000dbd3100000,0x000000dbd3200000)]
  0x000002d4bba33800 JavaThread "Cache worker for cache directory md-rule (C:\Users\USER\.gradle\caches\7.5.1\md-rule)" [_thread_blocked, id=10780, stack(0x000000dbd3200000,0x000000dbd3300000)]
  0x000002d4bba35800 JavaThread "Cache worker for file content cache (C:\Users\USER\.gradle\caches\7.5.1\fileContent)" [_thread_blocked, id=11072, stack(0x000000dbd3300000,0x000000dbd3400000)]
  0x000002d4bc20c800 JavaThread "Cache worker for file hash cache (C:\Users\USER\Desktop\Capstone\Student\frontendApp\android\.gradle\7.5.1\fileHashes)" [_thread_blocked, id=10772, stack(0x000000dbd3400000,0x000000dbd3500000)]
  0x000002d4bc208800 JavaThread "Cache worker for cache directory md-supplier (C:\Users\USER\.gradle\caches\7.5.1\md-supplier)" [_thread_blocked, id=12528, stack(0x000000dbd3500000,0x000000dbd3600000)]
  0x000002d4bc20a000 JavaThread "Cache worker for execution history cache (C:\Users\USER\.gradle\caches\7.5.1\executionHistory)" [_thread_blocked, id=7136, stack(0x000000dbd3600000,0x000000dbd3700000)]
  0x000002d4bc20b800 JavaThread "jar transforms" [_thread_blocked, id=13304, stack(0x000000dbd3800000,0x000000dbd3900000)]
  0x000002d4bc206800 JavaThread "jar transforms Thread 2" [_thread_blocked, id=12516, stack(0x000000dbd3900000,0x000000dbd3a00000)]
  0x000002d4bc20f000 JavaThread "jar transforms Thread 3" [_thread_blocked, id=9880, stack(0x000000dbd3a00000,0x000000dbd3b00000)]
  0x000002d4bc20f800 JavaThread "jar transforms Thread 4" [_thread_blocked, id=9428, stack(0x000000dbd3b00000,0x000000dbd3c00000)]
  0x000002d4bc20e000 JavaThread "Cache worker for kotlin-dsl (C:\Users\USER\.gradle\caches\7.5.1\kotlin-dsl)" [_thread_blocked, id=6868, stack(0x000000dbd3c00000,0x000000dbd3d00000)]
  0x000002d4bc210800 JavaThread "jar transforms Thread 5" [_thread_blocked, id=6836, stack(0x000000dbd3d00000,0x000000dbd3e00000)]
  0x000002d4bc211800 JavaThread "jar transforms Thread 6" [_thread_blocked, id=7352, stack(0x000000dbd3e00000,0x000000dbd3f00000)]
  0x000002d4bc215800 JavaThread "Cache worker for dependencies-accessors (C:\Users\USER\Desktop\Capstone\Student\frontendApp\android\.gradle\7.5.1\dependencies-accessors)" [_thread_blocked, id=9876, stack(0x000000dbd3f00000,0x000000dbd4000000)]
  0x000002d4bc212000 JavaThread "Cache worker for Build Output Cleanup Cache (C:\Users\USER\Desktop\Capstone\Student\frontendApp\node_modules\react-native-gradle-plugin\.gradle\buildOutputCleanup)" [_thread_blocked, id=9188, stack(0x000000dbd4000000,0x000000dbd4100000)]
  0x000002d4bc213000 JavaThread "jar transforms Thread 7" [_thread_blocked, id=9152, stack(0x000000dbd4100000,0x000000dbd4200000)]
  0x000002d4bc213800 JavaThread "Unconstrained build operations" [_thread_blocked, id=12376, stack(0x000000dbd3700000,0x000000dbd3800000)]
  0x000002d4bc214800 JavaThread "Unconstrained build operations Thread 2" [_thread_blocked, id=4860, stack(0x000000dbd4200000,0x000000dbd4300000)]
  0x000002d4bd9b7800 JavaThread "Unconstrained build operations Thread 3" [_thread_blocked, id=240, stack(0x000000dbd4300000,0x000000dbd4400000)]
  0x000002d4bd9b7000 JavaThread "Unconstrained build operations Thread 4" [_thread_blocked, id=3344, stack(0x000000dbd4400000,0x000000dbd4500000)]
  0x000002d4bd9b5000 JavaThread "Unconstrained build operations Thread 5" [_thread_blocked, id=6976, stack(0x000000dbd4500000,0x000000dbd4600000)]
  0x000002d4bd9bb800 JavaThread "Unconstrained build operations Thread 6" [_thread_blocked, id=2152, stack(0x000000dbd4600000,0x000000dbd4700000)]
  0x000002d4bd9ba000 JavaThread "Unconstrained build operations Thread 7" [_thread_blocked, id=11160, stack(0x000000dbd4700000,0x000000dbd4800000)]
  0x000002d4bd9b6000 JavaThread "Unconstrained build operations Thread 8" [_thread_blocked, id=5820, stack(0x000000dbd4800000,0x000000dbd4900000)]
  0x000002d4bd9bb000 JavaThread "Unconstrained build operations Thread 9" [_thread_blocked, id=6420, stack(0x000000dbd4900000,0x000000dbd4a00000)]
  0x000002d4bd9b8800 JavaThread "Unconstrained build operations Thread 10" [_thread_blocked, id=4936, stack(0x000000dbd4a00000,0x000000dbd4b00000)]
  0x000002d4bd9b9800 JavaThread "Unconstrained build operations Thread 11" [_thread_blocked, id=2240, stack(0x000000dbd4b00000,0x000000dbd4c00000)]
  0x000002d4bc28a000 JavaThread "Unconstrained build operations Thread 12" [_thread_blocked, id=4576, stack(0x000000dbd4c00000,0x000000dbd4d00000)]
  0x000002d4bc28d800 JavaThread "Unconstrained build operations Thread 13" [_thread_blocked, id=8504, stack(0x000000dbd4d00000,0x000000dbd4e00000)]
  0x000002d4bc28f000 JavaThread "Unconstrained build operations Thread 14" [_thread_blocked, id=1484, stack(0x000000dbd4e00000,0x000000dbd4f00000)]
  0x000002d4bc28b000 JavaThread "Unconstrained build operations Thread 15" [_thread_blocked, id=3888, stack(0x000000dbd4f00000,0x000000dbd5000000)]
  0x000002d4bc28b800 JavaThread "Unconstrained build operations Thread 16" [_thread_blocked, id=13204, stack(0x000000dbd5000000,0x000000dbd5100000)]
  0x000002d4bc289000 JavaThread "Unconstrained build operations Thread 17" [_thread_blocked, id=11156, stack(0x000000dbd5100000,0x000000dbd5200000)]
  0x000002d4bc291800 JavaThread "Unconstrained build operations Thread 18" [_thread_blocked, id=1832, stack(0x000000dbd5200000,0x000000dbd5300000)]
  0x000002d4bc290800 JavaThread "Unconstrained build operations Thread 19" [_thread_blocked, id=10636, stack(0x000000dbd5300000,0x000000dbd5400000)]
  0x000002d4bc28e000 JavaThread "Unconstrained build operations Thread 20" [_thread_blocked, id=6072, stack(0x000000dbd5400000,0x000000dbd5500000)]
  0x000002d4bc292000 JavaThread "Unconstrained build operations Thread 21" [_thread_blocked, id=9168, stack(0x000000dbd5500000,0x000000dbd5600000)]
  0x000002d4bc28c800 JavaThread "Unconstrained build operations Thread 22" [_thread_blocked, id=11288, stack(0x000000dbd5600000,0x000000dbd5700000)]
  0x000002d4bc294800 JavaThread "Unconstrained build operations Thread 23" [_thread_blocked, id=13140, stack(0x000000dbd5700000,0x000000dbd5800000)]
  0x000002d4bc295800 JavaThread "Unconstrained build operations Thread 24" [_thread_blocked, id=13180, stack(0x000000dbd5800000,0x000000dbd5900000)]
  0x000002d4bc293000 JavaThread "Unconstrained build operations Thread 25" [_thread_blocked, id=4176, stack(0x000000dbd5900000,0x000000dbd5a00000)]
  0x000002d4bc28f800 JavaThread "Unconstrained build operations Thread 26" [_thread_blocked, id=10688, stack(0x000000dbd5a00000,0x000000dbd5b00000)]
  0x000002d4bc296800 JavaThread "Unconstrained build operations Thread 27" [_thread_blocked, id=11856, stack(0x000000dbd5b00000,0x000000dbd5c00000)]
  0x000002d4bc297000 JavaThread "Unconstrained build operations Thread 28" [_thread_blocked, id=12220, stack(0x000000dbd5c00000,0x000000dbd5d00000)]
  0x000002d4bc294000 JavaThread "Unconstrained build operations Thread 29" [_thread_blocked, id=2096, stack(0x000000dbd5d00000,0x000000dbd5e00000)]
  0x000002d4bc298000 JavaThread "Unconstrained build operations Thread 30" [_thread_blocked, id=3204, stack(0x000000dbd5e00000,0x000000dbd5f00000)]
  0x000002d4c07a0000 JavaThread "Unconstrained build operations Thread 31" [_thread_blocked, id=11356, stack(0x000000dbd5f00000,0x000000dbd6000000)]
  0x000002d4c07a0800 JavaThread "Unconstrained build operations Thread 32" [_thread_blocked, id=11296, stack(0x000000dbd6000000,0x000000dbd6100000)]
  0x000002d4c079b000 JavaThread "Unconstrained build operations Thread 33" [_thread_blocked, id=11852, stack(0x000000dbd6100000,0x000000dbd6200000)]
  0x000002d4c07a1800 JavaThread "jar transforms Thread 8" [_thread_blocked, id=11504, stack(0x000000dbd6200000,0x000000dbd6300000)]
  0x000002d4c079e000 JavaThread "jar transforms Thread 9" [_thread_blocked, id=4292, stack(0x000000dbd6300000,0x000000dbd6400000)]
  0x000002d4c079f000 JavaThread "jar transforms Thread 10" [_thread_blocked, id=9548, stack(0x000000dbd6400000,0x000000dbd6500000)]
  0x000002d4c079c800 JavaThread "jar transforms Thread 11" [_thread_blocked, id=8260, stack(0x000000dbd6500000,0x000000dbd6600000)]
  0x000002d4c079c000 JavaThread "jar transforms Thread 12" [_thread_blocked, id=13300, stack(0x000000dbd6600000,0x000000dbd6700000)]
  0x000002d4c07a2800 JavaThread "build event listener" [_thread_blocked, id=2216, stack(0x000000dbd6700000,0x000000dbd6800000)]
  0x000002d4c079d800 JavaThread "Memory manager" [_thread_blocked, id=7704, stack(0x000000dbd6900000,0x000000dbd6a00000)]
  0x000002d4c07a8000 JavaThread "Cache worker for Build Output Cleanup Cache (C:\Users\USER\Desktop\Capstone\Student\frontendApp\android\.gradle\buildOutputCleanup)" [_thread_blocked, id=6972, stack(0x000000dbd6800000,0x000000dbd6900000)]
  0x000002d4c07a3000 JavaThread "included builds" [_thread_blocked, id=6556, stack(0x000000dbd6b00000,0x000000dbd6c00000)]
  0x000002d4c07a5000 JavaThread "Execution worker" [_thread_blocked, id=10104, stack(0x000000dbd6c00000,0x000000dbd6d00000)]
  0x000002d4c07a9800 JavaThread "Execution worker Thread 2" [_thread_blocked, id=10944, stack(0x000000dbd6d00000,0x000000dbd6e00000)]
  0x000002d4c07a5800 JavaThread "Execution worker Thread 3" [_thread_blocked, id=5924, stack(0x000000dbd6e00000,0x000000dbd6f00000)]
  0x000002d4c07a9000 JavaThread "Execution worker Thread 4" [_thread_blocked, id=10176, stack(0x000000dbd6f00000,0x000000dbd7000000)]
  0x000002d4c07a7000 JavaThread "Execution worker Thread 5" [_thread_blocked, id=11112, stack(0x000000dbd7000000,0x000000dbd7100000)]
  0x000002d4c07a4000 JavaThread "Execution worker Thread 6" [_thread_in_native, id=2376, stack(0x000000dbd7100000,0x000000dbd7200000)]
  0x000002d4c07a6800 JavaThread "Execution worker Thread 7" [_thread_blocked, id=5488, stack(0x000000dbd7200000,0x000000dbd7300000)]
  0x000002d4baa85000 JavaThread "Execution worker Thread 8" [_thread_blocked, id=11424, stack(0x000000dbd7300000,0x000000dbd7400000)]
  0x000002d4baa82800 JavaThread "Execution worker Thread 9" [_thread_blocked, id=10964, stack(0x000000dbd7400000,0x000000dbd7500000)]
  0x000002d4baa83800 JavaThread "Execution worker Thread 10" [_thread_blocked, id=1420, stack(0x000000dbd7500000,0x000000dbd7600000)]
  0x000002d4baa7f800 JavaThread "Execution worker Thread 11" [_thread_blocked, id=9156, stack(0x000000dbd7600000,0x000000dbd7700000)]
  0x000002d4baa84000 JavaThread "Cache worker for execution history cache (C:\Users\USER\Desktop\Capstone\Student\frontendApp\node_modules\react-native-gradle-plugin\.gradle\7.5.1\executionHistory)" [_thread_blocked, id=9508, stack(0x000000dbd7700000,0x000000dbd7800000)]
  0x000002d4baa86000 JavaThread "Unconstrained build operations Thread 34" [_thread_blocked, id=3248, stack(0x000000dbd7800000,0x000000dbd7900000)]
  0x000002d4baa80000 JavaThread "Unconstrained build operations Thread 35" [_thread_blocked, id=6628, stack(0x000000dbd7900000,0x000000dbd7a00000)]
  0x000002d4baa82000 JavaThread "Unconstrained build operations Thread 36" [_thread_blocked, id=6708, stack(0x000000dbd7a00000,0x000000dbd7b00000)]
  0x000002d4baa86800 JavaThread "Unconstrained build operations Thread 37" [_thread_blocked, id=6732, stack(0x000000dbd7b00000,0x000000dbd7c00000)]
  0x000002d4baa81000 JavaThread "Unconstrained build operations Thread 38" [_thread_blocked, id=6716, stack(0x000000dbd7c00000,0x000000dbd7d00000)]
  0x000002d4baa8a800 JavaThread "Unconstrained build operations Thread 39" [_thread_blocked, id=12592, stack(0x000000dbd7d00000,0x000000dbd7e00000)]
  0x000002d4baa88800 JavaThread "Unconstrained build operations Thread 40" [_thread_blocked, id=12732, stack(0x000000dbd7e00000,0x000000dbd7f00000)]
  0x000002d4baa8c800 JavaThread "Unconstrained build operations Thread 41" [_thread_blocked, id=6800, stack(0x000000dbd7f00000,0x000000dbd8000000)]
  0x000002d4baa87800 JavaThread "Unconstrained build operations Thread 42" [_thread_blocked, id=11076, stack(0x000000dbd8000000,0x000000dbd8100000)]
  0x000002d4baa89000 JavaThread "Unconstrained build operations Thread 43" [_thread_blocked, id=11080, stack(0x000000dbd8100000,0x000000dbd8200000)]
  0x000002d4baa8e000 JavaThread "Unconstrained build operations Thread 44" [_thread_blocked, id=11044, stack(0x000000dbd8200000,0x000000dbd8300000)]
  0x000002d4baa8d000 JavaThread "Unconstrained build operations Thread 45" [_thread_blocked, id=10252, stack(0x000000dbd8300000,0x000000dbd8400000)]
  0x000002d4baa8a000 JavaThread "Unconstrained build operations Thread 46" [_thread_blocked, id=11940, stack(0x000000dbd8400000,0x000000dbd8500000)]
  0x000002d4baa8b800 JavaThread "Unconstrained build operations Thread 47" [_thread_blocked, id=11656, stack(0x000000dbd8500000,0x000000dbd8600000)]
  0x000002d4bd816800 JavaThread "Unconstrained build operations Thread 48" [_thread_blocked, id=11652, stack(0x000000dbd8600000,0x000000dbd8700000)]
  0x000002d4bd815000 JavaThread "Unconstrained build operations Thread 49" [_thread_blocked, id=3388, stack(0x000000dbd8700000,0x000000dbd8800000)]
  0x000002d4bd814000 JavaThread "Unconstrained build operations Thread 50" [_thread_blocked, id=11660, stack(0x000000dbd8800000,0x000000dbd8900000)]
  0x000002d4bd817000 JavaThread "Unconstrained build operations Thread 51" [_thread_blocked, id=9872, stack(0x000000dbd8900000,0x000000dbd8a00000)]
  0x000002d4bd815800 JavaThread "Unconstrained build operations Thread 52" [_thread_in_native, id=12600, stack(0x000000dbd8a00000,0x000000dbd8b00000)]
  0x000002d4bd812800 JavaThread "Unconstrained build operations Thread 53" [_thread_blocked, id=12684, stack(0x000000dbd8b00000,0x000000dbd8c00000)]
  0x000002d4bd818000 JavaThread "Unconstrained build operations Thread 54" [_thread_blocked, id=8644, stack(0x000000dbd8c00000,0x000000dbd8d00000)]
  0x000002d4bd813000 JavaThread "Unconstrained build operations Thread 55" [_thread_blocked, id=8640, stack(0x000000dbd8d00000,0x000000dbd8e00000)]
  0x000002d4bd819800 JavaThread "Unconstrained build operations Thread 56" [_thread_blocked, id=12548, stack(0x000000dbd8e00000,0x000000dbd8f00000)]
  0x000002d4bd81d800 JavaThread "Unconstrained build operations Thread 57" [_thread_blocked, id=6592, stack(0x000000dbd8f00000,0x000000dbd9000000)]
  0x000002d4bd81a800 JavaThread "Unconstrained build operations Thread 58" [_thread_blocked, id=13268, stack(0x000000dbd9000000,0x000000dbd9100000)]
  0x000002d4bd81b800 JavaThread "Unconstrained build operations Thread 59" [_thread_blocked, id=13316, stack(0x000000dbd9100000,0x000000dbd9200000)]
  0x000002d4bd81d000 JavaThread "Unconstrained build operations Thread 60" [_thread_blocked, id=13320, stack(0x000000dbd9200000,0x000000dbd9300000)]
  0x000002d4bd81e800 JavaThread "Unconstrained build operations Thread 61" [_thread_blocked, id=13324, stack(0x000000dbd9300000,0x000000dbd9400000)]
  0x000002d4bd81c000 JavaThread "Unconstrained build operations Thread 62" [_thread_blocked, id=13328, stack(0x000000dbd9400000,0x000000dbd9500000)]
  0x000002d4bd819000 JavaThread "Unconstrained build operations Thread 63" [_thread_blocked, id=13332, stack(0x000000dbd9500000,0x000000dbd9600000)]
  0x000002d4bd820000 JavaThread "Unconstrained build operations Thread 64" [_thread_blocked, id=13336, stack(0x000000dbd9600000,0x000000dbd9700000)]
  0x000002d4bd81f800 JavaThread "Unconstrained build operations Thread 65" [_thread_blocked, id=13340, stack(0x000000dbd9700000,0x000000dbd9800000)]
  0x000002d4bd821000 JavaThread "Unconstrained build operations Thread 66" [_thread_blocked, id=13344, stack(0x000000dbd9800000,0x000000dbd9900000)]
  0x000002d4be4af000 JavaThread "Unconstrained build operations Thread 67" [_thread_blocked, id=13348, stack(0x000000dbd9900000,0x000000dbd9a00000)]
  0x000002d4be4ac000 JavaThread "Unconstrained build operations Thread 68" [_thread_blocked, id=13352, stack(0x000000dbd9a00000,0x000000dbd9b00000)]
  0x000002d4be4b2800 JavaThread "Unconstrained build operations Thread 69" [_thread_blocked, id=13356, stack(0x000000dbd9b00000,0x000000dbd9c00000)]
  0x000002d4be4b0000 JavaThread "Unconstrained build operations Thread 70" [_thread_blocked, id=13360, stack(0x000000dbd9c00000,0x000000dbd9d00000)]
  0x000002d4be4ac800 JavaThread "Unconstrained build operations Thread 71" [_thread_blocked, id=13364, stack(0x000000dbd9d00000,0x000000dbd9e00000)]
  0x000002d4be4ad800 JavaThread "Unconstrained build operations Thread 72" [_thread_blocked, id=13368, stack(0x000000dbd9e00000,0x000000dbd9f00000)]
  0x000002d4be4ae800 JavaThread "Unconstrained build operations Thread 73" [_thread_blocked, id=13372, stack(0x000000dbd9f00000,0x000000dbda000000)]
  0x000002d4be4b0800 JavaThread "Unconstrained build operations Thread 74" [_thread_blocked, id=13376, stack(0x000000dbda000000,0x000000dbda100000)]
  0x000002d4be4b1800 JavaThread "Unconstrained build operations Thread 75" [_thread_blocked, id=13380, stack(0x000000dbda100000,0x000000dbda200000)]
  0x000002d4c0bba000 JavaThread "Unconstrained build operations Thread 76" [_thread_blocked, id=13384, stack(0x000000dbda200000,0x000000dbda300000)]
  0x000002d4c0bb9000 JavaThread "Unconstrained build operations Thread 77" [_thread_blocked, id=13388, stack(0x000000dbda300000,0x000000dbda400000)]
  0x000002d4c0bc0800 JavaThread "Unconstrained build operations Thread 78" [_thread_blocked, id=13392, stack(0x000000dbda400000,0x000000dbda500000)]
  0x000002d4c0bbe000 JavaThread "Unconstrained build operations Thread 79" [_thread_blocked, id=13396, stack(0x000000dbda500000,0x000000dbda600000)]
  0x000002d4c0bbb800 JavaThread "Unconstrained build operations Thread 80" [_thread_blocked, id=13400, stack(0x000000dbda600000,0x000000dbda700000)]
  0x000002d4c0bbf000 JavaThread "Unconstrained build operations Thread 81" [_thread_blocked, id=13404, stack(0x000000dbda700000,0x000000dbda800000)]
  0x000002d4c0bba800 JavaThread "Unconstrained build operations Thread 82" [_thread_blocked, id=13408, stack(0x000000dbda800000,0x000000dbda900000)]
  0x000002d4c0bbf800 JavaThread "Unconstrained build operations Thread 83" [_thread_blocked, id=13412, stack(0x000000dbda900000,0x000000dbdaa00000)]
  0x000002d4c0bc1800 JavaThread "Unconstrained build operations Thread 84" [_thread_blocked, id=13416, stack(0x000000dbdaa00000,0x000000dbdab00000)]
  0x000002d4c0bc2000 JavaThread "Unconstrained build operations Thread 85" [_thread_blocked, id=13420, stack(0x000000dbdab00000,0x000000dbdac00000)]
  0x000002d4c0bbc800 JavaThread "Unconstrained build operations Thread 86" [_thread_blocked, id=13424, stack(0x000000dbdac00000,0x000000dbdad00000)]
  0x000002d4c0bc3000 JavaThread "Unconstrained build operations Thread 87" [_thread_blocked, id=13428, stack(0x000000dbdad00000,0x000000dbdae00000)]
  0x000002d4c0bbd000 JavaThread "Unconstrained build operations Thread 88" [_thread_blocked, id=13432, stack(0x000000dbdae00000,0x000000dbdaf00000)]
  0x000002d4c0bc4800 JavaThread "Unconstrained build operations Thread 89" [_thread_blocked, id=13436, stack(0x000000dbdaf00000,0x000000dbdb000000)]
  0x000002d4c0bc5800 JavaThread "Unconstrained build operations Thread 90" [_thread_blocked, id=13440, stack(0x000000dbdb000000,0x000000dbdb100000)]
  0x000002d4c0bc6000 JavaThread "Unconstrained build operations Thread 91" [_thread_blocked, id=13444, stack(0x000000dbdb100000,0x000000dbdb200000)]
  0x000002d4c0bc7000 JavaThread "Unconstrained build operations Thread 92" [_thread_blocked, id=13448, stack(0x000000dbdb200000,0x000000dbdb300000)]
  0x000002d4c0bc8000 JavaThread "Unconstrained build operations Thread 93" [_thread_in_native, id=13452, stack(0x000000dbdb300000,0x000000dbdb400000)]
  0x000002d4c0bc3800 JavaThread "Unconstrained build operations Thread 94" [_thread_blocked, id=13456, stack(0x000000dbdb400000,0x000000dbdb500000)]
  0x000002d4bdd19000 JavaThread "Unconstrained build operations Thread 95" [_thread_blocked, id=13460, stack(0x000000dbdb500000,0x000000dbdb600000)]
  0x000002d4bdd17000 JavaThread "Unconstrained build operations Thread 96" [_thread_blocked, id=13464, stack(0x000000dbdb600000,0x000000dbdb700000)]
  0x000002d4bdd1d000 JavaThread "Unconstrained build operations Thread 97" [_thread_blocked, id=13468, stack(0x000000dbdb700000,0x000000dbdb800000)]
  0x000002d4bdd18000 JavaThread "Unconstrained build operations Thread 98" [_thread_blocked, id=13472, stack(0x000000dbdb800000,0x000000dbdb900000)]
  0x000002d4bdd1a800 JavaThread "Unconstrained build operations Thread 99" [_thread_blocked, id=13476, stack(0x000000dbdb900000,0x000000dbdba00000)]
  0x000002d4bdd19800 JavaThread "Unconstrained build operations Thread 100" [_thread_blocked, id=13480, stack(0x000000dbdba00000,0x000000dbdbb00000)]
  0x000002d4bdd1b800 JavaThread "Unconstrained build operations Thread 101" [_thread_blocked, id=13484, stack(0x000000dbdbb00000,0x000000dbdbc00000)]
  0x000002d4bdd1c000 JavaThread "Unconstrained build operations Thread 102" [_thread_blocked, id=13488, stack(0x000000dbdbc00000,0x000000dbdbd00000)]
  0x000002d4bdd1e000 JavaThread "Unconstrained build operations Thread 103" [_thread_blocked, id=13492, stack(0x000000dbdbd00000,0x000000dbdbe00000)]
  0x000002d4c08cd000 JavaThread "Unconstrained build operations Thread 104" [_thread_blocked, id=13496, stack(0x000000dbdbe00000,0x000000dbdbf00000)]
  0x000002d4c08cd800 JavaThread "Unconstrained build operations Thread 105" [_thread_blocked, id=13500, stack(0x000000dbdbf00000,0x000000dbdc000000)]
  0x000002d4c08c9800 JavaThread "Unconstrained build operations Thread 106" [_thread_blocked, id=13504, stack(0x000000dbdc000000,0x000000dbdc100000)]
  0x000002d4c08ca800 JavaThread "Unconstrained build operations Thread 107" [_thread_blocked, id=13508, stack(0x000000dbdc100000,0x000000dbdc200000)]
  0x000002d4c08c9000 JavaThread "Unconstrained build operations Thread 108" [_thread_blocked, id=13512, stack(0x000000dbdc200000,0x000000dbdc300000)]
  0x000002d4c08cf800 JavaThread "Unconstrained build operations Thread 109" [_thread_blocked, id=13516, stack(0x000000dbdc300000,0x000000dbdc400000)]
  0x000002d4c08cc000 JavaThread "Unconstrained build operations Thread 110" [_thread_blocked, id=13520, stack(0x000000dbdc400000,0x000000dbdc500000)]
  0x000002d4c08cb000 JavaThread "Unconstrained build operations Thread 111" [_thread_blocked, id=13524, stack(0x000000dbdc500000,0x000000dbdc600000)]
  0x000002d4c08ce800 JavaThread "Unconstrained build operations Thread 112" [_thread_blocked, id=13528, stack(0x000000dbdc600000,0x000000dbdc700000)]
  0x000002d4c08d6000 JavaThread "Unconstrained build operations Thread 113" [_thread_blocked, id=13532, stack(0x000000dbdc700000,0x000000dbdc800000)]
  0x000002d4c08d2800 JavaThread "Unconstrained build operations Thread 114" [_thread_blocked, id=13536, stack(0x000000dbdc800000,0x000000dbdc900000)]
  0x000002d4c08d1800 JavaThread "Unconstrained build operations Thread 115" [_thread_blocked, id=13540, stack(0x000000dbdc900000,0x000000dbdca00000)]
  0x000002d4c08d0000 JavaThread "Unconstrained build operations Thread 116" [_thread_blocked, id=13544, stack(0x000000dbdca00000,0x000000dbdcb00000)]
  0x000002d4c08d3800 JavaThread "Unconstrained build operations Thread 117" [_thread_blocked, id=13548, stack(0x000000dbdcb00000,0x000000dbdcc00000)]
  0x000002d4c08d6800 JavaThread "Unconstrained build operations Thread 118" [_thread_blocked, id=13552, stack(0x000000dbdcc00000,0x000000dbdcd00000)]
  0x000002d4c08d5000 JavaThread "Unconstrained build operations Thread 119" [_thread_blocked, id=13556, stack(0x000000dbdcd00000,0x000000dbdce00000)]
  0x000002d4c08d4000 JavaThread "Unconstrained build operations Thread 120" [_thread_blocked, id=13560, stack(0x000000dbdce00000,0x000000dbdcf00000)]
  0x000002d4bd677800 JavaThread "C2 CompilerThread1" daemon [_thread_in_native, id=13796, stack(0x000000dbd2e00000,0x000000dbd2f00000)]
=>0x000002d4c01d6000 JavaThread "C2 CompilerThread2" daemon [_thread_in_native, id=13804, stack(0x000000dbd6a00000,0x000000dbd6b00000)]

Other Threads:
  0x000002d4b9714800 VMThread "VM Thread" [stack: 0x000000dbd0a00000,0x000000dbd0b00000] [id=12932]
  0x000002d4b98f3000 WatcherThread [stack: 0x000000dbd1400000,0x000000dbd1500000] [id=6916]
  0x000002d499cb6000 GCTaskThread "GC Thread#0" [stack: 0x000000dbd0500000,0x000000dbd0600000] [id=3764]
  0x000002d4baaef800 GCTaskThread "GC Thread#1" [stack: 0x000000dbd1600000,0x000000dbd1700000] [id=7556]
  0x000002d4ba8ac800 GCTaskThread "GC Thread#2" [stack: 0x000000dbd1700000,0x000000dbd1800000] [id=9624]
  0x000002d4ba309000 GCTaskThread "GC Thread#3" [stack: 0x000000dbd1800000,0x000000dbd1900000] [id=11232]
  0x000002d4ba309800 GCTaskThread "GC Thread#4" [stack: 0x000000dbd1900000,0x000000dbd1a00000] [id=6048]
  0x000002d4bad37000 GCTaskThread "GC Thread#5" [stack: 0x000000dbd2700000,0x000000dbd2800000] [id=2512]
  0x000002d4bad33000 GCTaskThread "GC Thread#6" [stack: 0x000000dbd2800000,0x000000dbd2900000] [id=3720]
  0x000002d4bb991800 GCTaskThread "GC Thread#7" [stack: 0x000000dbd2900000,0x000000dbd2a00000] [id=6272]
  0x000002d4bbaf7800 GCTaskThread "GC Thread#8" [stack: 0x000000dbd2a00000,0x000000dbd2b00000] [id=2104]
  0x000002d4bbc89800 GCTaskThread "GC Thread#9" [stack: 0x000000dbd2b00000,0x000000dbd2c00000] [id=2596]
  0x000002d499ce6800 ConcurrentGCThread "G1 Main Marker" [stack: 0x000000dbd0600000,0x000000dbd0700000] [id=10764]
  0x000002d499ce8800 ConcurrentGCThread "G1 Conc#0" [stack: 0x000000dbd0700000,0x000000dbd0800000] [id=8396]
  0x000002d4ba2fb000 ConcurrentGCThread "G1 Conc#1" [stack: 0x000000dbd2c00000,0x000000dbd2d00000] [id=3408]
  0x000002d4bc15b800 ConcurrentGCThread "G1 Conc#2" [stack: 0x000000dbd2d00000,0x000000dbd2e00000] [id=2556]
  0x000002d499d7e800 ConcurrentGCThread "G1 Refine#0" [stack: 0x000000dbd0800000,0x000000dbd0900000] [id=7560]
  0x000002d4b8d7d000 ConcurrentGCThread "G1 Young RemSet Sampling" [stack: 0x000000dbd0900000,0x000000dbd0a00000] [id=13040]

Threads with active compile tasks:
C2 CompilerThread0  27826 13756       4       org.gradle.internal.graph.CachingDirectedGraphWalker::doSearch (659 bytes)
C2 CompilerThread1  27826 14158       4       org.gradle.api.internal.artifacts.transform.AttributeMatchingVariantSelector::doSelect (469 bytes)
C2 CompilerThread2  27826 14128   !   4       org.gradle.internal.event.DefaultListenerManager$EventBroadcast$ListenerDispatch::dispatch (55 bytes)

VM state:not at safepoint (normal execution)

VM Mutex/Monitor currently owned by a thread:  ([mutex/lock_event])
[0x000002d499c9a950] MethodCompileQueue_lock - owner thread: 0x0000000000000000

Heap address: 0x0000000080000000, size: 2048 MB, Compressed Oops mode: 32-bit
Narrow klass base: 0x0000000000000000, Narrow klass shift: 3
Compressed class space size: 528482304 Address: 0x0000000100000000

Heap:
 garbage-first heap   total 229376K, used 177456K [0x0000000080000000, 0x0000000100000000)
  region size 1024K, 15 young (15360K), 3 survivors (3072K)
 Metaspace       used 110567K, capacity 114481K, committed 114688K, reserved 616448K
  class space    used 14573K, capacity 16051K, committed 16128K, reserved 516096K
Heap Regions: E=young(eden), S=young(survivor), O=old, HS=humongous(starts), HC=humongous(continues), CS=collection set, F=free, A=archive, TAMS=top-at-mark-start (previous, next)
|   0|0x0000000080000000, 0x0000000080100000, 0x0000000080100000|100%| O|  |TAMS 0x0000000080100000, 0x0000000080000000| Updating 
|   1|0x0000000080100000, 0x0000000080200000, 0x0000000080200000|100%| O|  |TAMS 0x0000000080200000, 0x0000000080100000| Updating 
|   2|0x0000000080200000, 0x0000000080300000, 0x0000000080300000|100%| O|  |TAMS 0x0000000080300000, 0x0000000080200000| Updating 
|   3|0x0000000080300000, 0x0000000080400000, 0x0000000080400000|100%|HS|  |TAMS 0x0000000080400000, 0x0000000080300000| Complete 
|   4|0x0000000080400000, 0x0000000080500000, 0x0000000080500000|100%|HC|  |TAMS 0x0000000080500000, 0x0000000080400000| Complete 
|   5|0x0000000080500000, 0x0000000080600000, 0x0000000080600000|100%|HC|  |TAMS 0x0000000080600000, 0x0000000080500000| Complete 
|   6|0x0000000080600000, 0x0000000080700000, 0x0000000080700000|100%| O|  |TAMS 0x0000000080700000, 0x0000000080600000| Updating 
|   7|0x0000000080700000, 0x0000000080800000, 0x0000000080800000|100%| O|  |TAMS 0x0000000080800000, 0x0000000080700000| Updating 
|   8|0x0000000080800000, 0x0000000080900000, 0x0000000080900000|100%| O|  |TAMS 0x0000000080900000, 0x0000000080800000| Updating 
|   9|0x0000000080900000, 0x0000000080a00000, 0x0000000080a00000|100%| O|  |TAMS 0x0000000080a00000, 0x0000000080900000| Updating 
|  10|0x0000000080a00000, 0x0000000080b00000, 0x0000000080b00000|100%| O|  |TAMS 0x0000000080b00000, 0x0000000080a00000| Updating 
|  11|0x0000000080b00000, 0x0000000080c00000, 0x0000000080c00000|100%| O|  |TAMS 0x0000000080c00000, 0x0000000080b00000| Updating 
|  12|0x0000000080c00000, 0x0000000080d00000, 0x0000000080d00000|100%| O|  |TAMS 0x0000000080d00000, 0x0000000080c00000| Updating 
|  13|0x0000000080d00000, 0x0000000080e00000, 0x0000000080e00000|100%| O|  |TAMS 0x0000000080e00000, 0x0000000080d00000| Updating 
|  14|0x0000000080e00000, 0x0000000080f00000, 0x0000000080f00000|100%| O|  |TAMS 0x0000000080f00000, 0x0000000080e00000| Updating 
|  15|0x0000000080f00000, 0x0000000081000000, 0x0000000081000000|100%| O|  |TAMS 0x0000000081000000, 0x0000000080f00000| Updating 
|  16|0x0000000081000000, 0x0000000081100000, 0x0000000081100000|100%| O|  |TAMS 0x0000000081100000, 0x0000000081000000| Updating 
|  17|0x0000000081100000, 0x0000000081200000, 0x0000000081200000|100%|HS|  |TAMS 0x0000000081200000, 0x0000000081100000| Complete 
|  18|0x0000000081200000, 0x0000000081300000, 0x0000000081300000|100%|HS|  |TAMS 0x0000000081300000, 0x0000000081200000| Complete 
|  19|0x0000000081300000, 0x0000000081400000, 0x0000000081400000|100%|HC|  |TAMS 0x0000000081400000, 0x0000000081300000| Complete 
|  20|0x0000000081400000, 0x0000000081500000, 0x0000000081500000|100%|HC|  |TAMS 0x0000000081500000, 0x0000000081400000| Complete 
|  21|0x0000000081500000, 0x0000000081600000, 0x0000000081600000|100%| O|  |TAMS 0x0000000081600000, 0x0000000081500000| Updating 
|  22|0x0000000081600000, 0x0000000081700000, 0x0000000081700000|100%| O|  |TAMS 0x0000000081700000, 0x0000000081600000| Updating 
|  23|0x0000000081700000, 0x0000000081800000, 0x0000000081800000|100%| O|  |TAMS 0x0000000081800000, 0x0000000081700000| Updating 
|  24|0x0000000081800000, 0x0000000081900000, 0x0000000081900000|100%| O|  |TAMS 0x0000000081900000, 0x0000000081800000| Updating 
|  25|0x0000000081900000, 0x0000000081a00000, 0x0000000081a00000|100%| O|  |TAMS 0x0000000081a00000, 0x0000000081900000| Updating 
|  26|0x0000000081a00000, 0x0000000081b00000, 0x0000000081b00000|100%| O|  |TAMS 0x0000000081b00000, 0x0000000081a00000| Updating 
|  27|0x0000000081b00000, 0x0000000081c00000, 0x0000000081c00000|100%| O|  |TAMS 0x0000000081c00000, 0x0000000081b00000| Updating 
|  28|0x0000000081c00000, 0x0000000081d00000, 0x0000000081d00000|100%| O|  |TAMS 0x0000000081d00000, 0x0000000081c00000| Updating 
|  29|0x0000000081d00000, 0x0000000081e00000, 0x0000000081e00000|100%| O|  |TAMS 0x0000000081e00000, 0x0000000081d00000| Updating 
|  30|0x0000000081e00000, 0x0000000081f00000, 0x0000000081f00000|100%| O|  |TAMS 0x0000000081f00000, 0x0000000081e00000| Updating 
|  31|0x0000000081f00000, 0x0000000082000000, 0x0000000082000000|100%| O|  |TAMS 0x0000000082000000, 0x0000000081f00000| Updating 
|  32|0x0000000082000000, 0x0000000082100000, 0x0000000082100000|100%| O|  |TAMS 0x0000000082100000, 0x0000000082000000| Updating 
|  33|0x0000000082100000, 0x0000000082200000, 0x0000000082200000|100%|HS|  |TAMS 0x0000000082200000, 0x0000000082100000| Complete 
|  34|0x0000000082200000, 0x0000000082300000, 0x0000000082300000|100%|HS|  |TAMS 0x0000000082300000, 0x0000000082200000| Complete 
|  35|0x0000000082300000, 0x0000000082400000, 0x0000000082400000|100%| O|  |TAMS 0x0000000082400000, 0x0000000082300000| Updating 
|  36|0x0000000082400000, 0x0000000082500000, 0x0000000082500000|100%| O|  |TAMS 0x0000000082500000, 0x0000000082400000| Updating 
|  37|0x0000000082500000, 0x0000000082600000, 0x0000000082600000|100%| O|  |TAMS 0x0000000082600000, 0x0000000082500000| Updating 
|  38|0x0000000082600000, 0x0000000082700000, 0x0000000082700000|100%| O|  |TAMS 0x0000000082700000, 0x0000000082600000| Updating 
|  39|0x0000000082700000, 0x0000000082800000, 0x0000000082800000|100%| O|  |TAMS 0x0000000082800000, 0x0000000082700000| Updating 
|  40|0x0000000082800000, 0x0000000082900000, 0x0000000082900000|100%| O|  |TAMS 0x0000000082900000, 0x0000000082800000| Updating 
|  41|0x0000000082900000, 0x0000000082a00000, 0x0000000082a00000|100%| O|  |TAMS 0x0000000082a00000, 0x0000000082900000| Updating 
|  42|0x0000000082a00000, 0x0000000082b00000, 0x0000000082b00000|100%|HS|  |TAMS 0x0000000082b00000, 0x0000000082a00000| Complete 
|  43|0x0000000082b00000, 0x0000000082c00000, 0x0000000082c00000|100%|HC|  |TAMS 0x0000000082c00000, 0x0000000082b00000| Complete 
|  44|0x0000000082c00000, 0x0000000082d00000, 0x0000000082d00000|100%| O|  |TAMS 0x0000000082d00000, 0x0000000082c00000| Updating 
|  45|0x0000000082d00000, 0x0000000082e00000, 0x0000000082e00000|100%| O|  |TAMS 0x0000000082e00000, 0x0000000082d00000| Updating 
|  46|0x0000000082e00000, 0x0000000082f00000, 0x0000000082f00000|100%| O|  |TAMS 0x0000000082f00000, 0x0000000082e00000| Updating 
|  47|0x0000000082f00000, 0x0000000083000000, 0x0000000083000000|100%| O|  |TAMS 0x0000000083000000, 0x0000000082f00000| Updating 
|  48|0x0000000083000000, 0x0000000083100000, 0x0000000083100000|100%| O|  |TAMS 0x0000000083100000, 0x0000000083000000| Updating 
|  49|0x0000000083100000, 0x0000000083200000, 0x0000000083200000|100%| O|  |TAMS 0x0000000083200000, 0x0000000083100000| Updating 
|  50|0x0000000083200000, 0x0000000083300000, 0x0000000083300000|100%| O|  |TAMS 0x0000000083300000, 0x0000000083200000| Updating 
|  51|0x0000000083300000, 0x0000000083400000, 0x0000000083400000|100%| O|  |TAMS 0x0000000083400000, 0x0000000083300000| Updating 
|  52|0x0000000083400000, 0x0000000083500000, 0x0000000083500000|100%| O|  |TAMS 0x0000000083500000, 0x0000000083400000| Updating 
|  53|0x0000000083500000, 0x0000000083600000, 0x0000000083600000|100%| O|  |TAMS 0x0000000083600000, 0x0000000083500000| Updating 
|  54|0x0000000083600000, 0x0000000083700000, 0x0000000083700000|100%| O|  |TAMS 0x0000000083700000, 0x0000000083600000| Updating 
|  55|0x0000000083700000, 0x0000000083800000, 0x0000000083800000|100%| O|  |TAMS 0x0000000083800000, 0x0000000083700000| Updating 
|  56|0x0000000083800000, 0x0000000083900000, 0x0000000083900000|100%| O|  |TAMS 0x0000000083900000, 0x0000000083800000| Updating 
|  57|0x0000000083900000, 0x0000000083a00000, 0x0000000083a00000|100%| O|  |TAMS 0x0000000083a00000, 0x0000000083900000| Updating 
|  58|0x0000000083a00000, 0x0000000083b00000, 0x0000000083b00000|100%| O|  |TAMS 0x0000000083b00000, 0x0000000083a00000| Updating 
|  59|0x0000000083b00000, 0x0000000083c00000, 0x0000000083c00000|100%| O|  |TAMS 0x0000000083c00000, 0x0000000083b00000| Updating 
|  60|0x0000000083c00000, 0x0000000083d00000, 0x0000000083d00000|100%| O|  |TAMS 0x0000000083d00000, 0x0000000083c00000| Updating 
|  61|0x0000000083d00000, 0x0000000083e00000, 0x0000000083e00000|100%| O|  |TAMS 0x0000000083e00000, 0x0000000083d00000| Updating 
|  62|0x0000000083e00000, 0x0000000083f00000, 0x0000000083f00000|100%| O|  |TAMS 0x0000000083f00000, 0x0000000083e00000| Updating 
|  63|0x0000000083f00000, 0x0000000084000000, 0x0000000084000000|100%| O|  |TAMS 0x0000000084000000, 0x0000000083f00000| Updating 
|  64|0x0000000084000000, 0x0000000084100000, 0x0000000084100000|100%| O|  |TAMS 0x0000000084100000, 0x0000000084000000| Updating 
|  65|0x0000000084100000, 0x0000000084200000, 0x0000000084200000|100%| O|  |TAMS 0x0000000084200000, 0x0000000084100000| Updating 
|  66|0x0000000084200000, 0x0000000084300000, 0x0000000084300000|100%| O|  |TAMS 0x0000000084300000, 0x0000000084200000| Updating 
|  67|0x0000000084300000, 0x0000000084400000, 0x0000000084400000|100%| O|  |TAMS 0x0000000084400000, 0x0000000084300000| Updating 
|  68|0x0000000084400000, 0x0000000084500000, 0x0000000084500000|100%| O|  |TAMS 0x0000000084500000, 0x0000000084400000| Updating 
|  69|0x0000000084500000, 0x0000000084600000, 0x0000000084600000|100%| O|  |TAMS 0x0000000084600000, 0x0000000084500000| Updating 
|  70|0x0000000084600000, 0x0000000084700000, 0x0000000084700000|100%|HS|  |TAMS 0x0000000084700000, 0x0000000084600000| Complete 
|  71|0x0000000084700000, 0x0000000084800000, 0x0000000084800000|100%|HS|  |TAMS 0x0000000084800000, 0x0000000084700000| Complete 
|  72|0x0000000084800000, 0x0000000084900000, 0x0000000084900000|100%|HS|  |TAMS 0x0000000084900000, 0x0000000084800000| Complete 
|  73|0x0000000084900000, 0x0000000084a00000, 0x0000000084a00000|100%|HS|  |TAMS 0x0000000084a00000, 0x0000000084900000| Complete 
|  74|0x0000000084a00000, 0x0000000084b00000, 0x0000000084b00000|100%|HC|  |TAMS 0x0000000084b00000, 0x0000000084a00000| Complete 
|  75|0x0000000084b00000, 0x0000000084c00000, 0x0000000084c00000|100%|HC|  |TAMS 0x0000000084c00000, 0x0000000084b00000| Complete 
|  76|0x0000000084c00000, 0x0000000084d00000, 0x0000000084d00000|100%| O|  |TAMS 0x0000000084d00000, 0x0000000084c00000| Updating 
|  77|0x0000000084d00000, 0x0000000084e00000, 0x0000000084e00000|100%| O|  |TAMS 0x0000000084e00000, 0x0000000084d00000| Updating 
|  78|0x0000000084e00000, 0x0000000084f00000, 0x0000000084f00000|100%| O|  |TAMS 0x0000000084f00000, 0x0000000084e00000| Updating 
|  79|0x0000000084f00000, 0x0000000085000000, 0x0000000085000000|100%| O|  |TAMS 0x0000000085000000, 0x0000000084f00000| Updating 
|  80|0x0000000085000000, 0x0000000085100000, 0x0000000085100000|100%| O|  |TAMS 0x0000000085100000, 0x0000000085000000| Updating 
|  81|0x0000000085100000, 0x0000000085200000, 0x0000000085200000|100%| O|  |TAMS 0x0000000085200000, 0x0000000085100000| Updating 
|  82|0x0000000085200000, 0x0000000085300000, 0x0000000085300000|100%| O|  |TAMS 0x0000000085300000, 0x0000000085200000| Updating 
|  83|0x0000000085300000, 0x0000000085400000, 0x0000000085400000|100%| O|  |TAMS 0x0000000085400000, 0x0000000085300000| Updating 
|  84|0x0000000085400000, 0x0000000085500000, 0x0000000085500000|100%|HS|  |TAMS 0x0000000085500000, 0x0000000085400000| Complete 
|  85|0x0000000085500000, 0x0000000085600000, 0x0000000085600000|100%|HC|  |TAMS 0x0000000085600000, 0x0000000085500000| Complete 
|  86|0x0000000085600000, 0x0000000085700000, 0x0000000085700000|100%|HS|  |TAMS 0x0000000085700000, 0x0000000085600000| Complete 
|  87|0x0000000085700000, 0x0000000085800000, 0x0000000085800000|100%|HC|  |TAMS 0x0000000085800000, 0x0000000085700000| Complete 
|  88|0x0000000085800000, 0x0000000085900000, 0x0000000085900000|100%|HC|  |TAMS 0x0000000085900000, 0x0000000085800000| Complete 
|  89|0x0000000085900000, 0x0000000085a00000, 0x0000000085a00000|100%|HC|  |TAMS 0x0000000085a00000, 0x0000000085900000| Complete 
|  90|0x0000000085a00000, 0x0000000085b00000, 0x0000000085b00000|100%|HS|  |TAMS 0x0000000085b00000, 0x0000000085a00000| Complete 
|  91|0x0000000085b00000, 0x0000000085c00000, 0x0000000085c00000|100%|HS|  |TAMS 0x0000000085c00000, 0x0000000085b00000| Complete 
|  92|0x0000000085c00000, 0x0000000085d00000, 0x0000000085d00000|100%|HC|  |TAMS 0x0000000085d00000, 0x0000000085c00000| Complete 
|  93|0x0000000085d00000, 0x0000000085e00000, 0x0000000085e00000|100%|HC|  |TAMS 0x0000000085e00000, 0x0000000085d00000| Complete 
|  94|0x0000000085e00000, 0x0000000085f00000, 0x0000000085f00000|100%| O|  |TAMS 0x0000000085f00000, 0x0000000085e00000| Updating 
|  95|0x0000000085f00000, 0x0000000086000000, 0x0000000086000000|100%| O|  |TAMS 0x0000000086000000, 0x0000000085f00000| Updating 
|  96|0x0000000086000000, 0x0000000086100000, 0x0000000086100000|100%| O|  |TAMS 0x0000000086100000, 0x0000000086000000| Updating 
|  97|0x0000000086100000, 0x0000000086200000, 0x0000000086200000|100%| O|  |TAMS 0x0000000086200000, 0x0000000086100000| Updating 
|  98|0x0000000086200000, 0x0000000086300000, 0x0000000086300000|100%| O|  |TAMS 0x0000000086300000, 0x0000000086200000| Updating 
|  99|0x0000000086300000, 0x0000000086400000, 0x0000000086400000|100%| O|  |TAMS 0x0000000086400000, 0x0000000086300000| Updating 
| 100|0x0000000086400000, 0x0000000086500000, 0x0000000086500000|100%| O|  |TAMS 0x0000000086500000, 0x0000000086400000| Updating 
| 101|0x0000000086500000, 0x0000000086600000, 0x0000000086600000|100%| O|  |TAMS 0x0000000086600000, 0x0000000086500000| Updating 
| 102|0x0000000086600000, 0x0000000086700000, 0x0000000086700000|100%| O|  |TAMS 0x0000000086700000, 0x0000000086600000| Updating 
| 103|0x0000000086700000, 0x0000000086800000, 0x0000000086800000|100%| O|  |TAMS 0x0000000086800000, 0x0000000086700000| Updating 
| 104|0x0000000086800000, 0x0000000086900000, 0x0000000086900000|100%| O|  |TAMS 0x0000000086900000, 0x0000000086800000| Updating 
| 105|0x0000000086900000, 0x0000000086a00000, 0x0000000086a00000|100%| O|  |TAMS 0x0000000086a00000, 0x0000000086900000| Updating 
| 106|0x0000000086a00000, 0x0000000086b00000, 0x0000000086b00000|100%| O|  |TAMS 0x0000000086b00000, 0x0000000086a00000| Updating 
| 107|0x0000000086b00000, 0x0000000086c00000, 0x0000000086c00000|100%| O|  |TAMS 0x0000000086c00000, 0x0000000086b00000| Updating 
| 108|0x0000000086c00000, 0x0000000086d00000, 0x0000000086d00000|100%| O|  |TAMS 0x0000000086d00000, 0x0000000086c00000| Updating 
| 109|0x0000000086d00000, 0x0000000086e00000, 0x0000000086e00000|100%| O|  |TAMS 0x0000000086e00000, 0x0000000086d00000| Updating 
| 110|0x0000000086e00000, 0x0000000086f00000, 0x0000000086f00000|100%| O|  |TAMS 0x0000000086f00000, 0x0000000086e00000| Updating 
| 111|0x0000000086f00000, 0x0000000087000000, 0x0000000087000000|100%| O|  |TAMS 0x0000000087000000, 0x0000000086f00000| Updating 
| 112|0x0000000087000000, 0x0000000087100000, 0x0000000087100000|100%| O|  |TAMS 0x0000000087100000, 0x0000000087000000| Updating 
| 113|0x0000000087100000, 0x0000000087200000, 0x0000000087200000|100%| O|  |TAMS 0x0000000087200000, 0x0000000087100000| Updating 
| 114|0x0000000087200000, 0x0000000087300000, 0x0000000087300000|100%| O|  |TAMS 0x0000000087300000, 0x0000000087200000| Updating 
| 115|0x0000000087300000, 0x0000000087400000, 0x0000000087400000|100%| O|  |TAMS 0x0000000087400000, 0x0000000087300000| Updating 
| 116|0x0000000087400000, 0x0000000087500000, 0x0000000087500000|100%|HS|  |TAMS 0x0000000087500000, 0x0000000087400000| Complete 
| 117|0x0000000087500000, 0x0000000087600000, 0x0000000087600000|100%|HS|  |TAMS 0x0000000087600000, 0x0000000087500000| Complete 
| 118|0x0000000087600000, 0x0000000087700000, 0x0000000087700000|100%|HS|  |TAMS 0x0000000087700000, 0x0000000087600000| Complete 
| 119|0x0000000087700000, 0x0000000087800000, 0x0000000087800000|100%|HC|  |TAMS 0x0000000087800000, 0x0000000087700000| Complete 
| 120|0x0000000087800000, 0x0000000087900000, 0x0000000087900000|100%|HC|  |TAMS 0x0000000087900000, 0x0000000087800000| Complete 
| 121|0x0000000087900000, 0x0000000087a00000, 0x0000000087a00000|100%| O|  |TAMS 0x0000000087a00000, 0x0000000087900000| Updating 
| 122|0x0000000087a00000, 0x0000000087b00000, 0x0000000087b00000|100%| O|  |TAMS 0x0000000087b00000, 0x0000000087a00000| Updating 
| 123|0x0000000087b00000, 0x0000000087c00000, 0x0000000087c00000|100%| O|  |TAMS 0x0000000087c00000, 0x0000000087b00000| Updating 
| 124|0x0000000087c00000, 0x0000000087d00000, 0x0000000087d00000|100%| O|  |TAMS 0x0000000087d00000, 0x0000000087c00000| Updating 
| 125|0x0000000087d00000, 0x0000000087e00000, 0x0000000087e00000|100%| O|  |TAMS 0x0000000087e00000, 0x0000000087d00000| Updating 
| 126|0x0000000087e00000, 0x0000000087f00000, 0x0000000087f00000|100%| O|  |TAMS 0x0000000087f00000, 0x0000000087e00000| Updating 
| 127|0x0000000087f00000, 0x0000000088000000, 0x0000000088000000|100%| O|  |TAMS 0x0000000088000000, 0x0000000087f00000| Updating 
| 128|0x0000000088000000, 0x0000000088100000, 0x0000000088100000|100%| O|  |TAMS 0x0000000088100000, 0x0000000088000000| Updating 
| 129|0x0000000088100000, 0x0000000088200000, 0x0000000088200000|100%| O|  |TAMS 0x0000000088200000, 0x0000000088100000| Updating 
| 130|0x0000000088200000, 0x0000000088300000, 0x0000000088300000|100%| O|  |TAMS 0x0000000088300000, 0x0000000088200000| Updating 
| 131|0x0000000088300000, 0x0000000088400000, 0x0000000088400000|100%| O|  |TAMS 0x0000000088400000, 0x0000000088300000| Updating 
| 132|0x0000000088400000, 0x0000000088500000, 0x0000000088500000|100%| O|  |TAMS 0x0000000088500000, 0x0000000088400000| Updating 
| 133|0x0000000088500000, 0x0000000088600000, 0x0000000088600000|100%| O|  |TAMS 0x0000000088600000, 0x0000000088500000| Updating 
| 134|0x0000000088600000, 0x0000000088700000, 0x0000000088700000|100%| O|  |TAMS 0x0000000088700000, 0x0000000088600000| Updating 
| 135|0x0000000088700000, 0x0000000088800000, 0x0000000088800000|100%| O|  |TAMS 0x0000000088800000, 0x0000000088700000| Updating 
| 136|0x0000000088800000, 0x0000000088900000, 0x0000000088900000|100%| O|  |TAMS 0x0000000088900000, 0x0000000088800000| Updating 
| 137|0x0000000088900000, 0x0000000088a00000, 0x0000000088a00000|100%| O|  |TAMS 0x0000000088a00000, 0x0000000088900000| Updating 
| 138|0x0000000088a00000, 0x0000000088b00000, 0x0000000088b00000|100%| O|  |TAMS 0x0000000088b00000, 0x0000000088a00000| Updating 
| 139|0x0000000088b00000, 0x0000000088c00000, 0x0000000088c00000|100%| O|  |TAMS 0x0000000088c00000, 0x0000000088b00000| Updating 
| 140|0x0000000088c00000, 0x0000000088d00000, 0x0000000088d00000|100%| O|  |TAMS 0x0000000088d00000, 0x0000000088c00000| Updating 
| 141|0x0000000088d00000, 0x0000000088e00000, 0x0000000088e00000|100%| O|  |TAMS 0x0000000088e00000, 0x0000000088d00000| Updating 
| 142|0x0000000088e00000, 0x0000000088f00000, 0x0000000088f00000|100%| O|  |TAMS 0x0000000088f00000, 0x0000000088e00000| Updating 
| 143|0x0000000088f00000, 0x0000000089000000, 0x0000000089000000|100%| O|  |TAMS 0x0000000089000000, 0x0000000088f00000| Updating 
| 144|0x0000000089000000, 0x0000000089100000, 0x0000000089100000|100%| O|  |TAMS 0x0000000089100000, 0x0000000089000000| Updating 
| 145|0x0000000089100000, 0x0000000089200000, 0x0000000089200000|100%| O|  |TAMS 0x0000000089200000, 0x0000000089100000| Updating 
| 146|0x0000000089200000, 0x0000000089300000, 0x0000000089300000|100%| O|  |TAMS 0x0000000089300000, 0x0000000089200000| Updating 
| 147|0x0000000089300000, 0x0000000089400000, 0x0000000089400000|100%| O|  |TAMS 0x0000000089400000, 0x0000000089300000| Updating 
| 148|0x0000000089400000, 0x0000000089500000, 0x0000000089500000|100%| O|  |TAMS 0x0000000089500000, 0x0000000089400000| Updating 
| 149|0x0000000089500000, 0x0000000089600000, 0x0000000089600000|100%| O|  |TAMS 0x0000000089600000, 0x0000000089500000| Updating 
| 150|0x0000000089600000, 0x0000000089700000, 0x0000000089700000|100%| O|  |TAMS 0x0000000089700000, 0x0000000089600000| Updating 
| 151|0x0000000089700000, 0x0000000089800000, 0x0000000089800000|100%| O|  |TAMS 0x0000000089800000, 0x0000000089700000| Updating 
| 152|0x0000000089800000, 0x0000000089900000, 0x0000000089900000|100%| O|  |TAMS 0x0000000089900000, 0x0000000089800000| Updating 
| 153|0x0000000089900000, 0x0000000089a00000, 0x0000000089a00000|100%| O|  |TAMS 0x0000000089a00000, 0x0000000089900000| Updating 
| 154|0x0000000089a00000, 0x0000000089b00000, 0x0000000089b00000|100%| O|  |TAMS 0x0000000089b00000, 0x0000000089a00000| Updating 
| 155|0x0000000089b00000, 0x0000000089c00000, 0x0000000089c00000|100%| O|  |TAMS 0x0000000089c00000, 0x0000000089b00000| Updating 
| 156|0x0000000089c00000, 0x0000000089d00000, 0x0000000089d00000|100%| O|  |TAMS 0x0000000089d00000, 0x0000000089c00000| Updating 
| 157|0x0000000089d00000, 0x0000000089e00000, 0x0000000089e00000|100%| O|  |TAMS 0x0000000089e00000, 0x0000000089d00000| Updating 
| 158|0x0000000089e00000, 0x0000000089f00000, 0x0000000089f00000|100%| O|  |TAMS 0x0000000089f00000, 0x0000000089e00000| Updating 
| 159|0x0000000089f00000, 0x000000008a000000, 0x000000008a000000|100%| O|  |TAMS 0x000000008a000000, 0x0000000089f00000| Updating 
| 160|0x000000008a000000, 0x000000008a100000, 0x000000008a100000|100%| O|  |TAMS 0x000000008a100000, 0x000000008a000000| Updating 
| 161|0x000000008a100000, 0x000000008a1f2000, 0x000000008a200000| 94%| O|  |TAMS 0x000000008a1f2000, 0x000000008a100000| Updating 
| 162|0x000000008a200000, 0x000000008a200000, 0x000000008a300000|  0%| F|  |TAMS 0x000000008a200000, 0x000000008a200000| Untracked 
| 163|0x000000008a300000, 0x000000008a300000, 0x000000008a400000|  0%| F|  |TAMS 0x000000008a300000, 0x000000008a300000| Untracked 
| 164|0x000000008a400000, 0x000000008a400000, 0x000000008a500000|  0%| F|  |TAMS 0x000000008a400000, 0x000000008a400000| Untracked 
| 165|0x000000008a500000, 0x000000008a500000, 0x000000008a600000|  0%| F|  |TAMS 0x000000008a500000, 0x000000008a500000| Untracked 
| 166|0x000000008a600000, 0x000000008a600000, 0x000000008a700000|  0%| F|  |TAMS 0x000000008a600000, 0x000000008a600000| Untracked 
| 167|0x000000008a700000, 0x000000008a700000, 0x000000008a800000|  0%| F|  |TAMS 0x000000008a700000, 0x000000008a700000| Untracked 
| 168|0x000000008a800000, 0x000000008a800000, 0x000000008a900000|  0%| F|  |TAMS 0x000000008a800000, 0x000000008a800000| Untracked 
| 169|0x000000008a900000, 0x000000008a900000, 0x000000008aa00000|  0%| F|  |TAMS 0x000000008a900000, 0x000000008a900000| Untracked 
| 170|0x000000008aa00000, 0x000000008aa00000, 0x000000008ab00000|  0%| F|  |TAMS 0x000000008aa00000, 0x000000008aa00000| Untracked 
| 171|0x000000008ab00000, 0x000000008ab00000, 0x000000008ac00000|  0%| F|  |TAMS 0x000000008ab00000, 0x000000008ab00000| Untracked 
| 172|0x000000008ac00000, 0x000000008ac00000, 0x000000008ad00000|  0%| F|  |TAMS 0x000000008ac00000, 0x000000008ac00000| Untracked 
| 173|0x000000008ad00000, 0x000000008ad00000, 0x000000008ae00000|  0%| F|  |TAMS 0x000000008ad00000, 0x000000008ad00000| Untracked 
| 174|0x000000008ae00000, 0x000000008ae00000, 0x000000008af00000|  0%| F|  |TAMS 0x000000008ae00000, 0x000000008ae00000| Untracked 
| 175|0x000000008af00000, 0x000000008af00000, 0x000000008b000000|  0%| F|  |TAMS 0x000000008af00000, 0x000000008af00000| Untracked 
| 176|0x000000008b000000, 0x000000008b000000, 0x000000008b100000|  0%| F|  |TAMS 0x000000008b000000, 0x000000008b000000| Untracked 
| 177|0x000000008b100000, 0x000000008b100000, 0x000000008b200000|  0%| F|  |TAMS 0x000000008b100000, 0x000000008b100000| Untracked 
| 178|0x000000008b200000, 0x000000008b200000, 0x000000008b300000|  0%| F|  |TAMS 0x000000008b200000, 0x000000008b200000| Untracked 
| 179|0x000000008b300000, 0x000000008b300000, 0x000000008b400000|  0%| F|  |TAMS 0x000000008b300000, 0x000000008b300000| Untracked 
| 180|0x000000008b400000, 0x000000008b400000, 0x000000008b500000|  0%| F|  |TAMS 0x000000008b400000, 0x000000008b400000| Untracked 
| 181|0x000000008b500000, 0x000000008b500000, 0x000000008b600000|  0%| F|  |TAMS 0x000000008b500000, 0x000000008b500000| Untracked 
| 182|0x000000008b600000, 0x000000008b600000, 0x000000008b700000|  0%| F|  |TAMS 0x000000008b600000, 0x000000008b600000| Untracked 
| 183|0x000000008b700000, 0x000000008b700000, 0x000000008b800000|  0%| F|  |TAMS 0x000000008b700000, 0x000000008b700000| Untracked 
| 184|0x000000008b800000, 0x000000008b800000, 0x000000008b900000|  0%| F|  |TAMS 0x000000008b800000, 0x000000008b800000| Untracked 
| 185|0x000000008b900000, 0x000000008b900000, 0x000000008ba00000|  0%| F|  |TAMS 0x000000008b900000, 0x000000008b900000| Untracked 
| 186|0x000000008ba00000, 0x000000008ba00000, 0x000000008bb00000|  0%| F|  |TAMS 0x000000008ba00000, 0x000000008ba00000| Untracked 
| 187|0x000000008bb00000, 0x000000008bb00000, 0x000000008bc00000|  0%| F|  |TAMS 0x000000008bb00000, 0x000000008bb00000| Untracked 
| 188|0x000000008bc00000, 0x000000008bc00000, 0x000000008bd00000|  0%| F|  |TAMS 0x000000008bc00000, 0x000000008bc00000| Untracked 
| 189|0x000000008bd00000, 0x000000008bd5a390, 0x000000008be00000| 35%| S|CS|TAMS 0x000000008bd00000, 0x000000008bd00000| Complete 
| 190|0x000000008be00000, 0x000000008bf00000, 0x000000008bf00000|100%| S|CS|TAMS 0x000000008be00000, 0x000000008be00000| Complete 
| 191|0x000000008bf00000, 0x000000008bf00000, 0x000000008c000000|  0%| F|  |TAMS 0x000000008bf00000, 0x000000008bf00000| Untracked 
| 192|0x000000008c000000, 0x000000008c000000, 0x000000008c100000|  0%| F|  |TAMS 0x000000008c000000, 0x000000008c000000| Untracked 
| 193|0x000000008c100000, 0x000000008c200000, 0x000000008c200000|100%| S|CS|TAMS 0x000000008c100000, 0x000000008c100000| Complete 
| 194|0x000000008c200000, 0x000000008c200000, 0x000000008c300000|  0%| F|  |TAMS 0x000000008c200000, 0x000000008c200000| Untracked 
| 195|0x000000008c300000, 0x000000008c300000, 0x000000008c400000|  0%| F|  |TAMS 0x000000008c300000, 0x000000008c300000| Untracked 
| 196|0x000000008c400000, 0x000000008c400000, 0x000000008c500000|  0%| F|  |TAMS 0x000000008c400000, 0x000000008c400000| Untracked 
| 197|0x000000008c500000, 0x000000008c500000, 0x000000008c600000|  0%| F|  |TAMS 0x000000008c500000, 0x000000008c500000| Untracked 
| 198|0x000000008c600000, 0x000000008c600000, 0x000000008c700000|  0%| F|  |TAMS 0x000000008c600000, 0x000000008c600000| Untracked 
| 199|0x000000008c700000, 0x000000008c700000, 0x000000008c800000|  0%| F|  |TAMS 0x000000008c700000, 0x000000008c700000| Untracked 
| 200|0x000000008c800000, 0x000000008c800000, 0x000000008c900000|  0%| F|  |TAMS 0x000000008c800000, 0x000000008c800000| Untracked 
| 201|0x000000008c900000, 0x000000008c900000, 0x000000008ca00000|  0%| F|  |TAMS 0x000000008c900000, 0x000000008c900000| Untracked 
| 202|0x000000008ca00000, 0x000000008ca00000, 0x000000008cb00000|  0%| F|  |TAMS 0x000000008ca00000, 0x000000008ca00000| Untracked 
| 203|0x000000008cb00000, 0x000000008cb00000, 0x000000008cc00000|  0%| F|  |TAMS 0x000000008cb00000, 0x000000008cb00000| Untracked 
| 204|0x000000008cc00000, 0x000000008cc00000, 0x000000008cd00000|  0%| F|  |TAMS 0x000000008cc00000, 0x000000008cc00000| Untracked 
| 205|0x000000008cd00000, 0x000000008cd00000, 0x000000008ce00000|  0%| F|  |TAMS 0x000000008cd00000, 0x000000008cd00000| Untracked 
| 206|0x000000008ce00000, 0x000000008ce00000, 0x000000008cf00000|  0%| F|  |TAMS 0x000000008ce00000, 0x000000008ce00000| Untracked 
| 207|0x000000008cf00000, 0x000000008cf00000, 0x000000008d000000|  0%| F|  |TAMS 0x000000008cf00000, 0x000000008cf00000| Untracked 
| 208|0x000000008d000000, 0x000000008d000000, 0x000000008d100000|  0%| F|  |TAMS 0x000000008d000000, 0x000000008d000000| Untracked 
| 209|0x000000008d100000, 0x000000008d100000, 0x000000008d200000|  0%| F|  |TAMS 0x000000008d100000, 0x000000008d100000| Untracked 
| 210|0x000000008d200000, 0x000000008d200000, 0x000000008d300000|  0%| F|  |TAMS 0x000000008d200000, 0x000000008d200000| Untracked 
| 211|0x000000008d300000, 0x000000008d300000, 0x000000008d400000|  0%| F|  |TAMS 0x000000008d300000, 0x000000008d300000| Untracked 
| 212|0x000000008d400000, 0x000000008d455170, 0x000000008d500000| 33%| E|  |TAMS 0x000000008d400000, 0x000000008d400000| Complete 
| 213|0x000000008d500000, 0x000000008d600000, 0x000000008d600000|100%| E|CS|TAMS 0x000000008d500000, 0x000000008d500000| Complete 
| 214|0x000000008d600000, 0x000000008d700000, 0x000000008d700000|100%| E|  |TAMS 0x000000008d600000, 0x000000008d600000| Complete 
| 215|0x000000008d700000, 0x000000008d800000, 0x000000008d800000|100%| E|CS|TAMS 0x000000008d700000, 0x000000008d700000| Complete 
| 216|0x000000008d800000, 0x000000008d900000, 0x000000008d900000|100%| E|CS|TAMS 0x000000008d800000, 0x000000008d800000| Complete 
| 217|0x000000008d900000, 0x000000008da00000, 0x000000008da00000|100%| E|CS|TAMS 0x000000008d900000, 0x000000008d900000| Complete 
| 218|0x000000008da00000, 0x000000008db00000, 0x000000008db00000|100%| E|CS|TAMS 0x000000008da00000, 0x000000008da00000| Complete 
| 219|0x000000008db00000, 0x000000008dc00000, 0x000000008dc00000|100%| E|CS|TAMS 0x000000008db00000, 0x000000008db00000| Complete 
| 220|0x000000008dc00000, 0x000000008dd00000, 0x000000008dd00000|100%| E|CS|TAMS 0x000000008dc00000, 0x000000008dc00000| Complete 
| 221|0x000000008dd00000, 0x000000008de00000, 0x000000008de00000|100%| E|CS|TAMS 0x000000008dd00000, 0x000000008dd00000| Complete 
| 222|0x000000008de00000, 0x000000008df00000, 0x000000008df00000|100%| E|CS|TAMS 0x000000008de00000, 0x000000008de00000| Complete 
| 223|0x000000008df00000, 0x000000008e000000, 0x000000008e000000|100%| E|CS|TAMS 0x000000008df00000, 0x000000008df00000| Complete 

Card table byte_map: [0x000002d4b1a70000,0x000002d4b1e70000] _byte_map_base: 0x000002d4b1670000

Marking Bits (Prev, Next): (CMBitMap*) 0x000002d499cddf50, (CMBitMap*) 0x000002d499cddf18
 Prev Bits: [0x000002d4b4270000, 0x000002d4b6270000)
 Next Bits: [0x000002d4b2270000, 0x000002d4b4270000)

Polling page: 0x000002d497cb0000

Metaspace:

Usage:
  Non-class:     96.12 MB capacity,    93.74 MB ( 98%) used,     2.05 MB (  2%) free+waste,   337.13 KB ( <1%) overhead. 
      Class:     15.67 MB capacity,    14.23 MB ( 91%) used,     1.29 MB (  8%) free+waste,   155.56 KB ( <1%) overhead. 
       Both:    111.80 MB capacity,   107.98 MB ( 97%) used,     3.34 MB (  3%) free+waste,   492.69 KB ( <1%) overhead. 

Virtual space:
  Non-class space:       98.00 MB reserved,      96.25 MB ( 98%) committed 
      Class space:      504.00 MB reserved,      15.75 MB (  3%) committed 
             Both:      602.00 MB reserved,     112.00 MB ( 19%) committed 

Chunk freelists:
   Non-Class:  256 bytes
       Class:  0 bytes
        Both:  256 bytes

CodeHeap 'non-profiled nmethods': size=120000Kb used=8110Kb max_used=8110Kb free=111889Kb
 bounds [0x000002d4a9bf0000, 0x000002d4aa3e0000, 0x000002d4b1120000]
CodeHeap 'profiled nmethods': size=120000Kb used=27188Kb max_used=27188Kb free=92811Kb
 bounds [0x000002d4a26c0000, 0x000002d4a4170000, 0x000002d4a9bf0000]
CodeHeap 'non-nmethods': size=5760Kb used=2313Kb max_used=2368Kb free=3446Kb
 bounds [0x000002d4a2120000, 0x000002d4a2390000, 0x000002d4a26c0000]
 total_blobs=13548 nmethods=12626 adapters=833
 compilation: enabled
              stopped_count=0, restarted_count=0
 full_count=0

Compilation events (10 events):
Event: 27.761 Thread 0x000002d4b9778000 nmethod 14182 0x000002d4a4152b10 code [0x000002d4a4152d40, 0x000002d4a41535e0]
Event: 27.762 Thread 0x000002d4b9778000 14183       1       org.gradle.internal.fingerprint.impl.AbstractFingerprintingStrategy::getConfigurationHash (5 bytes)
Event: 27.762 Thread 0x000002d4b9778000 nmethod 14183 0x000002d4aa3d9010 code [0x000002d4aa3d91a0, 0x000002d4aa3d92b8]
Event: 27.765 Thread 0x000002d4b9778000 14184       3       org.gradle.internal.operations.DefaultBuildOperationExecutor::call (11 bytes)
Event: 27.765 Thread 0x000002d4b9778000 nmethod 14184 0x000002d4a4153810 code [0x000002d4a41539c0, 0x000002d4a4153bf0]
Event: 27.765 Thread 0x000002d4b9778000 14185       3       java.util.HashMap::getOrDefault (23 bytes)
Event: 27.774 Thread 0x000002d4b9778000 nmethod 14185 0x000002d4a4153c90 code [0x000002d4a4153e60, 0x000002d4a4154200]
Event: 27.774 Thread 0x000002d4b9778000 14186       3       org.gradle.execution.plan.DefaultExecutionPlan::releaseLocks (36 bytes)
Event: 27.779 Thread 0x000002d4b9778000 nmethod 14186 0x000002d4a4154390 code [0x000002d4a4154580, 0x000002d4a4154bc0]
Event: 27.779 Thread 0x000002d4b9778000 14187       2       java.util.concurrent.ConcurrentHashMap::get (162 bytes)

GC Heap History (10 events):
Event: 26.561 GC heap before
{Heap before GC invocations=24 (full 0):
 garbage-first heap   total 229376K, used 189711K [0x0000000080000000, 0x0000000100000000)
  region size 1024K, 46 young (47104K), 5 survivors (5120K)
 Metaspace       used 107030K, capacity 110819K, committed 110848K, reserved 612352K
  class space    used 14161K, capacity 15598K, committed 15616K, reserved 516096K
}
Event: 26.569 GC heap after
{Heap after GC invocations=25 (full 0):
 garbage-first heap   total 229376K, used 154531K [0x0000000080000000, 0x0000000100000000)
  region size 1024K, 6 young (6144K), 6 survivors (6144K)
 Metaspace       used 107030K, capacity 110819K, committed 110848K, reserved 612352K
  class space    used 14161K, capacity 15598K, committed 15616K, reserved 516096K
}
Event: 26.856 GC heap before
{Heap before GC invocations=26 (full 0):
 garbage-first heap   total 229376K, used 191395K [0x0000000080000000, 0x0000000100000000)
  region size 1024K, 42 young (43008K), 6 survivors (6144K)
 Metaspace       used 107279K, capacity 111081K, committed 111104K, reserved 612352K
  class space    used 14173K, capacity 15599K, committed 15616K, reserved 516096K
}
Event: 26.862 GC heap after
{Heap after GC invocations=27 (full 0):
 garbage-first heap   total 229376K, used 159257K [0x0000000080000000, 0x0000000100000000)
  region size 1024K, 5 young (5120K), 5 survivors (5120K)
 Metaspace       used 107279K, capacity 111081K, committed 111104K, reserved 612352K
  class space    used 14173K, capacity 15599K, committed 15616K, reserved 516096K
}
Event: 27.180 GC heap before
{Heap before GC invocations=27 (full 0):
 garbage-first heap   total 229376K, used 193049K [0x0000000080000000, 0x0000000100000000)
  region size 1024K, 38 young (38912K), 5 survivors (5120K)
 Metaspace       used 108623K, capacity 112404K, committed 112512K, reserved 614400K
  class space    used 14307K, capacity 15735K, committed 15744K, reserved 516096K
}
Event: 27.185 GC heap after
{Heap after GC invocations=28 (full 0):
 garbage-first heap   total 229376K, used 162665K [0x0000000080000000, 0x0000000100000000)
  region size 1024K, 4 young (4096K), 4 survivors (4096K)
 Metaspace       used 108623K, capacity 112404K, committed 112512K, reserved 614400K
  class space    used 14307K, capacity 15735K, committed 15744K, reserved 516096K
}
Event: 27.485 GC heap before
{Heap before GC invocations=29 (full 0):
 garbage-first heap   total 229376K, used 194409K [0x0000000080000000, 0x0000000100000000)
  region size 1024K, 35 young (35840K), 4 survivors (4096K)
 Metaspace       used 109797K, capacity 113587K, committed 113792K, reserved 614400K
  class space    used 14447K, capacity 15907K, committed 16000K, reserved 516096K
}
Event: 27.490 GC heap after
{Heap after GC invocations=30 (full 0):
 garbage-first heap   total 229376K, used 165743K [0x0000000080000000, 0x0000000100000000)
  region size 1024K, 3 young (3072K), 3 survivors (3072K)
 Metaspace       used 109797K, capacity 113587K, committed 113792K, reserved 614400K
  class space    used 14447K, capacity 15907K, committed 16000K, reserved 516096K
}
Event: 27.649 GC heap before
{Heap before GC invocations=30 (full 0):
 garbage-first heap   total 229376K, used 196463K [0x0000000080000000, 0x0000000100000000)
  region size 1024K, 33 young (33792K), 3 survivors (3072K)
 Metaspace       used 110422K, capacity 114280K, committed 114432K, reserved 614400K
  class space    used 14554K, capacity 16026K, committed 16128K, reserved 516096K
}
Event: 27.655 GC heap after
{Heap after GC invocations=31 (full 0):
 garbage-first heap   total 229376K, used 168240K [0x0000000080000000, 0x0000000100000000)
  region size 1024K, 3 young (3072K), 3 survivors (3072K)
 Metaspace       used 110422K, capacity 114280K, committed 114432K, reserved 614400K
  class space    used 14554K, capacity 16026K, committed 16128K, reserved 516096K
}

Deoptimization events (10 events):
Event: 27.663 Thread 0x000002d4c07a7000 Uncommon trap: reason=class_check action=maybe_recompile pc=0x000002d4a9fdbea4 method=java.util.concurrent.ConcurrentHashMap.get(Ljava/lang/Object;)Ljava/lang/Object; @ 93 c2
Event: 27.669 Thread 0x000002d4bc20a000 Uncommon trap: reason=unstable_if action=reinterpret pc=0x000002d4aa09d880 method=com.esotericsoftware.kryo.io.Input.readVarLong(Z)J @ 152 c2
Event: 27.680 Thread 0x000002d4c07a7000 Uncommon trap: reason=unstable_if action=reinterpret pc=0x000002d4a9daa7c0 method=java.util.concurrent.ConcurrentHashMap.computeIfAbsent(Ljava/lang/Object;Ljava/util/function/Function;)Ljava/lang/Object; @ 279 c2
Event: 27.682 Thread 0x000002d4bdd19000 Uncommon trap: reason=class_check action=maybe_recompile pc=0x000002d4a9fe3b2c method=org.gradle.internal.snapshot.SnapshotUtil$1.handleAsDescendantOfChild(Lorg/gradle/internal/snapshot/VfsRelativePath;Ljava/lang/Object;)Ljava/lang/Object; @ 3 c2
Event: 27.682 Thread 0x000002d4c08d6000 Uncommon trap: reason=class_check action=maybe_recompile pc=0x000002d4a9fe3b2c method=org.gradle.internal.snapshot.SnapshotUtil$1.handleAsDescendantOfChild(Lorg/gradle/internal/snapshot/VfsRelativePath;Ljava/lang/Object;)Ljava/lang/Object; @ 3 c2
Event: 27.682 Thread 0x000002d4bc28f000 Uncommon trap: reason=class_check action=maybe_recompile pc=0x000002d4a9fe3b2c method=org.gradle.internal.snapshot.SnapshotUtil$1.handleAsDescendantOfChild(Lorg/gradle/internal/snapshot/VfsRelativePath;Ljava/lang/Object;)Ljava/lang/Object; @ 3 c2
Event: 27.683 Thread 0x000002d4c0bbf800 Uncommon trap: reason=class_check action=maybe_recompile pc=0x000002d4a9fe3b2c method=org.gradle.internal.snapshot.SnapshotUtil$1.handleAsDescendantOfChild(Lorg/gradle/internal/snapshot/VfsRelativePath;Ljava/lang/Object;)Ljava/lang/Object; @ 3 c2
Event: 27.720 Thread 0x000002d4bd820000 Uncommon trap: reason=class_check action=maybe_recompile pc=0x000002d4a9fdbea4 method=java.util.concurrent.ConcurrentHashMap.get(Ljava/lang/Object;)Ljava/lang/Object; @ 93 c2
Event: 27.731 Thread 0x000002d4c0bbf000 Uncommon trap: reason=class_check action=maybe_recompile pc=0x000002d4a9fdbea4 method=java.util.concurrent.ConcurrentHashMap.get(Ljava/lang/Object;)Ljava/lang/Object; @ 93 c2
Event: 27.749 Thread 0x000002d4c07a4000 Uncommon trap: reason=class_check action=maybe_recompile pc=0x000002d4a9fdbea4 method=java.util.concurrent.ConcurrentHashMap.get(Ljava/lang/Object;)Ljava/lang/Object; @ 93 c2

Classes redefined (0 events):
No events

Internal exceptions (10 events):
Event: 26.726 Thread 0x000002d4baa33800 Exception <a 'sun/nio/fs/WindowsException'{0x000000008ce8d778}> (0x000000008ce8d778) thrown at [./open/src/hotspot/share/prims/jni.cpp, line 611]
Event: 26.726 Thread 0x000002d4baa33800 Exception <a 'sun/nio/fs/WindowsException'{0x000000008ce8eb40}> (0x000000008ce8eb40) thrown at [./open/src/hotspot/share/prims/jni.cpp, line 611]
Event: 26.727 Thread 0x000002d4baa33800 Exception <a 'sun/nio/fs/WindowsException'{0x000000008ce8ff08}> (0x000000008ce8ff08) thrown at [./open/src/hotspot/share/prims/jni.cpp, line 611]
Event: 27.619 Thread 0x000002d4c07a7000 Exception <a 'java/lang/NoSuchMethodError'{0x000000008c52d880}: java.lang.invoke.DirectMethodHandle$Holder.invokeStatic(Ljava/lang/Object;Ljava/lang/Object;Ljava/lang/Object;Ljava/lang/Object;ILjava/lang/Object;Ljava/lang/Object;)V> (0x000000008c52d880) t
Event: 27.645 Thread 0x000002d4bc28f000 Exception <a 'java/lang/NoSuchMethodError'{0x000000008c2169c8}: java.lang.invoke.DirectMethodHandle$Holder.invokeSpecialIFC(Ljava/lang/Object;Ljava/lang/Object;Ljava/lang/Object;)Ljava/lang/Object;> (0x000000008c2169c8) thrown at [./open/src/hotspot/share
Event: 27.646 Thread 0x000002d4c07a7000 Exception <a 'java/lang/NoSuchMethodError'{0x000000008c21d1b0}: java.lang.invoke.DirectMethodHandle$Holder.invokeSpecialIFC(Ljava/lang/Object;Ljava/lang/Object;Ljava/lang/Object;)Ljava/lang/Object;> (0x000000008c21d1b0) thrown at [./open/src/hotspot/share
Event: 27.646 Thread 0x000002d4bdd19000 Exception <a 'java/lang/NoSuchMethodError'{0x000000008c210ab0}: java.lang.invoke.DirectMethodHandle$Holder.invokeSpecialIFC(Ljava/lang/Object;Ljava/lang/Object;Ljava/lang/Object;)Ljava/lang/Object;> (0x000000008c210ab0) thrown at [./open/src/hotspot/share
Event: 27.645 Thread 0x000002d4bc298000 Exception <a 'java/lang/NoSuchMethodError'{0x000000008c21d780}: java.lang.invoke.DirectMethodHandle$Holder.invokeSpecialIFC(Ljava/lang/Object;Ljava/lang/Object;Ljava/lang/Object;)Ljava/lang/Object;> (0x000000008c21d780) thrown at [./open/src/hotspot/share
Event: 27.646 Thread 0x000002d4bdd17000 Exception <a 'java/lang/NoSuchMethodError'{0x000000008c21c2d0}: java.lang.invoke.DirectMethodHandle$Holder.invokeSpecialIFC(Ljava/lang/Object;Ljava/lang/Object;Ljava/lang/Object;)Ljava/lang/Object;> (0x000000008c21c2d0) thrown at [./open/src/hotspot/share
Event: 27.646 Thread 0x000002d4baa86000 Exception <a 'java/lang/NoSuchMethodError'{0x000000008c215228}: java.lang.invoke.DirectMethodHandle$Holder.invokeSpecialIFC(Ljava/lang/Object;Ljava/lang/Object;Ljava/lang/Object;)Ljava/lang/Object;> (0x000000008c215228) thrown at [./open/src/hotspot/share

Events (10 events):
Event: 27.766 Executing VM operation: RevokeBias done
Event: 27.766 Executing VM operation: CGC_Operation
Event: 27.766 Thread 0x000002d4bdd17000 DEOPT PACKING pc=0x000002d4a3daa3a4 sp=0x000000dbdb6fcd20
Event: 27.766 Thread 0x000002d4bdd17000 DEOPT UNPACKING pc=0x000002d4a2148d4e sp=0x000000dbdb6fc2c0 mode 0
Event: 27.774 Executing VM operation: CGC_Operation done
Event: 27.776 Executing VM operation: RevokeBias
Event: 27.776 Executing VM operation: RevokeBias done
Event: 27.777 Executing VM operation: RevokeBias
Event: 27.778 Executing VM operation: RevokeBias done
Event: 27.778 Executing VM operation: RevokeBias


Dynamic libraries:
0x00007ff75ba40000 - 0x00007ff75ba4f000 	C:\Program Files\Java\jdk-11.0.9\bin\java.exe
0x00007ff9a5150000 - 0x00007ff9a5348000 	C:\WINDOWS\SYSTEM32\ntdll.dll
0x00007ff9a4f70000 - 0x00007ff9a502d000 	C:\WINDOWS\System32\KERNEL32.DLL
0x00007ff9a2bc0000 - 0x00007ff9a2eb6000 	C:\WINDOWS\System32\KERNELBASE.dll
0x00007ff9a2a00000 - 0x00007ff9a2b00000 	C:\WINDOWS\System32\ucrtbase.dll
0x00007ff973440000 - 0x00007ff973455000 	C:\Program Files\Java\jdk-11.0.9\bin\VCRUNTIME140.dll
0x00007ff976a80000 - 0x00007ff976a98000 	C:\Program Files\Java\jdk-11.0.9\bin\jli.dll
0x00007ff9a4570000 - 0x00007ff9a461e000 	C:\WINDOWS\System32\ADVAPI32.dll
0x00007ff9a3be0000 - 0x00007ff9a3c7e000 	C:\WINDOWS\System32\msvcrt.dll
0x00007ff9a3b40000 - 0x00007ff9a3bdc000 	C:\WINDOWS\System32\sechost.dll
0x00007ff9a4440000 - 0x00007ff9a4566000 	C:\WINDOWS\System32\RPCRT4.dll
0x00007ff9a3c80000 - 0x00007ff9a3e1e000 	C:\WINDOWS\System32\USER32.dll
0x00007ff9a1bb0000 - 0x00007ff9a1e4a000 	C:\WINDOWS\WinSxS\amd64_microsoft.windows.common-controls_6595b64144ccf1df_6.0.19041.1110_none_60b5254171f9507e\COMCTL32.dll
0x00007ff9a2b90000 - 0x00007ff9a2bb2000 	C:\WINDOWS\System32\win32u.dll
0x00007ff9a32e0000 - 0x00007ff9a330c000 	C:\WINDOWS\System32\GDI32.dll
0x00007ff9a3090000 - 0x00007ff9a31aa000 	C:\WINDOWS\System32\gdi32full.dll
0x00007ff9a2830000 - 0x00007ff9a28cd000 	C:\WINDOWS\System32\msvcp_win.dll
0x00007ff997990000 - 0x00007ff99799a000 	C:\WINDOWS\SYSTEM32\VERSION.dll
0x00007ff9a4860000 - 0x00007ff9a4890000 	C:\WINDOWS\System32\IMM32.DLL
0x00007ff95f4b0000 - 0x00007ff95f54b000 	C:\Program Files\Java\jdk-11.0.9\bin\msvcp140.dll
0x00007ff93d1f0000 - 0x00007ff93dce7000 	C:\Program Files\Java\jdk-11.0.9\bin\server\jvm.dll
0x00007ff9a5100000 - 0x00007ff9a5108000 	C:\WINDOWS\System32\PSAPI.DLL
0x00007ff9979a0000 - 0x00007ff9979c7000 	C:\WINDOWS\SYSTEM32\WINMM.dll
0x00007ff976a70000 - 0x00007ff976a79000 	C:\WINDOWS\SYSTEM32\WSOCK32.dll
0x00007ff9a4890000 - 0x00007ff9a48fb000 	C:\WINDOWS\System32\WS2_32.dll
0x00007ff99f8e0000 - 0x00007ff99f8f2000 	C:\WINDOWS\SYSTEM32\kernel.appcore.dll
0x00007ff975240000 - 0x00007ff975250000 	C:\Program Files\Java\jdk-11.0.9\bin\verify.dll
0x00007ff9a2000000 - 0x00007ff9a21e4000 	C:\WINDOWS\SYSTEM32\DBGHELP.DLL
0x00007ff9a1fc0000 - 0x00007ff9a1ff4000 	C:\WINDOWS\SYSTEM32\dbgcore.DLL
0x00007ff9a2b00000 - 0x00007ff9a2b82000 	C:\WINDOWS\System32\bcryptPrimitives.dll
0x00007ff96e4f0000 - 0x00007ff96e518000 	C:\Program Files\Java\jdk-11.0.9\bin\java.dll
0x00007ff973ef0000 - 0x00007ff973efa000 	C:\Program Files\Java\jdk-11.0.9\bin\jimage.dll
0x00007ff973400000 - 0x00007ff973416000 	C:\Program Files\Java\jdk-11.0.9\bin\zip.dll
0x00007ff9a33c0000 - 0x00007ff9a3b05000 	C:\WINDOWS\System32\SHELL32.dll
0x00007ff99fbe0000 - 0x00007ff9a037b000 	C:\WINDOWS\SYSTEM32\windows.storage.dll
0x00007ff9a3f40000 - 0x00007ff9a4294000 	C:\WINDOWS\System32\combase.dll
0x00007ff9a1a60000 - 0x00007ff9a1a8e000 	C:\WINDOWS\SYSTEM32\Wldp.dll
0x00007ff9a4300000 - 0x00007ff9a43ad000 	C:\WINDOWS\System32\SHCORE.dll
0x00007ff9a42a0000 - 0x00007ff9a42f5000 	C:\WINDOWS\System32\shlwapi.dll
0x00007ff9a2760000 - 0x00007ff9a2785000 	C:\WINDOWS\SYSTEM32\profapi.dll
0x00007ff96e2f0000 - 0x00007ff96e309000 	C:\Program Files\Java\jdk-11.0.9\bin\net.dll
0x00007ff9995b0000 - 0x00007ff9996ba000 	C:\WINDOWS\SYSTEM32\WINHTTP.dll
0x00007ff9a1870000 - 0x00007ff9a18da000 	C:\WINDOWS\system32\mswsock.dll
0x00007ff96e2d0000 - 0x00007ff96e2e2000 	C:\Program Files\Java\jdk-11.0.9\bin\nio.dll
0x00007ff965f60000 - 0x00007ff965f87000 	C:\Users\USER\.gradle\native\e1d6ef7f7dcc3fd88c89a11ec53ec762bb8ba0a96d01ffa2cd45eb1d1d8dd5c5\windows-amd64\native-platform.dll
0x00007ff93d0a0000 - 0x00007ff93d1e4000 	C:\Users\USER\.gradle\native\0d407fdbe67a94daf76414ababcb853783967236a71b16ec16e742cd7a986fd3\windows-amd64\native-platform-file-events.dll
0x00007ff973430000 - 0x00007ff973439000 	C:\Program Files\Java\jdk-11.0.9\bin\management.dll
0x00007ff96f6b0000 - 0x00007ff96f6bb000 	C:\Program Files\Java\jdk-11.0.9\bin\management_ext.dll
0x00007ff9a2530000 - 0x00007ff9a2548000 	C:\WINDOWS\SYSTEM32\CRYPTSP.dll
0x00007ff9a11e0000 - 0x00007ff9a1214000 	C:\WINDOWS\system32\rsaenh.dll
0x00007ff9a28d0000 - 0x00007ff9a28f7000 	C:\WINDOWS\System32\bcrypt.dll
0x00007ff9a26e0000 - 0x00007ff9a270e000 	C:\WINDOWS\SYSTEM32\USERENV.dll
0x00007ff9a1a90000 - 0x00007ff9a1a9c000 	C:\WINDOWS\SYSTEM32\CRYPTBASE.dll
0x00007ff9a1560000 - 0x00007ff9a159b000 	C:\WINDOWS\SYSTEM32\IPHLPAPI.DLL
0x00007ff9a43b0000 - 0x00007ff9a43b8000 	C:\WINDOWS\System32\NSI.dll
0x00007ff99ac80000 - 0x00007ff99ac97000 	C:\WINDOWS\SYSTEM32\dhcpcsvc6.DLL
0x00007ff99ac60000 - 0x00007ff99ac7d000 	C:\WINDOWS\SYSTEM32\dhcpcsvc.DLL
0x00007ff9a15a0000 - 0x00007ff9a166a000 	C:\WINDOWS\SYSTEM32\DNSAPI.dll

dbghelp: loaded successfully - version: 4.0.5 - missing functions: none
symbol engine: initialized successfully - sym options: 0x614 - pdb path: .;C:\Program Files\Java\jdk-11.0.9\bin;C:\WINDOWS\SYSTEM32;C:\WINDOWS\WinSxS\amd64_microsoft.windows.common-controls_6595b64144ccf1df_6.0.19041.1110_none_60b5254171f9507e;C:\Program Files\Java\jdk-11.0.9\bin\server;C:\Users\USER\.gradle\native\e1d6ef7f7dcc3fd88c89a11ec53ec762bb8ba0a96d01ffa2cd45eb1d1d8dd5c5\windows-amd64;C:\Users\USER\.gradle\native\0d407fdbe67a94daf76414ababcb853783967236a71b16ec16e742cd7a986fd3\windows-amd64

VM Arguments:
jvm_args: -XX:MaxMetaspaceSize=512m --add-opens=java.base/java.util=ALL-UNNAMED --add-opens=java.base/java.lang=ALL-UNNAMED --add-opens=java.base/java.lang.invoke=ALL-UNNAMED --add-opens=java.base/java.util=ALL-UNNAMED --add-opens=java.prefs/java.util.prefs=ALL-UNNAMED --add-opens=java.prefs/java.util.prefs=ALL-UNNAMED --add-opens=java.base/java.nio.charset=ALL-UNNAMED --add-opens=java.base/java.net=ALL-UNNAMED --add-opens=java.base/java.util.concurrent.atomic=ALL-UNNAMED -Xmx2048m -Dfile.encoding=windows-1252 -Duser.country=US -Duser.language=en -Duser.variant 
java_command: org.gradle.launcher.daemon.bootstrap.GradleDaemon 7.5.1
java_class_path (initial): C:\Users\USER\.gradle\wrapper\dists\gradle-7.5.1-all\1ehga6e77gqps5uk2kc5kf1vc\gradle-7.5.1\lib\gradle-launcher-7.5.1.jar
Launcher Type: SUN_STANDARD

[Global flags]
     intx CICompilerCount                          = 4                                         {product} {ergonomic}
   size_t CompressedClassSpaceSize                 = 528482304                                 {product} {ergonomic}
     uint ConcGCThreads                            = 3                                         {product} {ergonomic}
     uint G1ConcRefinementThreads                  = 10                                        {product} {ergonomic}
   size_t G1HeapRegionSize                         = 1048576                                   {product} {ergonomic}
    uintx GCDrainStackTargetSize                   = 64                                        {product} {ergonomic}
   size_t InitialHeapSize                          = 234881024                                 {product} {ergonomic}
   size_t MarkStackSize                            = 4194304                                   {product} {ergonomic}
   size_t MaxHeapSize                              = 2147483648                                {product} {command line}
   size_t MaxMetaspaceSize                         = 536870912                                 {product} {command line}
   size_t MaxNewSize                               = 1287651328                                {product} {ergonomic}
   size_t MinHeapDeltaBytes                        = 1048576                                   {product} {ergonomic}
    uintx NonNMethodCodeHeapSize                   = 5836300                                {pd product} {ergonomic}
    uintx NonProfiledCodeHeapSize                  = 122910970                              {pd product} {ergonomic}
    uintx ProfiledCodeHeapSize                     = 122910970                              {pd product} {ergonomic}
    uintx ReservedCodeCacheSize                    = 251658240                              {pd product} {ergonomic}
     bool SegmentedCodeCache                       = true                                      {product} {ergonomic}
     bool UseCompressedClassPointers               = true                                 {lp64_product} {ergonomic}
     bool UseCompressedOops                        = true                                 {lp64_product} {ergonomic}
     bool UseG1GC                                  = true                                      {product} {ergonomic}
     bool UseLargePagesIndividualAllocation        = false                                  {pd product} {ergonomic}

Logging:
Log output configuration:
 #0: stdout all=warning uptime,level,tags
 #1: stderr all=off uptime,level,tags

Environment Variables:
JAVA_HOME=C:\Program Files\Java\jdk-11.0.9
CLASSPATH=C:\Users\USER\Desktop\Capstone\Student\frontendApp\android\\gradle\wrapper\gradle-wrapper.jar
PATH=C:\Users\USER\Desktop\Capstone\student\frontendapp\android\node_modules\.bin;C:\Users\USER\Desktop\Capstone\student\frontendapp\node_modules\.bin;C:\Users\USER\Desktop\Capstone\student\node_modules\.bin;C:\Users\USER\Desktop\Capstone\node_modules\.bin;C:\Users\USER\Desktop\node_modules\.bin;C:\Users\USER\node_modules\.bin;C:\Users\node_modules\.bin;C:\node_modules\.bin;C:\Program Files\nodejs;C:\Users\USER\Desktop\Capstone\student\frontendapp\node_modules\.bin;C:\Users\USER\Desktop\Capstone\student\node_modules\.bin;C:\Users\USER\Desktop\Capstone\node_modules\.bin;C:\Users\USER\Desktop\node_modules\.bin;C:\Users\USER\node_modules\.bin;C:\Users\node_modules\.bin;C:\node_modules\.bin;C:\Users\USER\AppData\Roaming\npm\node_modules\npm\node_modules\@npmcli\run-script\lib\node-gyp-bin;C:\Program Files (x86)\NVIDIA Corporation\PhysX\Common;C:\Program Files\Common Files\Oracle\Java\javapath;C:\WINDOWS\system32;C:\WINDOWS;C:\WINDOWS\System32\Wbem;C:\WINDOWS\System32\WindowsPowerShell\v1.0\;C:\WINDOWS\System32\OpenSSH\;C:\Program Files\Java\jdk-11.0.9\bin;C:\Program Files (x86)\MySQL\MySQL Server 5.1\bin;C:\Program Files\dotnet\;C:\Program Files\Git\cmd;C:\Program Files\nodejs\;C:\Users\USER\AppData\Local\Microsoft\WindowsApps;C:\Users\USER\AppData\Local\Programs\Microsoft VS Code\bin;C:\Program Files\CodeBlocks\MinGW\bin;C:\xampp\php;C:\Users\USER\.dotnet\tools;C:\Flutter\flutter\bin;C:\Users\USER\AppData\Roaming\npm;C:\Users\USER\AppData\Local\Android\Sdk\platform-tools
USERNAME=USER
OS=Windows_NT
PROCESSOR_IDENTIFIER=AMD64 Family 23 Model 96 Stepping 1, AuthenticAMD



---------------  S Y S T E M  ---------------

OS: Windows 10 , 64 bit Build 19041 (10.0.19041.3393)

CPU:total 12 (initial active 12) (12 cores per cpu, 2 threads per core) family 23 model 96 stepping 1, cmov, cx8, fxsr, mmx, sse, sse2, sse3, ssse3, sse4.1, sse4.2, popcnt, avx, avx2, aes, clmul, mmxext, 3dnowpref, lzcnt, sse4a, ht, tsc, tscinvbit, tscinv, bmi1, bmi2, adx, sha, fma

Memory: 4k page, system-wide physical 14245M (6871M free)
TotalPageFile size 17829M (AvailPageFile size 7686M)
current process WorkingSet (physical memory assigned to process): 545M, peak: 545M
current process commit charge ("private bytes"): 601M, peak: 601M

vm_info: Java HotSpot(TM) 64-Bit Server VM (11.0.9+7-LTS) for windows-amd64 JRE (11.0.9+7-LTS), built on Sep 15 2020 16:47:03 by "mach5one" with MS VC++ 15.9 (VS2017)

END.
