#
# A fatal error has been detected by the Java Runtime Environment:
#
#  EXCEPTION_ACCESS_VIOLATION (0xc0000005) at pc=0x00007ff9381b9f90, pid=3396, tid=10780
#
# JRE version: Java(TM) SE Runtime Environment 18.9 (11.0.9+7) (build 11.0.9+7-LTS)
# Java VM: Java HotSpot(TM) 64-Bit Server VM 18.9 (11.0.9+7-LTS, mixed mode, tiered, compressed oops, g1 gc, windows-amd64)
# Problematic frame:
# V  [jvm.dll+0x349f90]
#
# No core dump will be written. Minidumps are not enabled by default on client versions of Windows
#
# If you would like to submit a bug report, please visit:
#   https://bugreport.java.com/bugreport/crash.jsp
#

---------------  S U M M A R Y ------------

Command Line: -XX:MaxMetaspaceSize=512m --add-opens=java.base/java.util=ALL-UNNAMED --add-opens=java.base/java.lang=ALL-UNNAMED --add-opens=java.base/java.lang.invoke=ALL-UNNAMED --add-opens=java.base/java.util=ALL-UNNAMED --add-opens=java.prefs/java.util.prefs=ALL-UNNAMED --add-opens=java.prefs/java.util.prefs=ALL-UNNAMED --add-opens=java.base/java.nio.charset=ALL-UNNAMED --add-opens=java.base/java.net=ALL-UNNAMED --add-opens=java.base/java.util.concurrent.atomic=ALL-UNNAMED -Xmx2048m -Dfile.encoding=windows-1252 -Duser.country=US -Duser.language=en -Duser.variant org.gradle.launcher.daemon.bootstrap.GradleDaemon 7.5.1

Host: AMD Ryzen 5 PRO 4650G with Radeon Graphics, 12 cores, 13G,  Windows 10 , 64 bit Build 19041 (10.0.19041.3393)
Time: Sun Sep 24 00:01:37 2023 Taipei Standard Time elapsed time: 25.362084 seconds (0d 0h 0m 25s)

---------------  T H R E A D  ---------------

Current thread (0x000002667fb50000):  JavaThread "C2 CompilerThread0" daemon [_thread_in_native, id=10780, stack(0x000000d8e4300000,0x000000d8e4400000)]


Current CompileTask:
C2:  25362 11731 %     4       org.gradle.internal.instantiation.generator.AbstractClassGenerator::inspectType @ 77 (560 bytes)

Stack: [0x000000d8e4300000,0x000000d8e4400000],  sp=0x000000d8e43fb9d0,  free space=1006k
Native frames: (J=compiled Java code, j=interpreted, Vv=VM code, C=native code)
V  [jvm.dll+0x349f90]
V  [jvm.dll+0x345970]
V  [jvm.dll+0x194663]
V  [jvm.dll+0x1942c4]
V  [jvm.dll+0x1fd5a2]
V  [jvm.dll+0x1fc64f]
V  [jvm.dll+0x17f08c]
V  [jvm.dll+0x20bc54]
V  [jvm.dll+0x209d2b]
V  [jvm.dll+0x7103d9]
V  [jvm.dll+0x709114]
V  [jvm.dll+0x610cb6]
C  [ucrtbase.dll+0x21bb2]
C  [KERNEL32.DLL+0x17344]
C  [ntdll.dll+0x526b1]


siginfo: EXCEPTION_ACCESS_VIOLATION (0xc0000005), reading address 0xffffffffffffffff


Register to memory mapping:

RIP=0x00007ff9381b9f90 jvm.dll
RAX=0x0 is NULL
RBX=0x0000000000000018 is an unknown value
RCX=0x0 is NULL
RDX=0x0000000000000008 is an unknown value
RSP=0x000000d8e43fb9d0 is pointing into the stack for thread: 0x000002667fb50000
RBP=0x0000000000000008 is an unknown value
RSI=0x00007ff938897108 jvm.dll
RDI=0x000002667fb53148 points into unknown readable memory: b0 a7 ac 7f 66 02 00 00
R8 =0x3769f571111c5884 is an unknown value
R9 =0x000000d8e43fba20 is pointing into the stack for thread: 0x000002667fb50000
R10=0x0000000000000018 is an unknown value
R11=0x000000d8e43fba70 is pointing into the stack for thread: 0x000002667fb50000
R12=0x00007ff937e70000 jvm.dll
R13=0x0000000000007530 is an unknown value
R14=0x000000000000001b is an unknown value
R15=0x00007ff938897108 jvm.dll


Registers:
RAX=0x0000000000000000, RBX=0x0000000000000018, RCX=0x0000000000000000, RDX=0x0000000000000008
RSP=0x000000d8e43fb9d0, RBP=0x0000000000000008, RSI=0x00007ff938897108, RDI=0x000002667fb53148
R8 =0x3769f571111c5884, R9 =0x000000d8e43fba20, R10=0x0000000000000018, R11=0x000000d8e43fba70
R12=0x00007ff937e70000, R13=0x0000000000007530, R14=0x000000000000001b, R15=0x00007ff938897108
RIP=0x00007ff9381b9f90, EFLAGS=0x0000000000010246

Top of Stack: (sp=0x000000d8e43fb9d0)
0x000000d8e43fb9d0:   000000000000048a 000000000000048e
0x000000d8e43fb9e0:   0000000000001456 00007ff93800534f
0x000000d8e43fb9f0:   000000000000001b 00007ff9381b5970
0x000000d8e43fba00:   0000026617e732b0 000000d8e43fbc50
0x000000d8e43fba10:   0000000000000000 0000000000000000
0x000000d8e43fba20:   000014b900000000 0000000000000006
0x000000d8e43fba30:   3769f571111c5884 0000000000000015
0x000000d8e43fba40:   00000266147d1680 000000000000001a
0x000000d8e43fba50:   0000026617da5130 0000000000000000
0x000000d8e43fba60:   00000000ffffffff 00000000000010e0
0x000000d8e43fba70:   00007ff937e70000 00007ff938004663
0x000000d8e43fba80:   000002661950e130 000000d8e43fc000
0x000000d8e43fba90:   0000000000000000 0000000000000015
0x000000d8e43fbaa0:   000014b900000000 00007ff900000008
0x000000d8e43fbab0:   000002661c953cc0 00007ff90000001a
0x000000d8e43fbac0:   000002667fbc97f0 000000000000001a 

Instructions: (pc=0x00007ff9381b9f90)
0x00007ff9381b9f70:   49 8b 41 20 41 8b da 4c 8b 04 d8 4c 3b c6 74 7a
0x00007ff9381b9f80:   33 c0 4d 89 41 10 33 c9 0f 1f 84 00 00 00 00 00
0x00007ff9381b9f90:   42 83 3c 01 00 8d 50 01 0f 85 be 00 00 00 48 83
0x00007ff9381b9fa0:   c1 04 8b c2 83 fa 08 72 e7 4d 8b 59 30 4d 85 db 


Stack slot to memory mapping:
stack at sp + 0 slots: 0x000000000000048a is an unknown value
stack at sp + 1 slots: 0x000000000000048e is an unknown value
stack at sp + 2 slots: 0x0000000000001456 is an unknown value
stack at sp + 3 slots: 0x00007ff93800534f jvm.dll
stack at sp + 4 slots: 0x000000000000001b is an unknown value
stack at sp + 5 slots: 0x00007ff9381b5970 jvm.dll
stack at sp + 6 slots: 0x0000026617e732b0 points into unknown readable memory: 12 00 00 00 00 00 00 00
stack at sp + 7 slots: 0x000000d8e43fbc50 is pointing into the stack for thread: 0x000002667fb50000


---------------  P R O C E S S  ---------------

Threads class SMR info:
_java_thread_list=0x000002661753fdc0, length=185, elements={
0x000002666d6db000, 0x000002667facc000, 0x000002667face800, 0x000002667fb4d000,
0x000002667fb4e000, 0x000002667fb50000, 0x000002667fb54800, 0x000002667fb5e000,
0x000002667fcd8000, 0x000002667fce9800, 0x0000026611b92000, 0x000002667fe1f800,
0x000002660fc32800, 0x0000026610a1a800, 0x0000026611b7c800, 0x00000266107aa000,
0x0000026611480800, 0x00000266114a2800, 0x000002661134f800, 0x0000026610e9d800,
0x0000026610e9c000, 0x0000026610e9d000, 0x0000026610e9b000, 0x0000026611242000,
0x0000026611240000, 0x0000026611242800, 0x000002661123e800, 0x0000026611244800,
0x0000026611241000, 0x0000026611243800, 0x0000026611245000, 0x000002661123f800,
0x0000026611247800, 0x000002661124a000, 0x0000026611246000, 0x000002661124d800,
0x000002661124c800, 0x0000026611f58800, 0x0000026611f59800, 0x0000026611f5a000,
0x0000026611f5b000, 0x0000026611f5c000, 0x0000026611f5d800, 0x0000026611f5c800,
0x0000026611f57800, 0x0000026611f61800, 0x0000026611f62800, 0x0000026611f5f000,
0x0000026611f60000, 0x0000026611f63000, 0x0000026611f60800, 0x0000026611f64000,
0x0000026611f5e000, 0x0000026611f64800, 0x0000026611f65800, 0x0000026611f66800,
0x0000026611a21000, 0x0000026611a26800, 0x0000026611a24800, 0x0000026611a22000,
0x0000026611a22800, 0x0000026611a25000, 0x0000026611a27800, 0x0000026611a28800,
0x0000026611a29000, 0x0000026611a23800, 0x0000026611a2a000, 0x0000026611a2b000,
0x0000026611a2b800, 0x0000026611a26000, 0x0000026611a2c800, 0x0000026611a2d800,
0x0000026611a2e000, 0x0000026611a2f000, 0x0000026611a2f800, 0x0000026611bdb800,
0x0000026611be0800, 0x0000026611bdd000, 0x0000026611bdc000, 0x0000026611bda800,
0x0000026611be3800, 0x0000026611bdf800, 0x0000026611be3000, 0x0000026611bde000,
0x0000026611be4800, 0x0000026611be2000, 0x0000026611bde800, 0x0000026611be5000,
0x0000026611be6000, 0x0000026611be7000, 0x0000026611be1000, 0x0000026611be7800,
0x0000026611be8800, 0x0000026611be9800, 0x00000266143c1800, 0x00000266143c3000,
0x00000266143c2000, 0x00000266143c4000, 0x00000266143c6800, 0x00000266143c4800,
0x00000266143c0800, 0x00000266143c7000, 0x00000266143c9800, 0x00000266143ca800,
0x00000266143c8000, 0x00000266143c8800, 0x00000266143cb000, 0x00000266143c5800,
0x00000266143cc000, 0x00000266143cd000, 0x00000266143cf000, 0x00000266143ce800,
0x00000266143cd800, 0x000002661436d000, 0x000002661436c800, 0x000002661436a000,
0x000002661436b800, 0x0000026614369000, 0x000002661436a800, 0x0000026614368000,
0x0000026614373800, 0x0000026614372000, 0x0000026614370800, 0x000002661436f800,
0x0000026614373000, 0x000002661436e000, 0x0000026614374800, 0x000002661436f000,
0x0000026614375800, 0x0000026614376000, 0x0000026614377000, 0x0000026614371000,
0x0000026616605000, 0x0000026616606000, 0x0000026616601000, 0x0000026616607000,
0x0000026616607800, 0x0000026616602000, 0x0000026616603800, 0x0000026616604800,
0x0000026616608800, 0x0000026616602800, 0x000002661660c800, 0x0000026616609000,
0x000002661660f000, 0x0000026616610000, 0x000002661660d800, 0x000002661660a000,
0x000002661660b000, 0x000002661660b800, 0x000002661660e000, 0x00000266172bb800,
0x00000266172bc000, 0x00000266172c2800, 0x00000266172be800, 0x00000266172c2000,
0x00000266172c1000, 0x00000266172bd000, 0x00000266172bf800, 0x00000266172c3800,
0x00000266172bd800, 0x00000266172c4000, 0x00000266172c6000, 0x00000266172c5000,
0x00000266172c0000, 0x00000266172c6800, 0x00000266172c7800, 0x00000266172c8800,
0x00000266172ca000, 0x00000266172c9000, 0x000002661704e800, 0x0000026617050800,
0x0000026617053800, 0x0000026617052000, 0x0000026617051000, 0x0000026617053000,
0x000002661704f800, 0x000002661704e000, 0x0000026617055000, 0x0000026617056000,
0x0000026617057000, 0x000002661705a000, 0x0000026617059800, 0x0000026611fa0800,
0x000002660fb7d000
}

Java Threads: ( => current thread )
  0x000002666d6db000 JavaThread "main" [_thread_blocked, id=1848, stack(0x000000d8e3800000,0x000000d8e3900000)]
  0x000002667facc000 JavaThread "Reference Handler" daemon [_thread_blocked, id=10256, stack(0x000000d8e3f00000,0x000000d8e4000000)]
  0x000002667face800 JavaThread "Finalizer" daemon [_thread_blocked, id=11628, stack(0x000000d8e4000000,0x000000d8e4100000)]
  0x000002667fb4d000 JavaThread "Signal Dispatcher" daemon [_thread_blocked, id=9744, stack(0x000000d8e4100000,0x000000d8e4200000)]
  0x000002667fb4e000 JavaThread "Attach Listener" daemon [_thread_blocked, id=13596, stack(0x000000d8e4200000,0x000000d8e4300000)]
=>0x000002667fb50000 JavaThread "C2 CompilerThread0" daemon [_thread_in_native, id=10780, stack(0x000000d8e4300000,0x000000d8e4400000)]
  0x000002667fb54800 JavaThread "C1 CompilerThread0" daemon [_thread_blocked, id=7472, stack(0x000000d8e4400000,0x000000d8e4500000)]
  0x000002667fb5e000 JavaThread "Sweeper thread" daemon [_thread_blocked, id=7692, stack(0x000000d8e4500000,0x000000d8e4600000)]
  0x000002667fcd8000 JavaThread "Common-Cleaner" daemon [_thread_blocked, id=7564, stack(0x000000d8e4600000,0x000000d8e4700000)]
  0x000002667fce9800 JavaThread "Service Thread" daemon [_thread_blocked, id=13144, stack(0x000000d8e4700000,0x000000d8e4800000)]
  0x0000026611b92000 JavaThread "Daemon health stats" [_thread_blocked, id=5232, stack(0x000000d8e4f00000,0x000000d8e5000000)]
  0x000002667fe1f800 JavaThread "Incoming local TCP Connector on port 57354" [_thread_in_native, id=14408, stack(0x000000d8e4900000,0x000000d8e4a00000)]
  0x000002660fc32800 JavaThread "Daemon periodic checks" [_thread_blocked, id=5384, stack(0x000000d8e4a00000,0x000000d8e4b00000)]
  0x0000026610a1a800 JavaThread "Daemon" [_thread_blocked, id=11480, stack(0x000000d8e5000000,0x000000d8e5100000)]
  0x0000026611b7c800 JavaThread "Handler for socket connection from /127.0.0.1:57354 to /127.0.0.1:57355" [_thread_in_native, id=14040, stack(0x000000d8e5100000,0x000000d8e5200000)]
  0x00000266107aa000 JavaThread "Cancel handler" [_thread_blocked, id=1236, stack(0x000000d8e5200000,0x000000d8e5300000)]
  0x0000026611480800 JavaThread "Daemon worker" [_thread_in_vm, id=14412, stack(0x000000d8e5300000,0x000000d8e5400000)]
  0x00000266114a2800 JavaThread "Asynchronous log dispatcher for DefaultDaemonConnection: socket connection from /127.0.0.1:57354 to /127.0.0.1:57355" [_thread_blocked, id=14180, stack(0x000000d8e5400000,0x000000d8e5500000)]
  0x000002661134f800 JavaThread "Stdin handler" [_thread_blocked, id=14572, stack(0x000000d8e5500000,0x000000d8e5600000)]
  0x0000026610e9d800 JavaThread "Daemon client event forwarder" [_thread_blocked, id=9108, stack(0x000000d8e5600000,0x000000d8e5700000)]
  0x0000026610e9c000 JavaThread "Cache worker for journal cache (C:\Users\USER\.gradle\caches\journal-1)" [_thread_blocked, id=12760, stack(0x000000d8e5700000,0x000000d8e5800000)]
  0x0000026610e9d000 JavaThread "File lock request listener" [_thread_in_native, id=10652, stack(0x000000d8e5800000,0x000000d8e5900000)]
  0x0000026610e9b000 JavaThread "File lock release action executor" [_thread_blocked, id=10124, stack(0x000000d8e5900000,0x000000d8e5a00000)]
  0x0000026611242000 JavaThread "Cache worker for file hash cache (C:\Users\USER\.gradle\caches\7.5.1\fileHashes)" [_thread_blocked, id=10176, stack(0x000000d8e5a00000,0x000000d8e5b00000)]
  0x0000026611240000 JavaThread "File watcher server" daemon [_thread_in_native, id=14148, stack(0x000000d8e6400000,0x000000d8e6500000)]
  0x0000026611242800 JavaThread "File watcher consumer" daemon [_thread_blocked, id=13672, stack(0x000000d8e6500000,0x000000d8e6600000)]
  0x000002661123e800 JavaThread "Cache worker for checksums cache (C:\Users\USER\Desktop\Capstone\Student\frontendApp\android\.gradle\7.5.1\checksums)" [_thread_blocked, id=15444, stack(0x000000d8e6600000,0x000000d8e6700000)]
  0x0000026611244800 JavaThread "Cache worker for cache directory md-rule (C:\Users\USER\.gradle\caches\7.5.1\md-rule)" [_thread_blocked, id=15448, stack(0x000000d8e6700000,0x000000d8e6800000)]
  0x0000026611241000 JavaThread "Cache worker for file content cache (C:\Users\USER\.gradle\caches\7.5.1\fileContent)" [_thread_blocked, id=15472, stack(0x000000d8e6800000,0x000000d8e6900000)]
  0x0000026611243800 JavaThread "Cache worker for file hash cache (C:\Users\USER\Desktop\Capstone\Student\frontendApp\android\.gradle\7.5.1\fileHashes)" [_thread_blocked, id=15476, stack(0x000000d8e6900000,0x000000d8e6a00000)]
  0x0000026611245000 JavaThread "Cache worker for cache directory md-supplier (C:\Users\USER\.gradle\caches\7.5.1\md-supplier)" [_thread_blocked, id=15480, stack(0x000000d8e6a00000,0x000000d8e6b00000)]
  0x000002661123f800 JavaThread "Cache worker for execution history cache (C:\Users\USER\.gradle\caches\7.5.1\executionHistory)" [_thread_blocked, id=15488, stack(0x000000d8e6c00000,0x000000d8e6d00000)]
  0x0000026611247800 JavaThread "jar transforms" [_thread_blocked, id=15508, stack(0x000000d8e6d00000,0x000000d8e6e00000)]
  0x000002661124a000 JavaThread "jar transforms Thread 2" [_thread_blocked, id=15512, stack(0x000000d8e6e00000,0x000000d8e6f00000)]
  0x0000026611246000 JavaThread "jar transforms Thread 3" [_thread_blocked, id=15516, stack(0x000000d8e6f00000,0x000000d8e7000000)]
  0x000002661124d800 JavaThread "jar transforms Thread 4" [_thread_blocked, id=15520, stack(0x000000d8e7000000,0x000000d8e7100000)]
  0x000002661124c800 JavaThread "Cache worker for kotlin-dsl (C:\Users\USER\.gradle\caches\7.5.1\kotlin-dsl)" [_thread_blocked, id=16180, stack(0x000000d8e7100000,0x000000d8e7200000)]
  0x0000026611f58800 JavaThread "jar transforms Thread 5" [_thread_blocked, id=16268, stack(0x000000d8e7200000,0x000000d8e7300000)]
  0x0000026611f59800 JavaThread "jar transforms Thread 6" [_thread_blocked, id=16272, stack(0x000000d8e7300000,0x000000d8e7400000)]
  0x0000026611f5a000 JavaThread "Cache worker for dependencies-accessors (C:\Users\USER\Desktop\Capstone\Student\frontendApp\android\.gradle\7.5.1\dependencies-accessors)" [_thread_blocked, id=16276, stack(0x000000d8e7400000,0x000000d8e7500000)]
  0x0000026611f5b000 JavaThread "Cache worker for Build Output Cleanup Cache (C:\Users\USER\Desktop\Capstone\Student\frontendApp\node_modules\react-native-gradle-plugin\.gradle\buildOutputCleanup)" [_thread_blocked, id=16280, stack(0x000000d8e7500000,0x000000d8e7600000)]
  0x0000026611f5c000 JavaThread "jar transforms Thread 7" [_thread_blocked, id=16284, stack(0x000000d8e7600000,0x000000d8e7700000)]
  0x0000026611f5d800 JavaThread "Unconstrained build operations" [_thread_blocked, id=15572, stack(0x000000d8e7700000,0x000000d8e7800000)]
  0x0000026611f5c800 JavaThread "Unconstrained build operations Thread 2" [_thread_blocked, id=15568, stack(0x000000d8e7800000,0x000000d8e7900000)]
  0x0000026611f57800 JavaThread "Unconstrained build operations Thread 3" [_thread_blocked, id=15552, stack(0x000000d8e7900000,0x000000d8e7a00000)]
  0x0000026611f61800 JavaThread "Unconstrained build operations Thread 4" [_thread_blocked, id=15556, stack(0x000000d8e7a00000,0x000000d8e7b00000)]
  0x0000026611f62800 JavaThread "Unconstrained build operations Thread 5" [_thread_blocked, id=15564, stack(0x000000d8e7b00000,0x000000d8e7c00000)]
  0x0000026611f5f000 JavaThread "Unconstrained build operations Thread 6" [_thread_blocked, id=15528, stack(0x000000d8e7c00000,0x000000d8e7d00000)]
  0x0000026611f60000 JavaThread "Unconstrained build operations Thread 7" [_thread_blocked, id=15560, stack(0x000000d8e7d00000,0x000000d8e7e00000)]
  0x0000026611f63000 JavaThread "Unconstrained build operations Thread 8" [_thread_blocked, id=15532, stack(0x000000d8e7e00000,0x000000d8e7f00000)]
  0x0000026611f60800 JavaThread "Unconstrained build operations Thread 9" [_thread_blocked, id=15640, stack(0x000000d8e7f00000,0x000000d8e8000000)]
  0x0000026611f64000 JavaThread "Unconstrained build operations Thread 10" [_thread_blocked, id=15644, stack(0x000000d8e8000000,0x000000d8e8100000)]
  0x0000026611f5e000 JavaThread "Unconstrained build operations Thread 11" [_thread_blocked, id=15636, stack(0x000000d8e8100000,0x000000d8e8200000)]
  0x0000026611f64800 JavaThread "Unconstrained build operations Thread 12" [_thread_blocked, id=15632, stack(0x000000d8e8200000,0x000000d8e8300000)]
  0x0000026611f65800 JavaThread "Unconstrained build operations Thread 13" [_thread_blocked, id=11184, stack(0x000000d8e8300000,0x000000d8e8400000)]
  0x0000026611f66800 JavaThread "Unconstrained build operations Thread 14" [_thread_blocked, id=13536, stack(0x000000d8e8400000,0x000000d8e8500000)]
  0x0000026611a21000 JavaThread "Unconstrained build operations Thread 15" [_thread_blocked, id=15496, stack(0x000000d8e8500000,0x000000d8e8600000)]
  0x0000026611a26800 JavaThread "Unconstrained build operations Thread 16" [_thread_blocked, id=9776, stack(0x000000d8e8600000,0x000000d8e8700000)]
  0x0000026611a24800 JavaThread "Unconstrained build operations Thread 17" [_thread_blocked, id=8392, stack(0x000000d8e8700000,0x000000d8e8800000)]
  0x0000026611a22000 JavaThread "Unconstrained build operations Thread 18" [_thread_blocked, id=11980, stack(0x000000d8e8800000,0x000000d8e8900000)]
  0x0000026611a22800 JavaThread "Unconstrained build operations Thread 19" [_thread_blocked, id=14684, stack(0x000000d8e8900000,0x000000d8e8a00000)]
  0x0000026611a25000 JavaThread "Unconstrained build operations Thread 20" [_thread_blocked, id=8248, stack(0x000000d8e8a00000,0x000000d8e8b00000)]
  0x0000026611a27800 JavaThread "Unconstrained build operations Thread 21" [_thread_blocked, id=16128, stack(0x000000d8e8b00000,0x000000d8e8c00000)]
  0x0000026611a28800 JavaThread "Unconstrained build operations Thread 22" [_thread_blocked, id=3664, stack(0x000000d8e8c00000,0x000000d8e8d00000)]
  0x0000026611a29000 JavaThread "Unconstrained build operations Thread 23" [_thread_blocked, id=2672, stack(0x000000d8e8d00000,0x000000d8e8e00000)]
  0x0000026611a23800 JavaThread "Unconstrained build operations Thread 24" [_thread_blocked, id=15688, stack(0x000000d8e8e00000,0x000000d8e8f00000)]
  0x0000026611a2a000 JavaThread "Unconstrained build operations Thread 25" [_thread_blocked, id=15692, stack(0x000000d8e8f00000,0x000000d8e9000000)]
  0x0000026611a2b000 JavaThread "Unconstrained build operations Thread 26" [_thread_blocked, id=15696, stack(0x000000d8e9000000,0x000000d8e9100000)]
  0x0000026611a2b800 JavaThread "Unconstrained build operations Thread 27" [_thread_blocked, id=15700, stack(0x000000d8e9100000,0x000000d8e9200000)]
  0x0000026611a26000 JavaThread "Unconstrained build operations Thread 28" [_thread_blocked, id=15704, stack(0x000000d8e9200000,0x000000d8e9300000)]
  0x0000026611a2c800 JavaThread "Unconstrained build operations Thread 29" [_thread_blocked, id=15684, stack(0x000000d8e9300000,0x000000d8e9400000)]
  0x0000026611a2d800 JavaThread "Unconstrained build operations Thread 30" [_thread_blocked, id=15680, stack(0x000000d8e9400000,0x000000d8e9500000)]
  0x0000026611a2e000 JavaThread "Unconstrained build operations Thread 31" [_thread_blocked, id=15676, stack(0x000000d8e9500000,0x000000d8e9600000)]
  0x0000026611a2f000 JavaThread "Unconstrained build operations Thread 32" [_thread_blocked, id=15672, stack(0x000000d8e9600000,0x000000d8e9700000)]
  0x0000026611a2f800 JavaThread "Unconstrained build operations Thread 33" [_thread_blocked, id=15668, stack(0x000000d8e9700000,0x000000d8e9800000)]
  0x0000026611bdb800 JavaThread "jar transforms Thread 8" [_thread_blocked, id=15664, stack(0x000000d8e9800000,0x000000d8e9900000)]
  0x0000026611be0800 JavaThread "jar transforms Thread 9" [_thread_blocked, id=15648, stack(0x000000d8e9900000,0x000000d8e9a00000)]
  0x0000026611bdd000 JavaThread "jar transforms Thread 10" [_thread_blocked, id=15656, stack(0x000000d8e9a00000,0x000000d8e9b00000)]
  0x0000026611bdc000 JavaThread "jar transforms Thread 11" [_thread_blocked, id=15660, stack(0x000000d8e9b00000,0x000000d8e9c00000)]
  0x0000026611bda800 JavaThread "jar transforms Thread 12" [_thread_blocked, id=15620, stack(0x000000d8e9c00000,0x000000d8e9d00000)]
  0x0000026611be3800 JavaThread "build event listener" [_thread_blocked, id=15652, stack(0x000000d8e9d00000,0x000000d8e9e00000)]
  0x0000026611bdf800 JavaThread "Memory manager" [_thread_blocked, id=15628, stack(0x000000d8e9e00000,0x000000d8e9f00000)]
  0x0000026611be3000 JavaThread "Cache worker for Build Output Cleanup Cache (C:\Users\USER\Desktop\Capstone\Student\frontendApp\android\.gradle\buildOutputCleanup)" [_thread_blocked, id=16208, stack(0x000000d8e9f00000,0x000000d8ea000000)]
  0x0000026611bde000 JavaThread "included builds" [_thread_blocked, id=16212, stack(0x000000d8ea000000,0x000000d8ea100000)]
  0x0000026611be4800 JavaThread "Execution worker" [_thread_blocked, id=16192, stack(0x000000d8ea100000,0x000000d8ea200000)]
  0x0000026611be2000 JavaThread "Execution worker Thread 2" [_thread_blocked, id=16316, stack(0x000000d8ea200000,0x000000d8ea300000)]
  0x0000026611bde800 JavaThread "Execution worker Thread 3" [_thread_blocked, id=16312, stack(0x000000d8ea300000,0x000000d8ea400000)]
  0x0000026611be5000 JavaThread "Execution worker Thread 4" [_thread_blocked, id=16320, stack(0x000000d8ea400000,0x000000d8ea500000)]
  0x0000026611be6000 JavaThread "Execution worker Thread 5" [_thread_blocked, id=16308, stack(0x000000d8ea500000,0x000000d8ea600000)]
  0x0000026611be7000 JavaThread "Execution worker Thread 6" [_thread_blocked, id=13956, stack(0x000000d8ea600000,0x000000d8ea700000)]
  0x0000026611be1000 JavaThread "Execution worker Thread 7" [_thread_blocked, id=4876, stack(0x000000d8ea700000,0x000000d8ea800000)]
  0x0000026611be7800 JavaThread "Execution worker Thread 8" [_thread_blocked, id=3852, stack(0x000000d8ea800000,0x000000d8ea900000)]
  0x0000026611be8800 JavaThread "Execution worker Thread 9" [_thread_blocked, id=16360, stack(0x000000d8ea900000,0x000000d8eaa00000)]
  0x0000026611be9800 JavaThread "Execution worker Thread 10" [_thread_blocked, id=16356, stack(0x000000d8eaa00000,0x000000d8eab00000)]
  0x00000266143c1800 JavaThread "Execution worker Thread 11" [_thread_blocked, id=16352, stack(0x000000d8eab00000,0x000000d8eac00000)]
  0x00000266143c3000 JavaThread "Cache worker for execution history cache (C:\Users\USER\Desktop\Capstone\Student\frontendApp\node_modules\react-native-gradle-plugin\.gradle\7.5.1\executionHistory)" [_thread_blocked, id=16348, stack(0x000000d8eac00000,0x000000d8ead00000)]
  0x00000266143c2000 JavaThread "Unconstrained build operations Thread 34" [_thread_blocked, id=16340, stack(0x000000d8ead00000,0x000000d8eae00000)]
  0x00000266143c4000 JavaThread "Unconstrained build operations Thread 35" [_thread_blocked, id=16368, stack(0x000000d8eae00000,0x000000d8eaf00000)]
  0x00000266143c6800 JavaThread "Unconstrained build operations Thread 36" [_thread_blocked, id=16364, stack(0x000000d8eaf00000,0x000000d8eb000000)]
  0x00000266143c4800 JavaThread "Unconstrained build operations Thread 37" [_thread_blocked, id=16372, stack(0x000000d8eb000000,0x000000d8eb100000)]
  0x00000266143c0800 JavaThread "Unconstrained build operations Thread 38" [_thread_blocked, id=16376, stack(0x000000d8eb100000,0x000000d8eb200000)]
  0x00000266143c7000 JavaThread "Unconstrained build operations Thread 39" [_thread_blocked, id=16380, stack(0x000000d8eb200000,0x000000d8eb300000)]
  0x00000266143c9800 JavaThread "Unconstrained build operations Thread 40" [_thread_blocked, id=16300, stack(0x000000d8eb300000,0x000000d8eb400000)]
  0x00000266143ca800 JavaThread "Unconstrained build operations Thread 41" [_thread_blocked, id=16324, stack(0x000000d8eb400000,0x000000d8eb500000)]
  0x00000266143c8000 JavaThread "Unconstrained build operations Thread 42" [_thread_blocked, id=16332, stack(0x000000d8eb500000,0x000000d8eb600000)]
  0x00000266143c8800 JavaThread "Unconstrained build operations Thread 43" [_thread_blocked, id=16336, stack(0x000000d8eb600000,0x000000d8eb700000)]
  0x00000266143cb000 JavaThread "Unconstrained build operations Thread 44" [_thread_blocked, id=16328, stack(0x000000d8eb700000,0x000000d8eb800000)]
  0x00000266143c5800 JavaThread "Unconstrained build operations Thread 45" [_thread_blocked, id=16304, stack(0x000000d8eb800000,0x000000d8eb900000)]
  0x00000266143cc000 JavaThread "Unconstrained build operations Thread 46" [_thread_blocked, id=16344, stack(0x000000d8eb900000,0x000000d8eba00000)]
  0x00000266143cd000 JavaThread "Unconstrained build operations Thread 47" [_thread_blocked, id=14144, stack(0x000000d8eba00000,0x000000d8ebb00000)]
  0x00000266143cf000 JavaThread "Unconstrained build operations Thread 48" [_thread_blocked, id=14032, stack(0x000000d8ebb00000,0x000000d8ebc00000)]
  0x00000266143ce800 JavaThread "Unconstrained build operations Thread 49" [_thread_blocked, id=5844, stack(0x000000d8ebc00000,0x000000d8ebd00000)]
  0x00000266143cd800 JavaThread "Unconstrained build operations Thread 50" [_thread_blocked, id=13500, stack(0x000000d8ebd00000,0x000000d8ebe00000)]
  0x000002661436d000 JavaThread "Unconstrained build operations Thread 51" [_thread_blocked, id=2972, stack(0x000000d8ebe00000,0x000000d8ebf00000)]
  0x000002661436c800 JavaThread "Unconstrained build operations Thread 52" [_thread_blocked, id=15612, stack(0x000000d8ebf00000,0x000000d8ec000000)]
  0x000002661436a000 JavaThread "Unconstrained build operations Thread 53" [_thread_blocked, id=15492, stack(0x000000d8ec000000,0x000000d8ec100000)]
  0x000002661436b800 JavaThread "Unconstrained build operations Thread 54" [_thread_blocked, id=15768, stack(0x000000d8ec100000,0x000000d8ec200000)]
  0x0000026614369000 JavaThread "Unconstrained build operations Thread 55" [_thread_blocked, id=12816, stack(0x000000d8ec200000,0x000000d8ec300000)]
  0x000002661436a800 JavaThread "Unconstrained build operations Thread 56" [_thread_blocked, id=12124, stack(0x000000d8ec300000,0x000000d8ec400000)]
  0x0000026614368000 JavaThread "Unconstrained build operations Thread 57" [_thread_blocked, id=15624, stack(0x000000d8ec400000,0x000000d8ec500000)]
  0x0000026614373800 JavaThread "Unconstrained build operations Thread 58" [_thread_blocked, id=9188, stack(0x000000d8ec500000,0x000000d8ec600000)]
  0x0000026614372000 JavaThread "Unconstrained build operations Thread 59" [_thread_blocked, id=15740, stack(0x000000d8ec600000,0x000000d8ec700000)]
  0x0000026614370800 JavaThread "Unconstrained build operations Thread 60" [_thread_blocked, id=15764, stack(0x000000d8ec700000,0x000000d8ec800000)]
  0x000002661436f800 JavaThread "Unconstrained build operations Thread 61" [_thread_blocked, id=15736, stack(0x000000d8ec800000,0x000000d8ec900000)]
  0x0000026614373000 JavaThread "Unconstrained build operations Thread 62" [_thread_blocked, id=15756, stack(0x000000d8ec900000,0x000000d8eca00000)]
  0x000002661436e000 JavaThread "Unconstrained build operations Thread 63" [_thread_blocked, id=15752, stack(0x000000d8eca00000,0x000000d8ecb00000)]
  0x0000026614374800 JavaThread "Unconstrained build operations Thread 64" [_thread_blocked, id=15748, stack(0x000000d8ecb00000,0x000000d8ecc00000)]
  0x000002661436f000 JavaThread "Unconstrained build operations Thread 65" [_thread_blocked, id=15732, stack(0x000000d8ecc00000,0x000000d8ecd00000)]
  0x0000026614375800 JavaThread "Unconstrained build operations Thread 66" [_thread_blocked, id=15728, stack(0x000000d8ecd00000,0x000000d8ece00000)]
  0x0000026614376000 JavaThread "Unconstrained build operations Thread 67" [_thread_blocked, id=15724, stack(0x000000d8ece00000,0x000000d8ecf00000)]
  0x0000026614377000 JavaThread "Unconstrained build operations Thread 68" [_thread_blocked, id=15760, stack(0x000000d8ecf00000,0x000000d8ed000000)]
  0x0000026614371000 JavaThread "Unconstrained build operations Thread 69" [_thread_blocked, id=5916, stack(0x000000d8ed000000,0x000000d8ed100000)]
  0x0000026616605000 JavaThread "Unconstrained build operations Thread 70" [_thread_blocked, id=7600, stack(0x000000d8ed100000,0x000000d8ed200000)]
  0x0000026616606000 JavaThread "Unconstrained build operations Thread 71" [_thread_blocked, id=8272, stack(0x000000d8ed200000,0x000000d8ed300000)]
  0x0000026616601000 JavaThread "Unconstrained build operations Thread 72" [_thread_blocked, id=10120, stack(0x000000d8ed300000,0x000000d8ed400000)]
  0x0000026616607000 JavaThread "Unconstrained build operations Thread 73" [_thread_blocked, id=13892, stack(0x000000d8ed400000,0x000000d8ed500000)]
  0x0000026616607800 JavaThread "Unconstrained build operations Thread 74" [_thread_blocked, id=8752, stack(0x000000d8ed500000,0x000000d8ed600000)]
  0x0000026616602000 JavaThread "Unconstrained build operations Thread 75" [_thread_blocked, id=15744, stack(0x000000d8ed600000,0x000000d8ed700000)]
  0x0000026616603800 JavaThread "Unconstrained build operations Thread 76" [_thread_blocked, id=9668, stack(0x000000d8ed700000,0x000000d8ed800000)]
  0x0000026616604800 JavaThread "Unconstrained build operations Thread 77" [_thread_blocked, id=12636, stack(0x000000d8ed800000,0x000000d8ed900000)]
  0x0000026616608800 JavaThread "Unconstrained build operations Thread 78" [_thread_blocked, id=12120, stack(0x000000d8ed900000,0x000000d8eda00000)]
  0x0000026616602800 JavaThread "Unconstrained build operations Thread 79" [_thread_blocked, id=14020, stack(0x000000d8eda00000,0x000000d8edb00000)]
  0x000002661660c800 JavaThread "Unconstrained build operations Thread 80" [_thread_blocked, id=8344, stack(0x000000d8edb00000,0x000000d8edc00000)]
  0x0000026616609000 JavaThread "Unconstrained build operations Thread 81" [_thread_blocked, id=10548, stack(0x000000d8edc00000,0x000000d8edd00000)]
  0x000002661660f000 JavaThread "Unconstrained build operations Thread 82" [_thread_blocked, id=5456, stack(0x000000d8edd00000,0x000000d8ede00000)]
  0x0000026616610000 JavaThread "Unconstrained build operations Thread 83" [_thread_blocked, id=12908, stack(0x000000d8ede00000,0x000000d8edf00000)]
  0x000002661660d800 JavaThread "Unconstrained build operations Thread 84" [_thread_blocked, id=4668, stack(0x000000d8edf00000,0x000000d8ee000000)]
  0x000002661660a000 JavaThread "Unconstrained build operations Thread 85" [_thread_blocked, id=15800, stack(0x000000d8ee000000,0x000000d8ee100000)]
  0x000002661660b000 JavaThread "Unconstrained build operations Thread 86" [_thread_blocked, id=15988, stack(0x000000d8ee100000,0x000000d8ee200000)]
  0x000002661660b800 JavaThread "Unconstrained build operations Thread 87" [_thread_blocked, id=15824, stack(0x000000d8ee200000,0x000000d8ee300000)]
  0x000002661660e000 JavaThread "Unconstrained build operations Thread 88" [_thread_blocked, id=15380, stack(0x000000d8ee300000,0x000000d8ee400000)]
  0x00000266172bb800 JavaThread "Unconstrained build operations Thread 89" [_thread_blocked, id=16024, stack(0x000000d8ee400000,0x000000d8ee500000)]
  0x00000266172bc000 JavaThread "Unconstrained build operations Thread 90" [_thread_blocked, id=11716, stack(0x000000d8ee500000,0x000000d8ee600000)]
  0x00000266172c2800 JavaThread "Unconstrained build operations Thread 91" [_thread_blocked, id=15836, stack(0x000000d8ee600000,0x000000d8ee700000)]
  0x00000266172be800 JavaThread "Unconstrained build operations Thread 92" [_thread_blocked, id=16036, stack(0x000000d8ee700000,0x000000d8ee800000)]
  0x00000266172c2000 JavaThread "Unconstrained build operations Thread 93" [_thread_blocked, id=6932, stack(0x000000d8ee800000,0x000000d8ee900000)]
  0x00000266172c1000 JavaThread "Unconstrained build operations Thread 94" [_thread_blocked, id=16000, stack(0x000000d8ee900000,0x000000d8eea00000)]
  0x00000266172bd000 JavaThread "Unconstrained build operations Thread 95" [_thread_blocked, id=16084, stack(0x000000d8eea00000,0x000000d8eeb00000)]
  0x00000266172bf800 JavaThread "Unconstrained build operations Thread 96" [_thread_blocked, id=15368, stack(0x000000d8eeb00000,0x000000d8eec00000)]
  0x00000266172c3800 JavaThread "Unconstrained build operations Thread 97" [_thread_blocked, id=15880, stack(0x000000d8eec00000,0x000000d8eed00000)]
  0x00000266172bd800 JavaThread "Unconstrained build operations Thread 98" [_thread_blocked, id=16120, stack(0x000000d8eed00000,0x000000d8eee00000)]
  0x00000266172c4000 JavaThread "Unconstrained build operations Thread 99" [_thread_blocked, id=15788, stack(0x000000d8eee00000,0x000000d8eef00000)]
  0x00000266172c6000 JavaThread "Unconstrained build operations Thread 100" [_thread_blocked, id=15440, stack(0x000000d8eef00000,0x000000d8ef000000)]
  0x00000266172c5000 JavaThread "Unconstrained build operations Thread 101" [_thread_blocked, id=15416, stack(0x000000d8ef000000,0x000000d8ef100000)]
  0x00000266172c0000 JavaThread "Unconstrained build operations Thread 102" [_thread_blocked, id=15812, stack(0x000000d8ef100000,0x000000d8ef200000)]
  0x00000266172c6800 JavaThread "Unconstrained build operations Thread 103" [_thread_blocked, id=15928, stack(0x000000d8ef200000,0x000000d8ef300000)]
  0x00000266172c7800 JavaThread "Unconstrained build operations Thread 104" [_thread_blocked, id=15404, stack(0x000000d8ef300000,0x000000d8ef400000)]
  0x00000266172c8800 JavaThread "Unconstrained build operations Thread 105" [_thread_blocked, id=15976, stack(0x000000d8ef400000,0x000000d8ef500000)]
  0x00000266172ca000 JavaThread "Unconstrained build operations Thread 106" [_thread_blocked, id=16060, stack(0x000000d8ef500000,0x000000d8ef600000)]
  0x00000266172c9000 JavaThread "Unconstrained build operations Thread 107" [_thread_blocked, id=16048, stack(0x000000d8ef600000,0x000000d8ef700000)]
  0x000002661704e800 JavaThread "Unconstrained build operations Thread 108" [_thread_blocked, id=15892, stack(0x000000d8ef700000,0x000000d8ef800000)]
  0x0000026617050800 JavaThread "Unconstrained build operations Thread 109" [_thread_blocked, id=15392, stack(0x000000d8ef800000,0x000000d8ef900000)]
  0x0000026617053800 JavaThread "Unconstrained build operations Thread 110" [_thread_blocked, id=15848, stack(0x000000d8ef900000,0x000000d8efa00000)]
  0x0000026617052000 JavaThread "Unconstrained build operations Thread 111" [_thread_blocked, id=16012, stack(0x000000d8efa00000,0x000000d8efb00000)]
  0x0000026617051000 JavaThread "Unconstrained build operations Thread 112" [_thread_blocked, id=15428, stack(0x000000d8efb00000,0x000000d8efc00000)]
  0x0000026617053000 JavaThread "Unconstrained build operations Thread 113" [_thread_blocked, id=16108, stack(0x000000d8efc00000,0x000000d8efd00000)]
  0x000002661704f800 JavaThread "Unconstrained build operations Thread 114" [_thread_blocked, id=15868, stack(0x000000d8efd00000,0x000000d8efe00000)]
  0x000002661704e000 JavaThread "Unconstrained build operations Thread 115" [_thread_blocked, id=16096, stack(0x000000d8efe00000,0x000000d8eff00000)]
  0x0000026617055000 JavaThread "Unconstrained build operations Thread 116" [_thread_blocked, id=15940, stack(0x000000d8eff00000,0x000000d8f0000000)]
  0x0000026617056000 JavaThread "Unconstrained build operations Thread 117" [_thread_blocked, id=15964, stack(0x000000d8f0000000,0x000000d8f0100000)]
  0x0000026617057000 JavaThread "Unconstrained build operations Thread 118" [_thread_blocked, id=15916, stack(0x000000d8f0100000,0x000000d8f0200000)]
  0x000002661705a000 JavaThread "Unconstrained build operations Thread 119" [_thread_blocked, id=15952, stack(0x000000d8f0200000,0x000000d8f0300000)]
  0x0000026617059800 JavaThread "Unconstrained build operations Thread 120" [_thread_blocked, id=15776, stack(0x000000d8f0300000,0x000000d8f0400000)]
  0x0000026611fa0800 JavaThread "C2 CompilerThread1" daemon [_thread_in_native, id=6848, stack(0x000000d8e6300000,0x000000d8e6400000)]
  0x000002660fb7d000 JavaThread "C2 CompilerThread2" daemon [_thread_in_native, id=13228, stack(0x000000d8e6b00000,0x000000d8e6c00000)]

Other Threads:
  0x000002667fac8800 VMThread "VM Thread" [stack: 0x000000d8e3e00000,0x000000d8e3f00000] [id=1552]
  0x000002667fd07000 WatcherThread [stack: 0x000000d8e4800000,0x000000d8e4900000] [id=5848]
  0x000002666d8d7800 GCTaskThread "GC Thread#0" [stack: 0x000000d8e3900000,0x000000d8e3a00000] [id=13088]
  0x000002660fd6d000 GCTaskThread "GC Thread#1" [stack: 0x000000d8e4b00000,0x000000d8e4c00000] [id=6748]
  0x000002660ff54800 GCTaskThread "GC Thread#2" [stack: 0x000000d8e4c00000,0x000000d8e4d00000] [id=15088]
  0x0000026610611800 GCTaskThread "GC Thread#3" [stack: 0x000000d8e4d00000,0x000000d8e4e00000] [id=13732]
  0x0000026610612800 GCTaskThread "GC Thread#4" [stack: 0x000000d8e4e00000,0x000000d8e4f00000] [id=12756]
  0x000002661130c000 GCTaskThread "GC Thread#5" [stack: 0x000000d8e5b00000,0x000000d8e5c00000] [id=14196]
  0x0000026611309800 GCTaskThread "GC Thread#6" [stack: 0x000000d8e5c00000,0x000000d8e5d00000] [id=10672]
  0x000002661130a800 GCTaskThread "GC Thread#7" [stack: 0x000000d8e5d00000,0x000000d8e5e00000] [id=14016]
  0x000002661130c800 GCTaskThread "GC Thread#8" [stack: 0x000000d8e5e00000,0x000000d8e5f00000] [id=3516]
  0x000002661130b000 GCTaskThread "GC Thread#9" [stack: 0x000000d8e5f00000,0x000000d8e6000000] [id=12804]
  0x000002666d908800 ConcurrentGCThread "G1 Main Marker" [stack: 0x000000d8e3a00000,0x000000d8e3b00000] [id=13084]
  0x000002666d909800 ConcurrentGCThread "G1 Conc#0" [stack: 0x000000d8e3b00000,0x000000d8e3c00000] [id=15132]
  0x0000026611307800 ConcurrentGCThread "G1 Conc#1" [stack: 0x000000d8e6000000,0x000000d8e6100000] [id=5948]
  0x0000026611306000 ConcurrentGCThread "G1 Conc#2" [stack: 0x000000d8e6200000,0x000000d8e6300000] [id=12844]
  0x000002667f957800 ConcurrentGCThread "G1 Refine#0" [stack: 0x000000d8e3c00000,0x000000d8e3d00000] [id=7392]
  0x000002661141f800 ConcurrentGCThread "G1 Refine#1" [stack: 0x000000d8e6100000,0x000000d8e6200000] [id=12320]
  0x000002667f958800 ConcurrentGCThread "G1 Young RemSet Sampling" [stack: 0x000000d8e3d00000,0x000000d8e3e00000] [id=2448]

Threads with active compile tasks:
C2 CompilerThread0  25398 11731 %     4       org.gradle.internal.instantiation.generator.AbstractClassGenerator::inspectType @ 77 (560 bytes)
C2 CompilerThread1  25398 11884       4       java.util.HashMap::remove (26 bytes)
C2 CompilerThread2  25398 11840       4       java.lang.Class::annotationData (44 bytes)

VM state:not at safepoint (normal execution)

VM Mutex/Monitor currently owned by a thread: None

Heap address: 0x0000000080000000, size: 2048 MB, Compressed Oops mode: 32-bit
Narrow klass base: 0x0000000000000000, Narrow klass shift: 3
Compressed class space size: 528482304 Address: 0x0000000100000000

Heap:
 garbage-first heap   total 229376K, used 148377K [0x0000000080000000, 0x0000000100000000)
  region size 1024K, 14 young (14336K), 7 survivors (7168K)
 Metaspace       used 102471K, capacity 106051K, committed 106404K, reserved 608256K
  class space    used 13647K, capacity 15033K, committed 15144K, reserved 516096K
Heap Regions: E=young(eden), S=young(survivor), O=old, HS=humongous(starts), HC=humongous(continues), CS=collection set, F=free, A=archive, TAMS=top-at-mark-start (previous, next)
|   0|0x0000000080000000, 0x0000000080100000, 0x0000000080100000|100%| O|  |TAMS 0x0000000080100000, 0x0000000080000000| Untracked 
|   1|0x0000000080100000, 0x0000000080200000, 0x0000000080200000|100%| O|  |TAMS 0x0000000080200000, 0x0000000080100000| Untracked 
|   2|0x0000000080200000, 0x0000000080300000, 0x0000000080300000|100%| O|  |TAMS 0x0000000080300000, 0x0000000080200000| Untracked 
|   3|0x0000000080300000, 0x0000000080400000, 0x0000000080400000|100%|HS|  |TAMS 0x0000000080400000, 0x0000000080300000| Complete 
|   4|0x0000000080400000, 0x0000000080500000, 0x0000000080500000|100%|HC|  |TAMS 0x0000000080500000, 0x0000000080400000| Complete 
|   5|0x0000000080500000, 0x0000000080600000, 0x0000000080600000|100%|HC|  |TAMS 0x0000000080600000, 0x0000000080500000| Complete 
|   6|0x0000000080600000, 0x0000000080700000, 0x0000000080700000|100%| O|  |TAMS 0x0000000080700000, 0x0000000080600000| Untracked 
|   7|0x0000000080700000, 0x0000000080800000, 0x0000000080800000|100%| O|  |TAMS 0x0000000080800000, 0x0000000080700000| Untracked 
|   8|0x0000000080800000, 0x0000000080900000, 0x0000000080900000|100%| O|  |TAMS 0x0000000080900000, 0x0000000080800000| Untracked 
|   9|0x0000000080900000, 0x0000000080a00000, 0x0000000080a00000|100%| O|  |TAMS 0x0000000080a00000, 0x0000000080900000| Untracked 
|  10|0x0000000080a00000, 0x0000000080b00000, 0x0000000080b00000|100%| O|  |TAMS 0x0000000080b00000, 0x0000000080a00000| Untracked 
|  11|0x0000000080b00000, 0x0000000080c00000, 0x0000000080c00000|100%| O|  |TAMS 0x0000000080c00000, 0x0000000080b00000| Untracked 
|  12|0x0000000080c00000, 0x0000000080d00000, 0x0000000080d00000|100%| O|  |TAMS 0x0000000080d00000, 0x0000000080c00000| Untracked 
|  13|0x0000000080d00000, 0x0000000080e00000, 0x0000000080e00000|100%| O|  |TAMS 0x0000000080e00000, 0x0000000080d00000| Untracked 
|  14|0x0000000080e00000, 0x0000000080f00000, 0x0000000080f00000|100%| O|  |TAMS 0x0000000080f00000, 0x0000000080e00000| Untracked 
|  15|0x0000000080f00000, 0x0000000081000000, 0x0000000081000000|100%| O|  |TAMS 0x0000000081000000, 0x0000000080f00000| Untracked 
|  16|0x0000000081000000, 0x0000000081100000, 0x0000000081100000|100%| O|  |TAMS 0x0000000081100000, 0x0000000081000000| Untracked 
|  17|0x0000000081100000, 0x0000000081200000, 0x0000000081200000|100%|HS|  |TAMS 0x0000000081200000, 0x0000000081100000| Complete 
|  18|0x0000000081200000, 0x0000000081300000, 0x0000000081300000|100%|HS|  |TAMS 0x0000000081300000, 0x0000000081200000| Complete 
|  19|0x0000000081300000, 0x0000000081400000, 0x0000000081400000|100%|HC|  |TAMS 0x0000000081400000, 0x0000000081300000| Complete 
|  20|0x0000000081400000, 0x0000000081500000, 0x0000000081500000|100%|HC|  |TAMS 0x0000000081500000, 0x0000000081400000| Complete 
|  21|0x0000000081500000, 0x0000000081600000, 0x0000000081600000|100%| O|  |TAMS 0x0000000081600000, 0x0000000081500000| Untracked 
|  22|0x0000000081600000, 0x0000000081700000, 0x0000000081700000|100%| O|  |TAMS 0x0000000081700000, 0x0000000081600000| Untracked 
|  23|0x0000000081700000, 0x0000000081800000, 0x0000000081800000|100%| O|  |TAMS 0x0000000081800000, 0x0000000081700000| Untracked 
|  24|0x0000000081800000, 0x0000000081900000, 0x0000000081900000|100%| O|  |TAMS 0x0000000081900000, 0x0000000081800000| Untracked 
|  25|0x0000000081900000, 0x0000000081a00000, 0x0000000081a00000|100%| O|  |TAMS 0x0000000081a00000, 0x0000000081900000| Untracked 
|  26|0x0000000081a00000, 0x0000000081b00000, 0x0000000081b00000|100%| O|  |TAMS 0x0000000081b00000, 0x0000000081a00000| Untracked 
|  27|0x0000000081b00000, 0x0000000081c00000, 0x0000000081c00000|100%| O|  |TAMS 0x0000000081c00000, 0x0000000081b00000| Untracked 
|  28|0x0000000081c00000, 0x0000000081d00000, 0x0000000081d00000|100%| O|  |TAMS 0x0000000081d00000, 0x0000000081c00000| Untracked 
|  29|0x0000000081d00000, 0x0000000081e00000, 0x0000000081e00000|100%| O|  |TAMS 0x0000000081e00000, 0x0000000081d00000| Untracked 
|  30|0x0000000081e00000, 0x0000000081f00000, 0x0000000081f00000|100%| O|  |TAMS 0x0000000081f00000, 0x0000000081e00000| Untracked 
|  31|0x0000000081f00000, 0x0000000082000000, 0x0000000082000000|100%| O|  |TAMS 0x0000000082000000, 0x0000000081f00000| Untracked 
|  32|0x0000000082000000, 0x0000000082100000, 0x0000000082100000|100%| O|  |TAMS 0x0000000082100000, 0x0000000082000000| Untracked 
|  33|0x0000000082100000, 0x0000000082200000, 0x0000000082200000|100%| O|  |TAMS 0x0000000082200000, 0x0000000082100000| Untracked 
|  34|0x0000000082200000, 0x0000000082300000, 0x0000000082300000|100%| O|  |TAMS 0x0000000082300000, 0x0000000082200000| Untracked 
|  35|0x0000000082300000, 0x0000000082400000, 0x0000000082400000|100%| O|  |TAMS 0x0000000082400000, 0x0000000082300000| Untracked 
|  36|0x0000000082400000, 0x0000000082500000, 0x0000000082500000|100%| O|  |TAMS 0x0000000082500000, 0x0000000082400000| Untracked 
|  37|0x0000000082500000, 0x0000000082600000, 0x0000000082600000|100%| O|  |TAMS 0x0000000082600000, 0x0000000082500000| Untracked 
|  38|0x0000000082600000, 0x0000000082700000, 0x0000000082700000|100%| O|  |TAMS 0x0000000082700000, 0x0000000082600000| Untracked 
|  39|0x0000000082700000, 0x0000000082800000, 0x0000000082800000|100%| O|  |TAMS 0x0000000082800000, 0x0000000082700000| Untracked 
|  40|0x0000000082800000, 0x0000000082900000, 0x0000000082900000|100%|HS|  |TAMS 0x0000000082900000, 0x0000000082800000| Complete 
|  41|0x0000000082900000, 0x0000000082a00000, 0x0000000082a00000|100%|HS|  |TAMS 0x0000000082a00000, 0x0000000082900000| Complete 
|  42|0x0000000082a00000, 0x0000000082b00000, 0x0000000082b00000|100%| O|  |TAMS 0x0000000082b00000, 0x0000000082a00000| Untracked 
|  43|0x0000000082b00000, 0x0000000082c00000, 0x0000000082c00000|100%|HS|  |TAMS 0x0000000082c00000, 0x0000000082b00000| Complete 
|  44|0x0000000082c00000, 0x0000000082d00000, 0x0000000082d00000|100%|HC|  |TAMS 0x0000000082d00000, 0x0000000082c00000| Complete 
|  45|0x0000000082d00000, 0x0000000082e00000, 0x0000000082e00000|100%| O|  |TAMS 0x0000000082e00000, 0x0000000082d00000| Untracked 
|  46|0x0000000082e00000, 0x0000000082f00000, 0x0000000082f00000|100%| O|  |TAMS 0x0000000082f00000, 0x0000000082e00000| Untracked 
|  47|0x0000000082f00000, 0x0000000083000000, 0x0000000083000000|100%| O|  |TAMS 0x0000000083000000, 0x0000000082f00000| Untracked 
|  48|0x0000000083000000, 0x0000000083100000, 0x0000000083100000|100%| O|  |TAMS 0x0000000083100000, 0x0000000083000000| Untracked 
|  49|0x0000000083100000, 0x0000000083200000, 0x0000000083200000|100%| O|  |TAMS 0x0000000083200000, 0x0000000083100000| Untracked 
|  50|0x0000000083200000, 0x0000000083300000, 0x0000000083300000|100%| O|  |TAMS 0x0000000083300000, 0x0000000083200000| Untracked 
|  51|0x0000000083300000, 0x0000000083400000, 0x0000000083400000|100%| O|  |TAMS 0x0000000083400000, 0x0000000083300000| Untracked 
|  52|0x0000000083400000, 0x0000000083500000, 0x0000000083500000|100%| O|  |TAMS 0x0000000083500000, 0x0000000083400000| Untracked 
|  53|0x0000000083500000, 0x0000000083600000, 0x0000000083600000|100%| O|  |TAMS 0x0000000083600000, 0x0000000083500000| Untracked 
|  54|0x0000000083600000, 0x0000000083700000, 0x0000000083700000|100%| O|  |TAMS 0x0000000083700000, 0x0000000083600000| Untracked 
|  55|0x0000000083700000, 0x0000000083800000, 0x0000000083800000|100%| O|  |TAMS 0x0000000083800000, 0x0000000083700000| Untracked 
|  56|0x0000000083800000, 0x0000000083900000, 0x0000000083900000|100%| O|  |TAMS 0x0000000083900000, 0x0000000083800000| Untracked 
|  57|0x0000000083900000, 0x0000000083a00000, 0x0000000083a00000|100%| O|  |TAMS 0x0000000083a00000, 0x0000000083900000| Untracked 
|  58|0x0000000083a00000, 0x0000000083b00000, 0x0000000083b00000|100%| O|  |TAMS 0x0000000083b00000, 0x0000000083a00000| Untracked 
|  59|0x0000000083b00000, 0x0000000083c00000, 0x0000000083c00000|100%| O|  |TAMS 0x0000000083c00000, 0x0000000083b00000| Untracked 
|  60|0x0000000083c00000, 0x0000000083d00000, 0x0000000083d00000|100%| O|  |TAMS 0x0000000083d00000, 0x0000000083c00000| Untracked 
|  61|0x0000000083d00000, 0x0000000083e00000, 0x0000000083e00000|100%| O|  |TAMS 0x0000000083e00000, 0x0000000083d00000| Untracked 
|  62|0x0000000083e00000, 0x0000000083f00000, 0x0000000083f00000|100%| O|  |TAMS 0x0000000083f00000, 0x0000000083e00000| Untracked 
|  63|0x0000000083f00000, 0x0000000084000000, 0x0000000084000000|100%| O|  |TAMS 0x0000000084000000, 0x0000000083f00000| Untracked 
|  64|0x0000000084000000, 0x0000000084100000, 0x0000000084100000|100%| O|  |TAMS 0x0000000084100000, 0x0000000084000000| Untracked 
|  65|0x0000000084100000, 0x0000000084200000, 0x0000000084200000|100%| O|  |TAMS 0x0000000084200000, 0x0000000084100000| Untracked 
|  66|0x0000000084200000, 0x0000000084300000, 0x0000000084300000|100%| O|  |TAMS 0x0000000084300000, 0x0000000084200000| Untracked 
|  67|0x0000000084300000, 0x0000000084400000, 0x0000000084400000|100%| O|  |TAMS 0x0000000084400000, 0x0000000084300000| Untracked 
|  68|0x0000000084400000, 0x0000000084500000, 0x0000000084500000|100%| O|  |TAMS 0x0000000084500000, 0x0000000084400000| Untracked 
|  69|0x0000000084500000, 0x0000000084600000, 0x0000000084600000|100%| O|  |TAMS 0x0000000084600000, 0x0000000084500000| Untracked 
|  70|0x0000000084600000, 0x0000000084700000, 0x0000000084700000|100%|HS|  |TAMS 0x0000000084700000, 0x0000000084600000| Complete 
|  71|0x0000000084700000, 0x0000000084800000, 0x0000000084800000|100%|HS|  |TAMS 0x0000000084800000, 0x0000000084700000| Complete 
|  72|0x0000000084800000, 0x0000000084900000, 0x0000000084900000|100%|HS|  |TAMS 0x0000000084900000, 0x0000000084800000| Complete 
|  73|0x0000000084900000, 0x0000000084a00000, 0x0000000084a00000|100%|HS|  |TAMS 0x0000000084a00000, 0x0000000084900000| Complete 
|  74|0x0000000084a00000, 0x0000000084b00000, 0x0000000084b00000|100%|HC|  |TAMS 0x0000000084b00000, 0x0000000084a00000| Complete 
|  75|0x0000000084b00000, 0x0000000084c00000, 0x0000000084c00000|100%|HC|  |TAMS 0x0000000084c00000, 0x0000000084b00000| Complete 
|  76|0x0000000084c00000, 0x0000000084d00000, 0x0000000084d00000|100%| O|  |TAMS 0x0000000084d00000, 0x0000000084c00000| Untracked 
|  77|0x0000000084d00000, 0x0000000084e00000, 0x0000000084e00000|100%| O|  |TAMS 0x0000000084e00000, 0x0000000084d00000| Untracked 
|  78|0x0000000084e00000, 0x0000000084f00000, 0x0000000084f00000|100%| O|  |TAMS 0x0000000084f00000, 0x0000000084e00000| Untracked 
|  79|0x0000000084f00000, 0x0000000085000000, 0x0000000085000000|100%| O|  |TAMS 0x0000000085000000, 0x0000000084f00000| Untracked 
|  80|0x0000000085000000, 0x0000000085100000, 0x0000000085100000|100%| O|  |TAMS 0x0000000085100000, 0x0000000085000000| Untracked 
|  81|0x0000000085100000, 0x0000000085200000, 0x0000000085200000|100%| O|  |TAMS 0x0000000085200000, 0x0000000085100000| Untracked 
|  82|0x0000000085200000, 0x0000000085300000, 0x0000000085300000|100%| O|  |TAMS 0x0000000085300000, 0x0000000085200000| Untracked 
|  83|0x0000000085300000, 0x0000000085400000, 0x0000000085400000|100%| O|  |TAMS 0x0000000085400000, 0x0000000085300000| Untracked 
|  84|0x0000000085400000, 0x0000000085500000, 0x0000000085500000|100%| O|  |TAMS 0x0000000085500000, 0x0000000085400000| Untracked 
|  85|0x0000000085500000, 0x0000000085600000, 0x0000000085600000|100%|HS|  |TAMS 0x0000000085600000, 0x0000000085500000| Complete 
|  86|0x0000000085600000, 0x0000000085700000, 0x0000000085700000|100%|HC|  |TAMS 0x0000000085700000, 0x0000000085600000| Complete 
|  87|0x0000000085700000, 0x0000000085800000, 0x0000000085800000|100%|HS|  |TAMS 0x0000000085800000, 0x0000000085700000| Complete 
|  88|0x0000000085800000, 0x0000000085900000, 0x0000000085900000|100%|HC|  |TAMS 0x0000000085900000, 0x0000000085800000| Complete 
|  89|0x0000000085900000, 0x0000000085a00000, 0x0000000085a00000|100%|HC|  |TAMS 0x0000000085a00000, 0x0000000085900000| Complete 
|  90|0x0000000085a00000, 0x0000000085b00000, 0x0000000085b00000|100%|HC|  |TAMS 0x0000000085b00000, 0x0000000085a00000| Complete 
|  91|0x0000000085b00000, 0x0000000085c00000, 0x0000000085c00000|100%|HS|  |TAMS 0x0000000085c00000, 0x0000000085b00000| Complete 
|  92|0x0000000085c00000, 0x0000000085d00000, 0x0000000085d00000|100%|HS|  |TAMS 0x0000000085d00000, 0x0000000085c00000| Complete 
|  93|0x0000000085d00000, 0x0000000085e00000, 0x0000000085e00000|100%|HC|  |TAMS 0x0000000085e00000, 0x0000000085d00000| Complete 
|  94|0x0000000085e00000, 0x0000000085f00000, 0x0000000085f00000|100%|HC|  |TAMS 0x0000000085f00000, 0x0000000085e00000| Complete 
|  95|0x0000000085f00000, 0x0000000086000000, 0x0000000086000000|100%| O|  |TAMS 0x0000000086000000, 0x0000000085f00000| Untracked 
|  96|0x0000000086000000, 0x0000000086100000, 0x0000000086100000|100%| O|  |TAMS 0x0000000086100000, 0x0000000086000000| Untracked 
|  97|0x0000000086100000, 0x0000000086200000, 0x0000000086200000|100%| O|  |TAMS 0x0000000086200000, 0x0000000086100000| Untracked 
|  98|0x0000000086200000, 0x0000000086300000, 0x0000000086300000|100%| O|  |TAMS 0x0000000086300000, 0x0000000086200000| Untracked 
|  99|0x0000000086300000, 0x0000000086400000, 0x0000000086400000|100%| O|  |TAMS 0x0000000086400000, 0x0000000086300000| Untracked 
| 100|0x0000000086400000, 0x0000000086500000, 0x0000000086500000|100%| O|  |TAMS 0x0000000086500000, 0x0000000086400000| Untracked 
| 101|0x0000000086500000, 0x0000000086600000, 0x0000000086600000|100%| O|  |TAMS 0x0000000086600000, 0x0000000086500000| Untracked 
| 102|0x0000000086600000, 0x0000000086700000, 0x0000000086700000|100%| O|  |TAMS 0x0000000086700000, 0x0000000086600000| Untracked 
| 103|0x0000000086700000, 0x0000000086800000, 0x0000000086800000|100%| O|  |TAMS 0x0000000086800000, 0x0000000086700000| Untracked 
| 104|0x0000000086800000, 0x0000000086900000, 0x0000000086900000|100%| O|  |TAMS 0x0000000086900000, 0x0000000086800000| Untracked 
| 105|0x0000000086900000, 0x0000000086a00000, 0x0000000086a00000|100%| O|  |TAMS 0x0000000086a00000, 0x0000000086900000| Untracked 
| 106|0x0000000086a00000, 0x0000000086b00000, 0x0000000086b00000|100%| O|  |TAMS 0x0000000086b00000, 0x0000000086a00000| Untracked 
| 107|0x0000000086b00000, 0x0000000086c00000, 0x0000000086c00000|100%| O|  |TAMS 0x0000000086c00000, 0x0000000086b00000| Untracked 
| 108|0x0000000086c00000, 0x0000000086d00000, 0x0000000086d00000|100%| O|  |TAMS 0x0000000086d00000, 0x0000000086c00000| Untracked 
| 109|0x0000000086d00000, 0x0000000086e00000, 0x0000000086e00000|100%| O|  |TAMS 0x0000000086e00000, 0x0000000086d00000| Untracked 
| 110|0x0000000086e00000, 0x0000000086f00000, 0x0000000086f00000|100%| O|  |TAMS 0x0000000086f00000, 0x0000000086e00000| Untracked 
| 111|0x0000000086f00000, 0x0000000087000000, 0x0000000087000000|100%| O|  |TAMS 0x0000000087000000, 0x0000000086f00000| Untracked 
| 112|0x0000000087000000, 0x0000000087100000, 0x0000000087100000|100%| O|  |TAMS 0x0000000087100000, 0x0000000087000000| Untracked 
| 113|0x0000000087100000, 0x0000000087200000, 0x0000000087200000|100%| O|  |TAMS 0x0000000087200000, 0x0000000087100000| Untracked 
| 114|0x0000000087200000, 0x0000000087300000, 0x0000000087300000|100%| O|  |TAMS 0x0000000087300000, 0x0000000087200000| Untracked 
| 115|0x0000000087300000, 0x0000000087400000, 0x0000000087400000|100%| O|  |TAMS 0x0000000087400000, 0x0000000087300000| Untracked 
| 116|0x0000000087400000, 0x0000000087500000, 0x0000000087500000|100%|HS|  |TAMS 0x0000000087500000, 0x0000000087400000| Complete 
| 117|0x0000000087500000, 0x0000000087600000, 0x0000000087600000|100%|HS|  |TAMS 0x0000000087600000, 0x0000000087500000| Complete 
| 118|0x0000000087600000, 0x0000000087700000, 0x0000000087700000|100%|HS|  |TAMS 0x0000000087700000, 0x0000000087600000| Complete 
| 119|0x0000000087700000, 0x0000000087800000, 0x0000000087800000|100%|HC|  |TAMS 0x0000000087800000, 0x0000000087700000| Complete 
| 120|0x0000000087800000, 0x0000000087900000, 0x0000000087900000|100%|HC|  |TAMS 0x0000000087900000, 0x0000000087800000| Complete 
| 121|0x0000000087900000, 0x0000000087a00000, 0x0000000087a00000|100%| O|  |TAMS 0x0000000087a00000, 0x0000000087900000| Untracked 
| 122|0x0000000087a00000, 0x0000000087b00000, 0x0000000087b00000|100%| O|  |TAMS 0x0000000087b00000, 0x0000000087a00000| Untracked 
| 123|0x0000000087b00000, 0x0000000087c00000, 0x0000000087c00000|100%| O|  |TAMS 0x0000000087c00000, 0x0000000087b00000| Untracked 
| 124|0x0000000087c00000, 0x0000000087d00000, 0x0000000087d00000|100%| O|  |TAMS 0x0000000087d00000, 0x0000000087c00000| Untracked 
| 125|0x0000000087d00000, 0x0000000087e00000, 0x0000000087e00000|100%| O|  |TAMS 0x0000000087e00000, 0x0000000087d00000| Untracked 
| 126|0x0000000087e00000, 0x0000000087f00000, 0x0000000087f00000|100%| O|  |TAMS 0x0000000087f00000, 0x0000000087e00000| Untracked 
| 127|0x0000000087f00000, 0x0000000088000000, 0x0000000088000000|100%| O|  |TAMS 0x0000000088000000, 0x0000000087f00000| Untracked 
| 128|0x0000000088000000, 0x0000000088100000, 0x0000000088100000|100%| O|  |TAMS 0x0000000088100000, 0x0000000088000000| Untracked 
| 129|0x0000000088100000, 0x0000000088200000, 0x0000000088200000|100%| O|  |TAMS 0x0000000088200000, 0x0000000088100000| Untracked 
| 130|0x0000000088200000, 0x0000000088300000, 0x0000000088300000|100%| O|  |TAMS 0x0000000088300000, 0x0000000088200000| Untracked 
| 131|0x0000000088300000, 0x0000000088400000, 0x0000000088400000|100%| O|  |TAMS 0x0000000088400000, 0x0000000088300000| Untracked 
| 132|0x0000000088400000, 0x0000000088456600, 0x0000000088500000| 33%| O|  |TAMS 0x0000000088456600, 0x0000000088400000| Untracked 
| 133|0x0000000088500000, 0x0000000088500000, 0x0000000088600000|  0%| F|  |TAMS 0x0000000088500000, 0x0000000088500000| Untracked 
| 134|0x0000000088600000, 0x0000000088600000, 0x0000000088700000|  0%| F|  |TAMS 0x0000000088600000, 0x0000000088600000| Untracked 
| 135|0x0000000088700000, 0x0000000088700000, 0x0000000088800000|  0%| F|  |TAMS 0x0000000088700000, 0x0000000088700000| Untracked 
| 136|0x0000000088800000, 0x0000000088800000, 0x0000000088900000|  0%| F|  |TAMS 0x0000000088800000, 0x0000000088800000| Untracked 
| 137|0x0000000088900000, 0x0000000088900000, 0x0000000088a00000|  0%| F|  |TAMS 0x0000000088900000, 0x0000000088900000| Untracked 
| 138|0x0000000088a00000, 0x0000000088a00000, 0x0000000088b00000|  0%| F|  |TAMS 0x0000000088a00000, 0x0000000088a00000| Untracked 
| 139|0x0000000088b00000, 0x0000000088b00000, 0x0000000088c00000|  0%| F|  |TAMS 0x0000000088b00000, 0x0000000088b00000| Untracked 
| 140|0x0000000088c00000, 0x0000000088c00000, 0x0000000088d00000|  0%| F|  |TAMS 0x0000000088c00000, 0x0000000088c00000| Untracked 
| 141|0x0000000088d00000, 0x0000000088d00000, 0x0000000088e00000|  0%| F|  |TAMS 0x0000000088d00000, 0x0000000088d00000| Untracked 
| 142|0x0000000088e00000, 0x0000000088e00000, 0x0000000088f00000|  0%| F|  |TAMS 0x0000000088e00000, 0x0000000088e00000| Untracked 
| 143|0x0000000088f00000, 0x0000000088f00000, 0x0000000089000000|  0%| F|  |TAMS 0x0000000088f00000, 0x0000000088f00000| Untracked 
| 144|0x0000000089000000, 0x0000000089000000, 0x0000000089100000|  0%| F|  |TAMS 0x0000000089000000, 0x0000000089000000| Untracked 
| 145|0x0000000089100000, 0x0000000089100000, 0x0000000089200000|  0%| F|  |TAMS 0x0000000089100000, 0x0000000089100000| Untracked 
| 146|0x0000000089200000, 0x0000000089200000, 0x0000000089300000|  0%| F|  |TAMS 0x0000000089200000, 0x0000000089200000| Untracked 
| 147|0x0000000089300000, 0x0000000089300000, 0x0000000089400000|  0%| F|  |TAMS 0x0000000089300000, 0x0000000089300000| Untracked 
| 148|0x0000000089400000, 0x0000000089400000, 0x0000000089500000|  0%| F|  |TAMS 0x0000000089400000, 0x0000000089400000| Untracked 
| 149|0x0000000089500000, 0x0000000089500000, 0x0000000089600000|  0%| F|  |TAMS 0x0000000089500000, 0x0000000089500000| Untracked 
| 150|0x0000000089600000, 0x0000000089600000, 0x0000000089700000|  0%| F|  |TAMS 0x0000000089600000, 0x0000000089600000| Untracked 
| 151|0x0000000089700000, 0x0000000089700000, 0x0000000089800000|  0%| F|  |TAMS 0x0000000089700000, 0x0000000089700000| Untracked 
| 152|0x0000000089800000, 0x0000000089800000, 0x0000000089900000|  0%| F|  |TAMS 0x0000000089800000, 0x0000000089800000| Untracked 
| 153|0x0000000089900000, 0x0000000089900000, 0x0000000089a00000|  0%| F|  |TAMS 0x0000000089900000, 0x0000000089900000| Untracked 
| 154|0x0000000089a00000, 0x0000000089a00000, 0x0000000089b00000|  0%| F|  |TAMS 0x0000000089a00000, 0x0000000089a00000| Untracked 
| 155|0x0000000089b00000, 0x0000000089b00000, 0x0000000089c00000|  0%| F|  |TAMS 0x0000000089b00000, 0x0000000089b00000| Untracked 
| 156|0x0000000089c00000, 0x0000000089c00000, 0x0000000089d00000|  0%| F|  |TAMS 0x0000000089c00000, 0x0000000089c00000| Untracked 
| 157|0x0000000089d00000, 0x0000000089d00000, 0x0000000089e00000|  0%| F|  |TAMS 0x0000000089d00000, 0x0000000089d00000| Untracked 
| 158|0x0000000089e00000, 0x0000000089e00000, 0x0000000089f00000|  0%| F|  |TAMS 0x0000000089e00000, 0x0000000089e00000| Untracked 
| 159|0x0000000089f00000, 0x0000000089f00000, 0x000000008a000000|  0%| F|  |TAMS 0x0000000089f00000, 0x0000000089f00000| Untracked 
| 160|0x000000008a000000, 0x000000008a000000, 0x000000008a100000|  0%| F|  |TAMS 0x000000008a000000, 0x000000008a000000| Untracked 
| 161|0x000000008a100000, 0x000000008a100000, 0x000000008a200000|  0%| F|  |TAMS 0x000000008a100000, 0x000000008a100000| Untracked 
| 162|0x000000008a200000, 0x000000008a200000, 0x000000008a300000|  0%| F|  |TAMS 0x000000008a200000, 0x000000008a200000| Untracked 
| 163|0x000000008a300000, 0x000000008a300000, 0x000000008a400000|  0%| F|  |TAMS 0x000000008a300000, 0x000000008a300000| Untracked 
| 164|0x000000008a400000, 0x000000008a400000, 0x000000008a500000|  0%| F|  |TAMS 0x000000008a400000, 0x000000008a400000| Untracked 
| 165|0x000000008a500000, 0x000000008a500000, 0x000000008a600000|  0%| F|  |TAMS 0x000000008a500000, 0x000000008a500000| Untracked 
| 166|0x000000008a600000, 0x000000008a600000, 0x000000008a700000|  0%| F|  |TAMS 0x000000008a600000, 0x000000008a600000| Untracked 
| 167|0x000000008a700000, 0x000000008a700000, 0x000000008a800000|  0%| F|  |TAMS 0x000000008a700000, 0x000000008a700000| Untracked 
| 168|0x000000008a800000, 0x000000008a800000, 0x000000008a900000|  0%| F|  |TAMS 0x000000008a800000, 0x000000008a800000| Untracked 
| 169|0x000000008a900000, 0x000000008a900000, 0x000000008aa00000|  0%| F|  |TAMS 0x000000008a900000, 0x000000008a900000| Untracked 
| 170|0x000000008aa00000, 0x000000008aa90120, 0x000000008ab00000| 56%| S|CS|TAMS 0x000000008aa00000, 0x000000008aa00000| Complete 
| 171|0x000000008ab00000, 0x000000008ac00000, 0x000000008ac00000|100%| S|CS|TAMS 0x000000008ab00000, 0x000000008ab00000| Complete 
| 172|0x000000008ac00000, 0x000000008ad00000, 0x000000008ad00000|100%| S|CS|TAMS 0x000000008ac00000, 0x000000008ac00000| Complete 
| 173|0x000000008ad00000, 0x000000008ae00000, 0x000000008ae00000|100%| S|CS|TAMS 0x000000008ad00000, 0x000000008ad00000| Complete 
| 174|0x000000008ae00000, 0x000000008af00000, 0x000000008af00000|100%| S|CS|TAMS 0x000000008ae00000, 0x000000008ae00000| Complete 
| 175|0x000000008af00000, 0x000000008b000000, 0x000000008b000000|100%| S|CS|TAMS 0x000000008af00000, 0x000000008af00000| Complete 
| 176|0x000000008b000000, 0x000000008b100000, 0x000000008b100000|100%| S|CS|TAMS 0x000000008b000000, 0x000000008b000000| Complete 
| 177|0x000000008b100000, 0x000000008b100000, 0x000000008b200000|  0%| F|  |TAMS 0x000000008b100000, 0x000000008b100000| Untracked 
| 178|0x000000008b200000, 0x000000008b200000, 0x000000008b300000|  0%| F|  |TAMS 0x000000008b200000, 0x000000008b200000| Untracked 
| 179|0x000000008b300000, 0x000000008b300000, 0x000000008b400000|  0%| F|  |TAMS 0x000000008b300000, 0x000000008b300000| Untracked 
| 180|0x000000008b400000, 0x000000008b400000, 0x000000008b500000|  0%| F|  |TAMS 0x000000008b400000, 0x000000008b400000| Untracked 
| 181|0x000000008b500000, 0x000000008b500000, 0x000000008b600000|  0%| F|  |TAMS 0x000000008b500000, 0x000000008b500000| Untracked 
| 182|0x000000008b600000, 0x000000008b600000, 0x000000008b700000|  0%| F|  |TAMS 0x000000008b600000, 0x000000008b600000| Untracked 
| 183|0x000000008b700000, 0x000000008b700000, 0x000000008b800000|  0%| F|  |TAMS 0x000000008b700000, 0x000000008b700000| Untracked 
| 184|0x000000008b800000, 0x000000008b800000, 0x000000008b900000|  0%| F|  |TAMS 0x000000008b800000, 0x000000008b800000| Untracked 
| 185|0x000000008b900000, 0x000000008b900000, 0x000000008ba00000|  0%| F|  |TAMS 0x000000008b900000, 0x000000008b900000| Untracked 
| 186|0x000000008ba00000, 0x000000008ba00000, 0x000000008bb00000|  0%| F|  |TAMS 0x000000008ba00000, 0x000000008ba00000| Untracked 
| 187|0x000000008bb00000, 0x000000008bb00000, 0x000000008bc00000|  0%| F|  |TAMS 0x000000008bb00000, 0x000000008bb00000| Untracked 
| 188|0x000000008bc00000, 0x000000008bc00000, 0x000000008bd00000|  0%| F|  |TAMS 0x000000008bc00000, 0x000000008bc00000| Untracked 
| 189|0x000000008bd00000, 0x000000008bd00000, 0x000000008be00000|  0%| F|  |TAMS 0x000000008bd00000, 0x000000008bd00000| Untracked 
| 190|0x000000008be00000, 0x000000008be00000, 0x000000008bf00000|  0%| F|  |TAMS 0x000000008be00000, 0x000000008be00000| Untracked 
| 191|0x000000008bf00000, 0x000000008bf00000, 0x000000008c000000|  0%| F|  |TAMS 0x000000008bf00000, 0x000000008bf00000| Untracked 
| 192|0x000000008c000000, 0x000000008c000000, 0x000000008c100000|  0%| F|  |TAMS 0x000000008c000000, 0x000000008c000000| Untracked 
| 193|0x000000008c100000, 0x000000008c100000, 0x000000008c200000|  0%| F|  |TAMS 0x000000008c100000, 0x000000008c100000| Untracked 
| 194|0x000000008c200000, 0x000000008c200000, 0x000000008c300000|  0%| F|  |TAMS 0x000000008c200000, 0x000000008c200000| Untracked 
| 195|0x000000008c300000, 0x000000008c300000, 0x000000008c400000|  0%| F|  |TAMS 0x000000008c300000, 0x000000008c300000| Untracked 
| 196|0x000000008c400000, 0x000000008c400000, 0x000000008c500000|  0%| F|  |TAMS 0x000000008c400000, 0x000000008c400000| Untracked 
| 197|0x000000008c500000, 0x000000008c500000, 0x000000008c600000|  0%| F|  |TAMS 0x000000008c500000, 0x000000008c500000| Untracked 
| 198|0x000000008c600000, 0x000000008c600000, 0x000000008c700000|  0%| F|  |TAMS 0x000000008c600000, 0x000000008c600000| Untracked 
| 199|0x000000008c700000, 0x000000008c700000, 0x000000008c800000|  0%| F|  |TAMS 0x000000008c700000, 0x000000008c700000| Untracked 
| 200|0x000000008c800000, 0x000000008c800000, 0x000000008c900000|  0%| F|  |TAMS 0x000000008c800000, 0x000000008c800000| Untracked 
| 201|0x000000008c900000, 0x000000008c900000, 0x000000008ca00000|  0%| F|  |TAMS 0x000000008c900000, 0x000000008c900000| Untracked 
| 202|0x000000008ca00000, 0x000000008ca00000, 0x000000008cb00000|  0%| F|  |TAMS 0x000000008ca00000, 0x000000008ca00000| Untracked 
| 203|0x000000008cb00000, 0x000000008cb00000, 0x000000008cc00000|  0%| F|  |TAMS 0x000000008cb00000, 0x000000008cb00000| Untracked 
| 204|0x000000008cc00000, 0x000000008cc00000, 0x000000008cd00000|  0%| F|  |TAMS 0x000000008cc00000, 0x000000008cc00000| Untracked 
| 205|0x000000008cd00000, 0x000000008cd00000, 0x000000008ce00000|  0%| F|  |TAMS 0x000000008cd00000, 0x000000008cd00000| Untracked 
| 206|0x000000008ce00000, 0x000000008ce00000, 0x000000008cf00000|  0%| F|  |TAMS 0x000000008ce00000, 0x000000008ce00000| Untracked 
| 207|0x000000008cf00000, 0x000000008cf00000, 0x000000008d000000|  0%| F|  |TAMS 0x000000008cf00000, 0x000000008cf00000| Untracked 
| 208|0x000000008d000000, 0x000000008d000000, 0x000000008d100000|  0%| F|  |TAMS 0x000000008d000000, 0x000000008d000000| Untracked 
| 209|0x000000008d100000, 0x000000008d100000, 0x000000008d200000|  0%| F|  |TAMS 0x000000008d100000, 0x000000008d100000| Untracked 
| 210|0x000000008d200000, 0x000000008d200000, 0x000000008d300000|  0%| F|  |TAMS 0x000000008d200000, 0x000000008d200000| Untracked 
| 211|0x000000008d300000, 0x000000008d300000, 0x000000008d400000|  0%| F|  |TAMS 0x000000008d300000, 0x000000008d300000| Untracked 
| 212|0x000000008d400000, 0x000000008d400000, 0x000000008d500000|  0%| F|  |TAMS 0x000000008d400000, 0x000000008d400000| Untracked 
| 213|0x000000008d500000, 0x000000008d500000, 0x000000008d600000|  0%| F|  |TAMS 0x000000008d500000, 0x000000008d500000| Untracked 
| 214|0x000000008d600000, 0x000000008d600000, 0x000000008d700000|  0%| F|  |TAMS 0x000000008d600000, 0x000000008d600000| Untracked 
| 215|0x000000008d700000, 0x000000008d700000, 0x000000008d800000|  0%| F|  |TAMS 0x000000008d700000, 0x000000008d700000| Untracked 
| 216|0x000000008d800000, 0x000000008d800000, 0x000000008d900000|  0%| F|  |TAMS 0x000000008d800000, 0x000000008d800000| Untracked 
| 217|0x000000008d900000, 0x000000008d980800, 0x000000008da00000| 50%| E|  |TAMS 0x000000008d900000, 0x000000008d900000| Complete 
| 218|0x000000008da00000, 0x000000008db00000, 0x000000008db00000|100%| E|CS|TAMS 0x000000008da00000, 0x000000008da00000| Complete 
| 219|0x000000008db00000, 0x000000008dc00000, 0x000000008dc00000|100%| E|CS|TAMS 0x000000008db00000, 0x000000008db00000| Complete 
| 220|0x000000008dc00000, 0x000000008dd00000, 0x000000008dd00000|100%| E|CS|TAMS 0x000000008dc00000, 0x000000008dc00000| Complete 
| 221|0x000000008dd00000, 0x000000008de00000, 0x000000008de00000|100%| E|CS|TAMS 0x000000008dd00000, 0x000000008dd00000| Complete 
| 222|0x000000008de00000, 0x000000008df00000, 0x000000008df00000|100%| E|CS|TAMS 0x000000008de00000, 0x000000008de00000| Complete 
| 223|0x000000008df00000, 0x000000008e000000, 0x000000008e000000|100%| E|CS|TAMS 0x000000008df00000, 0x000000008df00000| Complete 

Card table byte_map: [0x00000266785a0000,0x00000266789a0000] _byte_map_base: 0x00000266781a0000

Marking Bits (Prev, Next): (CMBitMap*) 0x000002666d8ff7e8, (CMBitMap*) 0x000002666d8ff820
 Prev Bits: [0x0000026678da0000, 0x000002667ada0000)
 Next Bits: [0x000002667ada0000, 0x000002667cda0000)

Polling page: 0x000002666d9a0000

Metaspace:

Usage:
  Non-class:     88.88 MB capacity,    86.75 MB ( 98%) used,     1.84 MB (  2%) free+waste,   296.50 KB ( <1%) overhead. 
      Class:     14.68 MB capacity,    13.33 MB ( 91%) used,     1.22 MB (  8%) free+waste,   138.44 KB ( <1%) overhead. 
       Both:    103.57 MB capacity,   100.08 MB ( 97%) used,     3.06 MB (  3%) free+waste,   434.94 KB ( <1%) overhead. 

Virtual space:
  Non-class space:       90.00 MB reserved,      89.12 MB (>99%) committed 
      Class space:      504.00 MB reserved,      14.79 MB (  3%) committed 
             Both:      594.00 MB reserved,     103.91 MB ( 17%) committed 

Chunk freelists:
   Non-Class:  6.25 KB
       Class:  896 bytes
        Both:  7.13 KB

CodeHeap 'non-profiled nmethods': size=120000Kb used=6801Kb max_used=6801Kb free=113198Kb
 bounds [0x0000026607ad0000, 0x0000026608180000, 0x000002660f000000]
CodeHeap 'profiled nmethods': size=120000Kb used=23188Kb max_used=23188Kb free=96811Kb
 bounds [0x00000266005a0000, 0x0000026601c60000, 0x0000026607ad0000]
CodeHeap 'non-nmethods': size=5760Kb used=2309Kb max_used=2380Kb free=3450Kb
 bounds [0x0000026600000000, 0x0000026600270000, 0x00000266005a0000]
 total_blobs=11550 nmethods=10635 adapters=826
 compilation: enabled
              stopped_count=0, restarted_count=0
 full_count=0

Compilation events (10 events):
Event: 25.329 Thread 0x000002667fb54800 nmethod 11832 0x0000026601c2b610 code [0x0000026601c2c140, 0x0000026601c32e00]
Event: 25.329 Thread 0x0000026611fa0800 11836       4       java.lang.StringLatin1::regionMatchesCI (92 bytes)
Event: 25.329 Thread 0x000002667fb54800 11834       3       java.lang.Short::<init> (10 bytes)
Event: 25.329 Thread 0x000002667fb54800 nmethod 11834 0x0000026601c35e90 code [0x0000026601c36040, 0x0000026601c36258]
Event: 25.330 Thread 0x000002660fb7d000 nmethod 11831 0x0000026608171290 code [0x0000026608171460, 0x0000026608171e98]
Event: 25.336 Thread 0x0000026611fa0800 nmethod 11836 0x0000026608172690 code [0x0000026608172820, 0x0000026608172df8]
Event: 25.350 Thread 0x000002667fb54800 11837       3       java.lang.reflect.Field::getDeclaredAnnotations (8 bytes)
Event: 25.350 Thread 0x000002667fb54800 nmethod 11837 0x0000026601c36310 code [0x0000026601c36500, 0x0000026601c36970]
Event: 25.350 Thread 0x000002667fb54800 11838       3       com.sun.xml.bind.v2.model.impl.TypeInfoImpl::nav (8 bytes)
Event: 25.350 Thread 0x000002667fb54800 nmethod 11838 0x0000026601c36a90 code [0x0000026601c36c40, 0x0000026601c36db8]

GC Heap History (10 events):
Event: 23.587 GC heap before
{Heap before GC invocations=15 (full 0):
 garbage-first heap   total 229376K, used 191595K [0x0000000080000000, 0x0000000100000000)
  region size 1024K, 93 young (95232K), 12 survivors (12288K)
 Metaspace       used 96630K, capacity 99730K, committed 100004K, reserved 602112K
  class space    used 12838K, capacity 14033K, committed 14120K, reserved 516096K
}
Event: 23.595 GC heap after
{Heap after GC invocations=16 (full 0):
 garbage-first heap   total 229376K, used 119214K [0x0000000080000000, 0x0000000100000000)
  region size 1024K, 11 young (11264K), 11 survivors (11264K)
 Metaspace       used 96630K, capacity 99730K, committed 100004K, reserved 602112K
  class space    used 12838K, capacity 14033K, committed 14120K, reserved 516096K
}
Event: 23.788 GC heap before
{Heap before GC invocations=16 (full 0):
 garbage-first heap   total 229376K, used 132526K [0x0000000080000000, 0x0000000100000000)
  region size 1024K, 26 young (26624K), 11 survivors (11264K)
 Metaspace       used 96768K, capacity 99890K, committed 100004K, reserved 602112K
  class space    used 12840K, capacity 14036K, committed 14120K, reserved 516096K
}
Event: 23.793 GC heap after
{Heap after GC invocations=17 (full 0):
 garbage-first heap   total 229376K, used 121511K [0x0000000080000000, 0x0000000100000000)
  region size 1024K, 3 young (3072K), 3 survivors (3072K)
 Metaspace       used 96768K, capacity 99890K, committed 100004K, reserved 602112K
  class space    used 12840K, capacity 14036K, committed 14120K, reserved 516096K
}
Event: 23.979 GC heap before
{Heap before GC invocations=18 (full 0):
 garbage-first heap   total 229376K, used 125607K [0x0000000080000000, 0x0000000100000000)
  region size 1024K, 6 young (6144K), 3 survivors (3072K)
 Metaspace       used 96707K, capacity 99788K, committed 100004K, reserved 602112K
  class space    used 12822K, capacity 14002K, committed 14120K, reserved 516096K
}
Event: 23.981 GC heap after
{Heap after GC invocations=19 (full 0):
 garbage-first heap   total 229376K, used 124503K [0x0000000080000000, 0x0000000100000000)
  region size 1024K, 4 young (4096K), 4 survivors (4096K)
 Metaspace       used 96707K, capacity 99788K, committed 100004K, reserved 602112K
  class space    used 12822K, capacity 14002K, committed 14120K, reserved 516096K
}
Event: 24.721 GC heap before
{Heap before GC invocations=20 (full 0):
 garbage-first heap   total 229376K, used 181847K [0x0000000080000000, 0x0000000100000000)
  region size 1024K, 57 young (58368K), 4 survivors (4096K)
 Metaspace       used 98962K, capacity 102366K, committed 102436K, reserved 604160K
  class space    used 13118K, capacity 14440K, committed 14504K, reserved 516096K
}
Event: 24.726 GC heap after
{Heap after GC invocations=21 (full 0):
 garbage-first heap   total 229376K, used 135414K [0x0000000080000000, 0x0000000100000000)
  region size 1024K, 8 young (8192K), 8 survivors (8192K)
 Metaspace       used 98962K, capacity 102366K, committed 102436K, reserved 604160K
  class space    used 13118K, capacity 14440K, committed 14504K, reserved 516096K
}
Event: 25.277 GC heap before
{Heap before GC invocations=21 (full 0):
 garbage-first heap   total 229376K, used 183542K [0x0000000080000000, 0x0000000100000000)
  region size 1024K, 55 young (56320K), 8 survivors (8192K)
 Metaspace       used 101924K, capacity 105505K, committed 105764K, reserved 608256K
  class space    used 13551K, capacity 14923K, committed 15016K, reserved 516096K
}
Event: 25.284 GC heap after
{Heap after GC invocations=22 (full 0):
 garbage-first heap   total 229376K, used 142233K [0x0000000080000000, 0x0000000100000000)
  region size 1024K, 7 young (7168K), 7 survivors (7168K)
 Metaspace       used 101924K, capacity 105505K, committed 105764K, reserved 608256K
  class space    used 13551K, capacity 14923K, committed 15016K, reserved 516096K
}

Deoptimization events (10 events):
Event: 24.753 Thread 0x0000026611480800 Uncommon trap: reason=class_check action=maybe_recompile pc=0x0000026607e0caa0 method=jdk.internal.misc.Unsafe.allocateUninitializedArray(Ljava/lang/Class;I)Ljava/lang/Object; @ 48 c2
Event: 24.934 Thread 0x0000026611480800 Uncommon trap: reason=null_check action=make_not_entrant pc=0x0000026608089c14 method=org.gradle.tooling.internal.provider.runner.ClientBuildEventGenerator$Enabled.accept(Lorg/gradle/internal/operations/BuildOperationDescriptor;)Lorg/gradle/tooling/intern
Event: 24.953 Thread 0x0000026611480800 Uncommon trap: reason=unstable_if action=reinterpret pc=0x0000026607b7a150 method=com.esotericsoftware.kryo.io.Input.readString()Ljava/lang/String; @ 28 c2
Event: 24.953 Thread 0x0000026611480800 Uncommon trap: reason=unstable_if action=reinterpret pc=0x0000026607e3776c method=com.esotericsoftware.kryo.io.Input.require(I)I @ 65 c2
Event: 24.964 Thread 0x0000026611480800 Uncommon trap: reason=unstable_if action=reinterpret pc=0x0000026607e7e98c method=com.google.common.cache.LocalCache.isExpired(Lcom/google/common/cache/ReferenceEntry;J)Z @ 9 c2
Event: 24.982 Thread 0x0000026611480800 Uncommon trap: reason=bimorphic_or_optimized_type_check action=maybe_recompile pc=0x0000026607d3759c method=org.gradle.internal.resources.DefaultResourceLockCoordinationService$AcquireLocks.transform(Lorg/gradle/internal/resources/ResourceLockState;)Lorg/
Event: 24.988 Thread 0x0000026611480800 Uncommon trap: reason=null_check action=make_not_entrant pc=0x000002660811d05c method=org.gradle.internal.instantiation.generator.AbstractClassGenerator$PropertyMetadata.addGetter(Lorg/gradle/internal/instantiation/generator/AbstractClassGenerator$MethodM
Event: 25.176 Thread 0x0000026611480800 Uncommon trap: reason=unstable_if action=reinterpret pc=0x0000026607ed6e84 method=sun.nio.fs.WindowsPathParser.normalize(Ljava/lang/StringBuilder;Ljava/lang/String;I)Ljava/lang/String; @ 172 c2
Event: 25.288 Thread 0x0000026611480800 Uncommon trap: reason=class_check action=maybe_recompile pc=0x0000026607f23f6c method=java.lang.Class.createAnnotationData(I)Ljava/lang/Class$AnnotationData; @ 103 c2
Event: 25.334 Thread 0x0000026611480800 Uncommon trap: reason=null_check action=make_not_entrant pc=0x0000026607f240d8 method=java.lang.Class.createAnnotationData(I)Ljava/lang/Class$AnnotationData; @ 14 c2

Classes redefined (0 events):
No events

Internal exceptions (10 events):
Event: 24.884 Thread 0x0000026611480800 Exception <a 'java/lang/ClassNotFoundException'{0x000000008d4bb950}: build_26kqbgv7nq4bm2etco04rs42BeanInfo> (0x000000008d4bb950) thrown at [./open/src/hotspot/share/classfile/systemDictionary.cpp, line 228]
Event: 24.884 Thread 0x0000026611480800 Exception <a 'java/lang/ClassNotFoundException'{0x000000008d4c7930}: build_26kqbgv7nq4bm2etco04rs42Customizer> (0x000000008d4c7930) thrown at [./open/src/hotspot/share/classfile/systemDictionary.cpp, line 228]
Event: 24.897 Thread 0x0000026611480800 Exception <a 'java/lang/ClassNotFoundException'{0x000000008d22e928}: build_26kqbgv7nq4bm2etco04rs42$_run_closure1BeanInfo> (0x000000008d22e928) thrown at [./open/src/hotspot/share/classfile/systemDictionary.cpp, line 228]
Event: 24.897 Thread 0x0000026611480800 Exception <a 'java/lang/ClassNotFoundException'{0x000000008d23e620}: build_26kqbgv7nq4bm2etco04rs42$_run_closure1Customizer> (0x000000008d23e620) thrown at [./open/src/hotspot/share/classfile/systemDictionary.cpp, line 228]
Event: 24.930 Thread 0x0000026611480800 Exception <a 'java/lang/NoClassDefFoundError'{0x000000008d0ca228}: org/jetbrains/kotlin/gradle/plugin/KotlinBasePluginWrapper> (0x000000008d0ca228) thrown at [./open/src/hotspot/share/oops/constantPool.cpp, line 770]
Event: 24.934 Thread 0x0000026611480800 Implicit null exception at 0x00000266080894da to 0x0000026608089bfe
Event: 24.988 Thread 0x0000026611480800 Implicit null exception at 0x0000026608114a28 to 0x000002660811cfde
Event: 25.136 Thread 0x0000026611480800 Exception <a 'sun/nio/fs/WindowsException'{0x000000008be8afa8}> (0x000000008be8afa8) thrown at [./open/src/hotspot/share/prims/jni.cpp, line 611]
Event: 25.245 Thread 0x0000026611480800 Exception <a 'java/lang/NullPointerException'{0x000000008b46e158}> (0x000000008b46e158) thrown at [./open/src/hotspot/share/interpreter/linkResolver.cpp, line 1436]
Event: 25.333 Thread 0x0000026611480800 Implicit null exception at 0x0000026607f21b49 to 0x0000026607f240c6

Events (10 events):
Event: 25.344 loading class javax/xml/bind/annotation/XmlElementDecl$GLOBAL
Event: 25.344 loading class javax/xml/bind/annotation/XmlElementDecl$GLOBAL done
Event: 25.346 loading class com/sun/xml/bind/v2/model/impl/ElementInfoImpl$PropertyImpl
Event: 25.346 loading class com/sun/xml/bind/v2/model/impl/ElementInfoImpl$PropertyImpl done
Event: 25.347 loading class com/sun/xml/bind/v2/model/impl/RuntimeElementInfoImpl$RuntimePropertyImpl
Event: 25.347 loading class com/sun/xml/bind/v2/model/impl/RuntimeElementInfoImpl$RuntimePropertyImpl done
Event: 25.348 loading class com/sun/xml/bind/v2/model/nav/ReflectionNavigator$BinderArg
Event: 25.348 loading class com/sun/xml/bind/v2/model/nav/ReflectionNavigator$BinderArg done
Event: 25.349 loading class com/sun/xml/bind/v2/model/nav/ParameterizedTypeImpl
Event: 25.349 loading class com/sun/xml/bind/v2/model/nav/ParameterizedTypeImpl done


Dynamic libraries:
0x00007ff7d7c10000 - 0x00007ff7d7c1f000 	C:\Program Files\Java\jdk-11.0.9\bin\java.exe
0x00007ff9a5150000 - 0x00007ff9a5348000 	C:\WINDOWS\SYSTEM32\ntdll.dll
0x00007ff9a4f70000 - 0x00007ff9a502d000 	C:\WINDOWS\System32\KERNEL32.DLL
0x00007ff9a2bc0000 - 0x00007ff9a2eb6000 	C:\WINDOWS\System32\KERNELBASE.dll
0x00007ff9a2a00000 - 0x00007ff9a2b00000 	C:\WINDOWS\System32\ucrtbase.dll
0x00007ff995870000 - 0x00007ff995888000 	C:\Program Files\Java\jdk-11.0.9\bin\jli.dll
0x00007ff97a020000 - 0x00007ff97a035000 	C:\Program Files\Java\jdk-11.0.9\bin\VCRUNTIME140.dll
0x00007ff9a4570000 - 0x00007ff9a461e000 	C:\WINDOWS\System32\ADVAPI32.dll
0x00007ff9a3be0000 - 0x00007ff9a3c7e000 	C:\WINDOWS\System32\msvcrt.dll
0x00007ff9a3b40000 - 0x00007ff9a3bdc000 	C:\WINDOWS\System32\sechost.dll
0x00007ff9a4440000 - 0x00007ff9a4566000 	C:\WINDOWS\System32\RPCRT4.dll
0x00007ff9a3c80000 - 0x00007ff9a3e1e000 	C:\WINDOWS\System32\USER32.dll
0x00007ff9a2b90000 - 0x00007ff9a2bb2000 	C:\WINDOWS\System32\win32u.dll
0x00007ff9a32e0000 - 0x00007ff9a330c000 	C:\WINDOWS\System32\GDI32.dll
0x00007ff9a1bb0000 - 0x00007ff9a1e4a000 	C:\WINDOWS\WinSxS\amd64_microsoft.windows.common-controls_6595b64144ccf1df_6.0.19041.1110_none_60b5254171f9507e\COMCTL32.dll
0x00007ff9a3090000 - 0x00007ff9a31aa000 	C:\WINDOWS\System32\gdi32full.dll
0x00007ff9a2830000 - 0x00007ff9a28cd000 	C:\WINDOWS\System32\msvcp_win.dll
0x00007ff997990000 - 0x00007ff99799a000 	C:\WINDOWS\SYSTEM32\VERSION.dll
0x00007ff9a4860000 - 0x00007ff9a4890000 	C:\WINDOWS\System32\IMM32.DLL
0x00007ff9638c0000 - 0x00007ff96395b000 	C:\Program Files\Java\jdk-11.0.9\bin\msvcp140.dll
0x00007ff937e70000 - 0x00007ff938967000 	C:\Program Files\Java\jdk-11.0.9\bin\server\jvm.dll
0x00007ff9a5100000 - 0x00007ff9a5108000 	C:\WINDOWS\System32\PSAPI.DLL
0x00007ff9979a0000 - 0x00007ff9979c7000 	C:\WINDOWS\SYSTEM32\WINMM.dll
0x00007ff9956d0000 - 0x00007ff9956d9000 	C:\WINDOWS\SYSTEM32\WSOCK32.dll
0x00007ff9a4890000 - 0x00007ff9a48fb000 	C:\WINDOWS\System32\WS2_32.dll
0x00007ff99f8e0000 - 0x00007ff99f8f2000 	C:\WINDOWS\SYSTEM32\kernel.appcore.dll
0x00007ff985e50000 - 0x00007ff985e60000 	C:\Program Files\Java\jdk-11.0.9\bin\verify.dll
0x00007ff9a2000000 - 0x00007ff9a21e4000 	C:\WINDOWS\SYSTEM32\DBGHELP.DLL
0x00007ff9a1fc0000 - 0x00007ff9a1ff4000 	C:\WINDOWS\SYSTEM32\dbgcore.DLL
0x00007ff9a2b00000 - 0x00007ff9a2b82000 	C:\WINDOWS\System32\bcryptPrimitives.dll
0x00007ff973f40000 - 0x00007ff973f68000 	C:\Program Files\Java\jdk-11.0.9\bin\java.dll
0x00007ff985d50000 - 0x00007ff985d5a000 	C:\Program Files\Java\jdk-11.0.9\bin\jimage.dll
0x00007ff979250000 - 0x00007ff979266000 	C:\Program Files\Java\jdk-11.0.9\bin\zip.dll
0x00007ff9a33c0000 - 0x00007ff9a3b05000 	C:\WINDOWS\System32\SHELL32.dll
0x00007ff99fbe0000 - 0x00007ff9a037b000 	C:\WINDOWS\SYSTEM32\windows.storage.dll
0x00007ff9a3f40000 - 0x00007ff9a4294000 	C:\WINDOWS\System32\combase.dll
0x00007ff9a1a60000 - 0x00007ff9a1a8e000 	C:\WINDOWS\SYSTEM32\Wldp.dll
0x00007ff9a4300000 - 0x00007ff9a43ad000 	C:\WINDOWS\System32\SHCORE.dll
0x00007ff9a42a0000 - 0x00007ff9a42f5000 	C:\WINDOWS\System32\shlwapi.dll
0x00007ff9a2760000 - 0x00007ff9a2785000 	C:\WINDOWS\SYSTEM32\profapi.dll
0x00007ff978600000 - 0x00007ff978619000 	C:\Program Files\Java\jdk-11.0.9\bin\net.dll
0x00007ff9995b0000 - 0x00007ff9996ba000 	C:\WINDOWS\SYSTEM32\WINHTTP.dll
0x00007ff9a1870000 - 0x00007ff9a18da000 	C:\WINDOWS\system32\mswsock.dll
0x00007ff96ffa0000 - 0x00007ff96ffb2000 	C:\Program Files\Java\jdk-11.0.9\bin\nio.dll
0x00007ff96f6e0000 - 0x00007ff96f707000 	C:\Users\USER\.gradle\native\e1d6ef7f7dcc3fd88c89a11ec53ec762bb8ba0a96d01ffa2cd45eb1d1d8dd5c5\windows-amd64\native-platform.dll
0x00007ff963770000 - 0x00007ff9638b4000 	C:\Users\USER\.gradle\native\0d407fdbe67a94daf76414ababcb853783967236a71b16ec16e742cd7a986fd3\windows-amd64\native-platform-file-events.dll
0x00007ff985350000 - 0x00007ff985359000 	C:\Program Files\Java\jdk-11.0.9\bin\management.dll
0x00007ff9842c0000 - 0x00007ff9842cb000 	C:\Program Files\Java\jdk-11.0.9\bin\management_ext.dll
0x00007ff9a2530000 - 0x00007ff9a2548000 	C:\WINDOWS\SYSTEM32\CRYPTSP.dll
0x00007ff9a11e0000 - 0x00007ff9a1214000 	C:\WINDOWS\system32\rsaenh.dll
0x00007ff9a28d0000 - 0x00007ff9a28f7000 	C:\WINDOWS\System32\bcrypt.dll
0x00007ff9a26e0000 - 0x00007ff9a270e000 	C:\WINDOWS\SYSTEM32\USERENV.dll
0x00007ff9a1a90000 - 0x00007ff9a1a9c000 	C:\WINDOWS\SYSTEM32\CRYPTBASE.dll
0x00007ff9a1560000 - 0x00007ff9a159b000 	C:\WINDOWS\SYSTEM32\IPHLPAPI.DLL
0x00007ff9a43b0000 - 0x00007ff9a43b8000 	C:\WINDOWS\System32\NSI.dll
0x00007ff99ac80000 - 0x00007ff99ac97000 	C:\WINDOWS\SYSTEM32\dhcpcsvc6.DLL
0x00007ff99ac60000 - 0x00007ff99ac7d000 	C:\WINDOWS\SYSTEM32\dhcpcsvc.DLL
0x00007ff9a15a0000 - 0x00007ff9a166a000 	C:\WINDOWS\SYSTEM32\DNSAPI.dll

dbghelp: loaded successfully - version: 4.0.5 - missing functions: none
symbol engine: initialized successfully - sym options: 0x614 - pdb path: .;C:\Program Files\Java\jdk-11.0.9\bin;C:\WINDOWS\SYSTEM32;C:\WINDOWS\WinSxS\amd64_microsoft.windows.common-controls_6595b64144ccf1df_6.0.19041.1110_none_60b5254171f9507e;C:\Program Files\Java\jdk-11.0.9\bin\server;C:\Users\USER\.gradle\native\e1d6ef7f7dcc3fd88c89a11ec53ec762bb8ba0a96d01ffa2cd45eb1d1d8dd5c5\windows-amd64;C:\Users\USER\.gradle\native\0d407fdbe67a94daf76414ababcb853783967236a71b16ec16e742cd7a986fd3\windows-amd64

VM Arguments:
jvm_args: -XX:MaxMetaspaceSize=512m --add-opens=java.base/java.util=ALL-UNNAMED --add-opens=java.base/java.lang=ALL-UNNAMED --add-opens=java.base/java.lang.invoke=ALL-UNNAMED --add-opens=java.base/java.util=ALL-UNNAMED --add-opens=java.prefs/java.util.prefs=ALL-UNNAMED --add-opens=java.prefs/java.util.prefs=ALL-UNNAMED --add-opens=java.base/java.nio.charset=ALL-UNNAMED --add-opens=java.base/java.net=ALL-UNNAMED --add-opens=java.base/java.util.concurrent.atomic=ALL-UNNAMED -Xmx2048m -Dfile.encoding=windows-1252 -Duser.country=US -Duser.language=en -Duser.variant 
java_command: org.gradle.launcher.daemon.bootstrap.GradleDaemon 7.5.1
java_class_path (initial): C:\Users\USER\.gradle\wrapper\dists\gradle-7.5.1-all\1ehga6e77gqps5uk2kc5kf1vc\gradle-7.5.1\lib\gradle-launcher-7.5.1.jar
Launcher Type: SUN_STANDARD

[Global flags]
     intx CICompilerCount                          = 4                                         {product} {ergonomic}
   size_t CompressedClassSpaceSize                 = 528482304                                 {product} {ergonomic}
     uint ConcGCThreads                            = 3                                         {product} {ergonomic}
     uint G1ConcRefinementThreads                  = 10                                        {product} {ergonomic}
   size_t G1HeapRegionSize                         = 1048576                                   {product} {ergonomic}
    uintx GCDrainStackTargetSize                   = 64                                        {product} {ergonomic}
   size_t InitialHeapSize                          = 234881024                                 {product} {ergonomic}
   size_t MarkStackSize                            = 4194304                                   {product} {ergonomic}
   size_t MaxHeapSize                              = 2147483648                                {product} {command line}
   size_t MaxMetaspaceSize                         = 536870912                                 {product} {command line}
   size_t MaxNewSize                               = 1287651328                                {product} {ergonomic}
   size_t MinHeapDeltaBytes                        = 1048576                                   {product} {ergonomic}
    uintx NonNMethodCodeHeapSize                   = 5836300                                {pd product} {ergonomic}
    uintx NonProfiledCodeHeapSize                  = 122910970                              {pd product} {ergonomic}
    uintx ProfiledCodeHeapSize                     = 122910970                              {pd product} {ergonomic}
    uintx ReservedCodeCacheSize                    = 251658240                              {pd product} {ergonomic}
     bool SegmentedCodeCache                       = true                                      {product} {ergonomic}
     bool UseCompressedClassPointers               = true                                 {lp64_product} {ergonomic}
     bool UseCompressedOops                        = true                                 {lp64_product} {ergonomic}
     bool UseG1GC                                  = true                                      {product} {ergonomic}
     bool UseLargePagesIndividualAllocation        = false                                  {pd product} {ergonomic}

Logging:
Log output configuration:
 #0: stdout all=warning uptime,level,tags
 #1: stderr all=off uptime,level,tags

Environment Variables:
JAVA_HOME=C:\Program Files\Java\jdk-11.0.9
CLASSPATH=C:\Users\USER\Desktop\Capstone\Student\frontendApp\android\\gradle\wrapper\gradle-wrapper.jar
PATH=C:\Users\USER\Desktop\Capstone\Student\frontendApp\android\node_modules\.bin;C:\Users\USER\Desktop\Capstone\Student\frontendApp\node_modules\.bin;C:\Users\USER\Desktop\Capstone\Student\node_modules\.bin;C:\Users\USER\Desktop\Capstone\node_modules\.bin;C:\Users\USER\Desktop\node_modules\.bin;C:\Users\USER\node_modules\.bin;C:\Users\node_modules\.bin;C:\node_modules\.bin;C:\Program Files\nodejs;C:\Users\USER\Desktop\Capstone\Student\frontendApp\node_modules\.bin;C:\Users\USER\Desktop\Capstone\Student\frontendApp\node_modules\.bin;C:\Users\USER\Desktop\Capstone\Student\node_modules\.bin;C:\Users\USER\Desktop\Capstone\node_modules\.bin;C:\Users\USER\Desktop\node_modules\.bin;C:\Users\USER\node_modules\.bin;C:\Users\node_modules\.bin;C:\node_modules\.bin;C:\Users\USER\AppData\Roaming\npm\node_modules\npm\node_modules\@npmcli\run-script\lib\node-gyp-bin;C:\Users\USER\Desktop\Capstone\Student\frontendApp\node_modules\.bin;C:\Users\USER\Desktop\Capstone\Student\node_modules\.bin;C:\Users\USER\Desktop\Capstone\node_modules\.bin;C:\Users\USER\Desktop\node_modules\.bin;C:\Users\USER\node_modules\.bin;C:\Users\node_modules\.bin;C:\node_modules\.bin;C:\Program Files\nodejs;C:\Users\USER\Desktop\Capstone\student\frontendapp\node_modules\react-native\scripts\node_modules\.bin;C:\Users\USER\Desktop\Capstone\student\frontendapp\node_modules\react-native\node_modules\.bin;C:\Users\USER\Desktop\Capstone\student\frontendapp\node_modules\node_modules\.bin;C:\Users\USER\Desktop\Capstone\student\frontendapp\node_modules\.bin;C:\Users\USER\Desktop\Capstone\student\node_modules\.bin;C:\Users\USER\Desktop\Capstone\node_modules\.bin;C:\Users\USER\Desktop\node_modules\.bin;C:\Users\USER\node_modules\.bin;C:\Users\node_modules\.bin;C:\node_modules\.bin;C:\Program Files\nodejs;C:\Users\USER\Desktop\Capstone\student\frontendapp\node_modules\.bin;C:\Users\USER\Desktop\Capstone\student\node_modules\.bin;C:\Users\USER\Desktop\Capstone\node_modules\.bin;C:\Users\USER\Desktop\node_modules\.bin;C:\Us
USERNAME=USER
OS=Windows_NT
PROCESSOR_IDENTIFIER=AMD64 Family 23 Model 96 Stepping 1, AuthenticAMD



---------------  S Y S T E M  ---------------

OS: Windows 10 , 64 bit Build 19041 (10.0.19041.3393)

CPU:total 12 (initial active 12) (12 cores per cpu, 2 threads per core) family 23 model 96 stepping 1, cmov, cx8, fxsr, mmx, sse, sse2, sse3, ssse3, sse4.1, sse4.2, popcnt, avx, avx2, aes, clmul, mmxext, 3dnowpref, lzcnt, sse4a, ht, tsc, tscinvbit, tscinv, bmi1, bmi2, adx, sha, fma

Memory: 4k page, system-wide physical 14245M (5205M free)
TotalPageFile size 17829M (AvailPageFile size 4067M)
current process WorkingSet (physical memory assigned to process): 507M, peak: 539M
current process commit charge ("private bytes"): 569M, peak: 595M

vm_info: Java HotSpot(TM) 64-Bit Server VM (11.0.9+7-LTS) for windows-amd64 JRE (11.0.9+7-LTS), built on Sep 15 2020 16:47:03 by "mach5one" with MS VC++ 15.9 (VS2017)

END.
