#
# A fatal error has been detected by the Java Runtime Environment:
#
#  EXCEPTION_ACCESS_VIOLATION (0xc0000005) at pc=0x00007fff835b5ab5, pid=12052, tid=12948
#
# JRE version: Java(TM) SE Runtime Environment 18.9 (11.0.9+7) (build 11.0.9+7-LTS)
# Java VM: Java HotSpot(TM) 64-Bit Server VM 18.9 (11.0.9+7-LTS, mixed mode, tiered, compressed oops, g1 gc, windows-amd64)
# Problematic frame:
# V  [jvm.dll+0x665ab5]
#
# No core dump will be written. Minidumps are not enabled by default on client versions of Windows
#
# If you would like to submit a bug report, please visit:
#   https://bugreport.java.com/bugreport/crash.jsp
#

---------------  S U M M A R Y ------------

Command Line: -XX:MaxMetaspaceSize=512m --add-opens=java.base/java.util=ALL-UNNAMED --add-opens=java.base/java.lang=ALL-UNNAMED --add-opens=java.base/java.lang.invoke=ALL-UNNAMED --add-opens=java.base/java.util=ALL-UNNAMED --add-opens=java.prefs/java.util.prefs=ALL-UNNAMED --add-opens=java.prefs/java.util.prefs=ALL-UNNAMED --add-opens=java.base/java.nio.charset=ALL-UNNAMED --add-opens=java.base/java.net=ALL-UNNAMED --add-opens=java.base/java.util.concurrent.atomic=ALL-UNNAMED -Xmx2048m -Dfile.encoding=windows-1252 -Duser.country=US -Duser.language=en -Duser.variant org.gradle.launcher.daemon.bootstrap.GradleDaemon 7.5.1

Host: AMD Ryzen 5 PRO 4650G with Radeon Graphics, 12 cores, 13G,  Windows 10 , 64 bit Build 19041 (10.0.19041.3393)
Time: Sun Sep 24 03:14:20 2023 Taipei Standard Time elapsed time: 23.631874 seconds (0d 0h 0m 23s)

---------------  T H R E A D  ---------------

Current thread (0x00000181143f2800):  JavaThread "C2 CompilerThread0" daemon [_thread_in_native, id=12948, stack(0x0000007a12300000,0x0000007a12400000)]


Current CompileTask:
C2:  23632 13697       4       org.gradle.api.internal.artifacts.configurations.Configurations::getNames (99 bytes)

Stack: [0x0000007a12300000,0x0000007a12400000],  sp=0x0000007a123fb850,  free space=1006k
Native frames: (J=compiled Java code, j=interpreted, Vv=VM code, C=native code)
V  [jvm.dll+0x665ab5]
V  [jvm.dll+0x193f5f]
V  [jvm.dll+0x1fd5a2]
V  [jvm.dll+0x1fc64f]
V  [jvm.dll+0x17f08c]
V  [jvm.dll+0x20bc54]
V  [jvm.dll+0x209d2b]
V  [jvm.dll+0x7103d9]
V  [jvm.dll+0x709114]
V  [jvm.dll+0x610cb6]
C  [ucrtbase.dll+0x21bb2]
C  [KERNEL32.DLL+0x17344]
C  [ntdll.dll+0x526b1]


siginfo: EXCEPTION_ACCESS_VIOLATION (0xc0000005), reading address 0xffffffffffffffff


Register to memory mapping:

RIP=0x00007fff835b5ab5 jvm.dll
RAX=0x0 is NULL
RBX=0x0000000000000001 is an unknown value
RCX=0x8a39077e2d4dafaf is an unknown value
RDX=0x0000000000001110 is an unknown value
RSP=0x0000007a123fb850 is pointing into the stack for thread: 0x00000181143f2800
RBP=0x0000007a123fb950 is pointing into the stack for thread: 0x00000181143f2800
RSI=0x00000181159b2910 points into unknown readable memory: a0 4b 76 83 ff 7f 00 00
RDI=0x0 is NULL
R8 =0x0000018120527b00 points into unknown readable memory: f2 02 f6 81 ec 1f 22 51
R9 =0x0000007a123fb860 is pointing into the stack for thread: 0x00000181143f2800
R10=0x0000018120527940 points into unknown readable memory: b0 28 9b 15 81 01 00 00
R11=0x0000018116d9de60 points into unknown readable memory: f8 9a d7 20 81 01 00 00
R12=0x0000000000000001 is an unknown value
R13=0x0000018120527ab0 points into unknown readable memory: 70 04 76 83 ff 7f 00 00
R14=0x00000181159b2660 points into unknown readable memory: a0 4b 76 83 ff 7f 00 00
R15=0x0000018120f630c0 points into unknown readable memory: 70 04 76 83 ff 7f 00 00


Registers:
RAX=0x0000000000000000, RBX=0x0000000000000001, RCX=0x8a39077e2d4dafaf, RDX=0x0000000000001110
RSP=0x0000007a123fb850, RBP=0x0000007a123fb950, RSI=0x00000181159b2910, RDI=0x0000000000000000
R8 =0x0000018120527b00, R9 =0x0000007a123fb860, R10=0x0000018120527940, R11=0x0000018116d9de60
R12=0x0000000000000001, R13=0x0000018120527ab0, R14=0x00000181159b2660, R15=0x0000018120f630c0
RIP=0x00007fff835b5ab5, EFLAGS=0x0000000000010286

Top of Stack: (sp=0x0000007a123fb850)
0x0000007a123fb850:   0000000000000cd1 000000000000010a
0x0000007a123fb860:   0000007a00000000 00000181159b2910
0x0000007a123fb870:   0000018116d9e0e0 0000007a00000001
0x0000007a123fb880:   0000018100000cd0 0000018118a15500
0x0000007a123fb890:   0000018115491600 0000007a123fba20
0x0000007a123fb8a0:   000000010000000b 0000000002000002
0x0000007a123fb8b0:   0000000600000012 00000181192a1b30
0x0000007a123fb8c0:   000000320000047f 0000000000000000
0x0000007a123fb8d0:   0000007a00000006 000000000000012a
0x0000007a123fb8e0:   0000018118a1a140 0000000100000168
0x0000007a123fb8f0:   0000018118a1a2d0 0000018118a196e0
0x0000007a123fb900:   0000018119bf96d8 0000059b00000000
0x0000007a123fb910:   0000007a123fbe00 0000007a00000013
0x0000007a123fb920:   0000018118a13f40 0000018118a16c20
0x0000007a123fb930:   0000018118a18180 000000000000000f
0x0000007a123fb940:   00000ad500000000 0000018118a155b0 

Instructions: (pc=0x00007fff835b5ab5)
0x00007fff835b5a95:   17 0a 00 00 4c 8b f8 48 85 c0 0f 84 05 fe ff ff
0x00007fff835b5aa5:   41 8b dc 4d 8b 45 08 49 8b 0c d8 48 85 c9 74 26
0x00007fff835b5ab5:   48 8b 79 10 48 85 ff 74 1d 8b 41 20 48 8d 14 c7
0x00007fff835b5ac5:   4c 39 6a f8 48 8d 52 f8 75 f6 ff c8 89 41 20 48 


Stack slot to memory mapping:
stack at sp + 0 slots: 0x0000000000000cd1 is an unknown value
stack at sp + 1 slots: 0x000000000000010a is an unknown value
stack at sp + 2 slots: 0x0000007a00000000 is an unknown value
stack at sp + 3 slots: 0x00000181159b2910 points into unknown readable memory: a0 4b 76 83 ff 7f 00 00
stack at sp + 4 slots: 0x0000018116d9e0e0 points into unknown readable memory: 48 8e 77 83 ff 7f 00 00
stack at sp + 5 slots: 0x0000007a00000001 is an unknown value
stack at sp + 6 slots: 0x0000018100000cd0 is at begin+249 in a stub
StubRoutines::call_stub [0x0000018100000bd7, 0x0000018100000d44[ (365 bytes)
stack at sp + 7 slots: 0x0000018118a15500 points into unknown readable memory: 00 00 00 00 00 00 00 00


---------------  P R O C E S S  ---------------

Threads class SMR info:
_java_thread_list=0x000001811a353660, length=184, elements={
0x0000018174833000, 0x0000018114394800, 0x00000181143a1000, 0x00000181143ef000,
0x00000181143f1800, 0x00000181143f2800, 0x00000181143f7800, 0x00000181143f9000,
0x0000018114571800, 0x00000181145af000, 0x00000181168a2000, 0x00000181168a3800,
0x00000181168a3000, 0x000001811689e000, 0x00000181168a4800, 0x000001811689e800,
0x00000181168a0800, 0x00000181168a1000, 0x000001811689f800, 0x000001811631a000,
0x000001811631b000, 0x0000018116318800, 0x0000018116319000, 0x000001811631b800,
0x000001811631c800, 0x000001811631d000, 0x0000018116317800, 0x0000018116322000,
0x0000018116323000, 0x0000018116323800, 0x000001811631e000, 0x0000018116325800,
0x0000018116320800, 0x0000018116321800, 0x000001811a896800, 0x000001811a894800,
0x000001811a897000, 0x000001811a895800, 0x000001811a898000, 0x000001811a898800,
0x000001811a893000, 0x000001811a899800, 0x000001811a894000, 0x000001811a89b000,
0x000001811a89a800, 0x000001811a8a1000, 0x000001811a89e800, 0x000001811a8a1800,
0x000001811a8a0000, 0x000001811a89f000, 0x000001811a89c000, 0x000001811a89d000,
0x000001811a89d800, 0x0000018115eb1000, 0x0000018115eb6800, 0x0000018115eb3800,
0x0000018115eb5000, 0x0000018115eb7800, 0x0000018115eb6000, 0x0000018115eb2000,
0x0000018115eb8800, 0x0000018115eb2800, 0x0000018115eb9000, 0x0000018115eba000,
0x0000018115eb4800, 0x0000018115ebf800, 0x0000018115ebb000, 0x0000018115ebf000,
0x0000018115ebb800, 0x0000018115ebc800, 0x0000018115ebd800, 0x0000018115ebe000,
0x0000018119b33800, 0x0000018119b32800, 0x0000018119b34000, 0x0000018119b35000,
0x0000018119b31800, 0x0000018119b31000, 0x0000018119b2f000, 0x0000018119b35800,
0x0000018119b30000, 0x0000018119b36800, 0x0000018119b3a800, 0x0000018119b37800,
0x0000018119b39000, 0x0000018119b38000, 0x0000018119b3d000, 0x0000018119b3e000,
0x0000018119b3a000, 0x0000018119b3b800, 0x0000018116335000, 0x000001811632f800,
0x0000018116330800, 0x0000018116336000, 0x0000018116333000, 0x0000018116332000,
0x0000018116337000, 0x0000018116333800, 0x0000018116334800, 0x0000018116331000,
0x0000018116337800, 0x0000018116338800, 0x000001811633e000, 0x000001811633b000,
0x0000018116339800, 0x000001811633a000, 0x000001811633c000, 0x000001811633c800,
0x000001811633d800, 0x000001811be0f000, 0x000001811be0e000, 0x000001811be0f800,
0x000001811be0c800, 0x000001811be10800, 0x000001811be11800, 0x000001811be0b800,
0x000001811be12000, 0x000001811be13000, 0x000001811be0d000, 0x000001811be13800,
0x000001811be18800, 0x000001811be17000, 0x000001811be18000, 0x000001811be16000,
0x000001811be14800, 0x000001811be1a000, 0x000001811be19800, 0x000001811be15800,
0x00000181156c1800, 0x00000181156c0000, 0x00000181156c0800, 0x00000181156c2800,
0x00000181156c3000, 0x00000181156bd800, 0x00000181156c4000, 0x00000181156be800,
0x00000181156c5000, 0x00000181156bf000, 0x00000181156c5800, 0x00000181156c8000,
0x00000181156c7800, 0x00000181156c9800, 0x00000181156cc000, 0x00000181156ca800,
0x00000181156c9000, 0x00000181156c6800, 0x00000181156cb800, 0x0000018114777000,
0x0000018114771800, 0x0000018114774800, 0x0000018114774000, 0x0000018114775800,
0x0000018114773000, 0x0000018114778000, 0x0000018114772000, 0x000001811477b000,
0x000001811477a800, 0x000001811477c000, 0x0000018114776800, 0x000001811477d000,
0x000001811477d800, 0x000001811477e800, 0x0000018114778800, 0x0000018114779800,
0x000001811477f000, 0x0000018114780000, 0x0000018118e04800, 0x0000018118e03000,
0x0000018118e08000, 0x0000018118e02000, 0x0000018118e06000, 0x0000018118e07000,
0x0000018118e05800, 0x0000018118e03800, 0x0000018118e0b000, 0x0000018118e08800,
0x0000018118e0c000, 0x0000018118e0c800, 0x0000018118e09800, 0x0000018118e0a800,
0x0000018118e11800, 0x0000018118e13800, 0x0000018118b65800, 0x000001811bb06000
}

Java Threads: ( => current thread )
  0x0000018174833000 JavaThread "main" [_thread_blocked, id=2296, stack(0x0000007a11800000,0x0000007a11900000)]
  0x0000018114394800 JavaThread "Reference Handler" daemon [_thread_blocked, id=13212, stack(0x0000007a11f00000,0x0000007a12000000)]
  0x00000181143a1000 JavaThread "Finalizer" daemon [_thread_blocked, id=13072, stack(0x0000007a12000000,0x0000007a12100000)]
  0x00000181143ef000 JavaThread "Signal Dispatcher" daemon [_thread_blocked, id=12484, stack(0x0000007a12100000,0x0000007a12200000)]
  0x00000181143f1800 JavaThread "Attach Listener" daemon [_thread_blocked, id=12896, stack(0x0000007a12200000,0x0000007a12300000)]
=>0x00000181143f2800 JavaThread "C2 CompilerThread0" daemon [_thread_in_native, id=12948, stack(0x0000007a12300000,0x0000007a12400000)]
  0x00000181143f7800 JavaThread "C1 CompilerThread0" daemon [_thread_blocked, id=12468, stack(0x0000007a12400000,0x0000007a12500000)]
  0x00000181143f9000 JavaThread "Sweeper thread" daemon [_thread_blocked, id=12444, stack(0x0000007a12500000,0x0000007a12600000)]
  0x0000018114571800 JavaThread "Common-Cleaner" daemon [_thread_blocked, id=13044, stack(0x0000007a12600000,0x0000007a12700000)]
  0x00000181145af000 JavaThread "Service Thread" daemon [_thread_blocked, id=2152, stack(0x0000007a12700000,0x0000007a12800000)]
  0x00000181168a2000 JavaThread "Daemon health stats" [_thread_blocked, id=13096, stack(0x0000007a12e00000,0x0000007a12f00000)]
  0x00000181168a3800 JavaThread "Incoming local TCP Connector on port 49796" [_thread_in_native, id=13172, stack(0x0000007a12f00000,0x0000007a13000000)]
  0x00000181168a3000 JavaThread "Daemon periodic checks" [_thread_blocked, id=12824, stack(0x0000007a13000000,0x0000007a13100000)]
  0x000001811689e000 JavaThread "Daemon" [_thread_blocked, id=2148, stack(0x0000007a13100000,0x0000007a13200000)]
  0x00000181168a4800 JavaThread "Handler for socket connection from /127.0.0.1:49796 to /127.0.0.1:49797" [_thread_in_native, id=4128, stack(0x0000007a13200000,0x0000007a13300000)]
  0x000001811689e800 JavaThread "Cancel handler" [_thread_blocked, id=1992, stack(0x0000007a13300000,0x0000007a13400000)]
  0x00000181168a0800 JavaThread "Daemon worker" [_thread_in_vm, id=6524, stack(0x0000007a13400000,0x0000007a13500000)]
  0x00000181168a1000 JavaThread "Asynchronous log dispatcher for DefaultDaemonConnection: socket connection from /127.0.0.1:49796 to /127.0.0.1:49797" [_thread_blocked, id=12408, stack(0x0000007a13500000,0x0000007a13600000)]
  0x000001811689f800 JavaThread "Stdin handler" [_thread_blocked, id=12340, stack(0x0000007a13600000,0x0000007a13700000)]
  0x000001811631a000 JavaThread "Daemon client event forwarder" [_thread_blocked, id=1944, stack(0x0000007a13700000,0x0000007a13800000)]
  0x000001811631b000 JavaThread "Cache worker for journal cache (C:\Users\USER\.gradle\caches\journal-1)" [_thread_blocked, id=9436, stack(0x0000007a13800000,0x0000007a13900000)]
  0x0000018116318800 JavaThread "File lock request listener" [_thread_in_native, id=5212, stack(0x0000007a13900000,0x0000007a13a00000)]
  0x0000018116319000 JavaThread "Cache worker for file hash cache (C:\Users\USER\.gradle\caches\7.5.1\fileHashes)" [_thread_blocked, id=7972, stack(0x0000007a13a00000,0x0000007a13b00000)]
  0x000001811631b800 JavaThread "File watcher server" daemon [_thread_in_native, id=11692, stack(0x0000007a14200000,0x0000007a14300000)]
  0x000001811631c800 JavaThread "File watcher consumer" daemon [_thread_blocked, id=7488, stack(0x0000007a14300000,0x0000007a14400000)]
  0x000001811631d000 JavaThread "Cache worker for checksums cache (C:\Users\USER\Desktop\Capstone\Student\frontendApp\android\.gradle\7.5.1\checksums)" [_thread_blocked, id=7480, stack(0x0000007a14400000,0x0000007a14500000)]
  0x0000018116317800 JavaThread "Cache worker for cache directory md-rule (C:\Users\USER\.gradle\caches\7.5.1\md-rule)" [_thread_blocked, id=7292, stack(0x0000007a14500000,0x0000007a14600000)]
  0x0000018116322000 JavaThread "Cache worker for file content cache (C:\Users\USER\.gradle\caches\7.5.1\fileContent)" [_thread_blocked, id=9392, stack(0x0000007a14600000,0x0000007a14700000)]
  0x0000018116323000 JavaThread "Cache worker for file hash cache (C:\Users\USER\Desktop\Capstone\Student\frontendApp\android\.gradle\7.5.1\fileHashes)" [_thread_blocked, id=10720, stack(0x0000007a14700000,0x0000007a14800000)]
  0x0000018116323800 JavaThread "Cache worker for cache directory md-supplier (C:\Users\USER\.gradle\caches\7.5.1\md-supplier)" [_thread_blocked, id=8308, stack(0x0000007a14800000,0x0000007a14900000)]
  0x000001811631e000 JavaThread "Cache worker for execution history cache (C:\Users\USER\.gradle\caches\7.5.1\executionHistory)" [_thread_blocked, id=12860, stack(0x0000007a14900000,0x0000007a14a00000)]
  0x0000018116325800 JavaThread "jar transforms" [_thread_blocked, id=8316, stack(0x0000007a14b00000,0x0000007a14c00000)]
  0x0000018116320800 JavaThread "jar transforms Thread 2" [_thread_blocked, id=11904, stack(0x0000007a14c00000,0x0000007a14d00000)]
  0x0000018116321800 JavaThread "jar transforms Thread 3" [_thread_blocked, id=9564, stack(0x0000007a14d00000,0x0000007a14e00000)]
  0x000001811a896800 JavaThread "jar transforms Thread 4" [_thread_blocked, id=10724, stack(0x0000007a14e00000,0x0000007a14f00000)]
  0x000001811a894800 JavaThread "Cache worker for kotlin-dsl (C:\Users\USER\.gradle\caches\7.5.1\kotlin-dsl)" [_thread_blocked, id=8456, stack(0x0000007a14f00000,0x0000007a15000000)]
  0x000001811a897000 JavaThread "jar transforms Thread 5" [_thread_blocked, id=7944, stack(0x0000007a15000000,0x0000007a15100000)]
  0x000001811a895800 JavaThread "jar transforms Thread 6" [_thread_blocked, id=8560, stack(0x0000007a15100000,0x0000007a15200000)]
  0x000001811a898000 JavaThread "Cache worker for dependencies-accessors (C:\Users\USER\Desktop\Capstone\Student\frontendApp\android\.gradle\7.5.1\dependencies-accessors)" [_thread_blocked, id=6816, stack(0x0000007a15200000,0x0000007a15300000)]
  0x000001811a898800 JavaThread "Cache worker for Build Output Cleanup Cache (C:\Users\USER\Desktop\Capstone\Student\frontendApp\node_modules\react-native-gradle-plugin\.gradle\buildOutputCleanup)" [_thread_blocked, id=11232, stack(0x0000007a15300000,0x0000007a15400000)]
  0x000001811a893000 JavaThread "jar transforms Thread 7" [_thread_blocked, id=11160, stack(0x0000007a15400000,0x0000007a15500000)]
  0x000001811a899800 JavaThread "Unconstrained build operations" [_thread_blocked, id=11104, stack(0x0000007a15500000,0x0000007a15600000)]
  0x000001811a894000 JavaThread "Unconstrained build operations Thread 2" [_thread_blocked, id=5016, stack(0x0000007a15600000,0x0000007a15700000)]
  0x000001811a89b000 JavaThread "Unconstrained build operations Thread 3" [_thread_blocked, id=9004, stack(0x0000007a15700000,0x0000007a15800000)]
  0x000001811a89a800 JavaThread "Unconstrained build operations Thread 4" [_thread_blocked, id=12168, stack(0x0000007a15800000,0x0000007a15900000)]
  0x000001811a8a1000 JavaThread "Unconstrained build operations Thread 5" [_thread_blocked, id=11028, stack(0x0000007a15900000,0x0000007a15a00000)]
  0x000001811a89e800 JavaThread "Unconstrained build operations Thread 6" [_thread_blocked, id=2024, stack(0x0000007a15a00000,0x0000007a15b00000)]
  0x000001811a8a1800 JavaThread "Unconstrained build operations Thread 7" [_thread_blocked, id=10568, stack(0x0000007a15b00000,0x0000007a15c00000)]
  0x000001811a8a0000 JavaThread "Unconstrained build operations Thread 8" [_thread_blocked, id=12364, stack(0x0000007a15c00000,0x0000007a15d00000)]
  0x000001811a89f000 JavaThread "Unconstrained build operations Thread 9" [_thread_blocked, id=10728, stack(0x0000007a15d00000,0x0000007a15e00000)]
  0x000001811a89c000 JavaThread "Unconstrained build operations Thread 10" [_thread_blocked, id=10772, stack(0x0000007a15e00000,0x0000007a15f00000)]
  0x000001811a89d000 JavaThread "Unconstrained build operations Thread 11" [_thread_blocked, id=3232, stack(0x0000007a15f00000,0x0000007a16000000)]
  0x000001811a89d800 JavaThread "Unconstrained build operations Thread 12" [_thread_blocked, id=11092, stack(0x0000007a16000000,0x0000007a16100000)]
  0x0000018115eb1000 JavaThread "Unconstrained build operations Thread 13" [_thread_blocked, id=240, stack(0x0000007a16100000,0x0000007a16200000)]
  0x0000018115eb6800 JavaThread "Unconstrained build operations Thread 14" [_thread_blocked, id=768, stack(0x0000007a16200000,0x0000007a16300000)]
  0x0000018115eb3800 JavaThread "Unconstrained build operations Thread 15" [_thread_blocked, id=13008, stack(0x0000007a16300000,0x0000007a16400000)]
  0x0000018115eb5000 JavaThread "Unconstrained build operations Thread 16" [_thread_blocked, id=10628, stack(0x0000007a16400000,0x0000007a16500000)]
  0x0000018115eb7800 JavaThread "Unconstrained build operations Thread 17" [_thread_blocked, id=10948, stack(0x0000007a16500000,0x0000007a16600000)]
  0x0000018115eb6000 JavaThread "Unconstrained build operations Thread 18" [_thread_blocked, id=11912, stack(0x0000007a16600000,0x0000007a16700000)]
  0x0000018115eb2000 JavaThread "Unconstrained build operations Thread 19" [_thread_blocked, id=11684, stack(0x0000007a16700000,0x0000007a16800000)]
  0x0000018115eb8800 JavaThread "Unconstrained build operations Thread 20" [_thread_blocked, id=10712, stack(0x0000007a16800000,0x0000007a16900000)]
  0x0000018115eb2800 JavaThread "Unconstrained build operations Thread 21" [_thread_blocked, id=10736, stack(0x0000007a16900000,0x0000007a16a00000)]
  0x0000018115eb9000 JavaThread "Unconstrained build operations Thread 22" [_thread_blocked, id=10732, stack(0x0000007a16a00000,0x0000007a16b00000)]
  0x0000018115eba000 JavaThread "Unconstrained build operations Thread 23" [_thread_blocked, id=10916, stack(0x0000007a16b00000,0x0000007a16c00000)]
  0x0000018115eb4800 JavaThread "Unconstrained build operations Thread 24" [_thread_blocked, id=10744, stack(0x0000007a16c00000,0x0000007a16d00000)]
  0x0000018115ebf800 JavaThread "Unconstrained build operations Thread 25" [_thread_blocked, id=11728, stack(0x0000007a16d00000,0x0000007a16e00000)]
  0x0000018115ebb000 JavaThread "Unconstrained build operations Thread 26" [_thread_blocked, id=10708, stack(0x0000007a16e00000,0x0000007a16f00000)]
  0x0000018115ebf000 JavaThread "Unconstrained build operations Thread 27" [_thread_blocked, id=12092, stack(0x0000007a16f00000,0x0000007a17000000)]
  0x0000018115ebb800 JavaThread "Unconstrained build operations Thread 28" [_thread_blocked, id=13316, stack(0x0000007a17000000,0x0000007a17100000)]
  0x0000018115ebc800 JavaThread "Unconstrained build operations Thread 29" [_thread_blocked, id=13320, stack(0x0000007a17100000,0x0000007a17200000)]
  0x0000018115ebd800 JavaThread "Unconstrained build operations Thread 30" [_thread_blocked, id=13324, stack(0x0000007a17200000,0x0000007a17300000)]
  0x0000018115ebe000 JavaThread "Unconstrained build operations Thread 31" [_thread_blocked, id=13328, stack(0x0000007a17300000,0x0000007a17400000)]
  0x0000018119b33800 JavaThread "Unconstrained build operations Thread 32" [_thread_blocked, id=13332, stack(0x0000007a17400000,0x0000007a17500000)]
  0x0000018119b32800 JavaThread "Unconstrained build operations Thread 33" [_thread_blocked, id=13336, stack(0x0000007a17500000,0x0000007a17600000)]
  0x0000018119b34000 JavaThread "jar transforms Thread 8" [_thread_blocked, id=13340, stack(0x0000007a17600000,0x0000007a17700000)]
  0x0000018119b35000 JavaThread "jar transforms Thread 9" [_thread_blocked, id=13344, stack(0x0000007a17700000,0x0000007a17800000)]
  0x0000018119b31800 JavaThread "jar transforms Thread 10" [_thread_blocked, id=13348, stack(0x0000007a17800000,0x0000007a17900000)]
  0x0000018119b31000 JavaThread "jar transforms Thread 11" [_thread_blocked, id=13352, stack(0x0000007a17900000,0x0000007a17a00000)]
  0x0000018119b2f000 JavaThread "jar transforms Thread 12" [_thread_blocked, id=13356, stack(0x0000007a17a00000,0x0000007a17b00000)]
  0x0000018119b35800 JavaThread "build event listener" [_thread_blocked, id=13360, stack(0x0000007a17b00000,0x0000007a17c00000)]
  0x0000018119b30000 JavaThread "Memory manager" [_thread_blocked, id=13420, stack(0x0000007a17c00000,0x0000007a17d00000)]
  0x0000018119b36800 JavaThread "Cache worker for Build Output Cleanup Cache (C:\Users\USER\Desktop\Capstone\Student\frontendApp\android\.gradle\buildOutputCleanup)" [_thread_blocked, id=13424, stack(0x0000007a14a00000,0x0000007a14b00000)]
  0x0000018119b3a800 JavaThread "included builds" [_thread_blocked, id=13436, stack(0x0000007a17e00000,0x0000007a17f00000)]
  0x0000018119b37800 JavaThread "Execution worker" [_thread_blocked, id=13440, stack(0x0000007a17f00000,0x0000007a18000000)]
  0x0000018119b39000 JavaThread "Execution worker Thread 2" [_thread_blocked, id=13444, stack(0x0000007a18000000,0x0000007a18100000)]
  0x0000018119b38000 JavaThread "Execution worker Thread 3" [_thread_blocked, id=13448, stack(0x0000007a18100000,0x0000007a18200000)]
  0x0000018119b3d000 JavaThread "Execution worker Thread 4" [_thread_blocked, id=13452, stack(0x0000007a18200000,0x0000007a18300000)]
  0x0000018119b3e000 JavaThread "Execution worker Thread 5" [_thread_blocked, id=13456, stack(0x0000007a18300000,0x0000007a18400000)]
  0x0000018119b3a000 JavaThread "Execution worker Thread 6" [_thread_blocked, id=13460, stack(0x0000007a18400000,0x0000007a18500000)]
  0x0000018119b3b800 JavaThread "Execution worker Thread 7" [_thread_blocked, id=13464, stack(0x0000007a18500000,0x0000007a18600000)]
  0x0000018116335000 JavaThread "Execution worker Thread 8" [_thread_blocked, id=13468, stack(0x0000007a18600000,0x0000007a18700000)]
  0x000001811632f800 JavaThread "Execution worker Thread 9" [_thread_blocked, id=13472, stack(0x0000007a18700000,0x0000007a18800000)]
  0x0000018116330800 JavaThread "Execution worker Thread 10" [_thread_blocked, id=13476, stack(0x0000007a18800000,0x0000007a18900000)]
  0x0000018116336000 JavaThread "Execution worker Thread 11" [_thread_blocked, id=13480, stack(0x0000007a18900000,0x0000007a18a00000)]
  0x0000018116333000 JavaThread "Cache worker for execution history cache (C:\Users\USER\Desktop\Capstone\Student\frontendApp\node_modules\react-native-gradle-plugin\.gradle\7.5.1\executionHistory)" [_thread_blocked, id=13484, stack(0x0000007a18a00000,0x0000007a18b00000)]
  0x0000018116332000 JavaThread "Unconstrained build operations Thread 34" [_thread_blocked, id=13488, stack(0x0000007a18b00000,0x0000007a18c00000)]
  0x0000018116337000 JavaThread "Unconstrained build operations Thread 35" [_thread_blocked, id=13492, stack(0x0000007a18c00000,0x0000007a18d00000)]
  0x0000018116333800 JavaThread "Unconstrained build operations Thread 36" [_thread_blocked, id=13496, stack(0x0000007a18d00000,0x0000007a18e00000)]
  0x0000018116334800 JavaThread "Unconstrained build operations Thread 37" [_thread_blocked, id=13500, stack(0x0000007a18e00000,0x0000007a18f00000)]
  0x0000018116331000 JavaThread "Unconstrained build operations Thread 38" [_thread_blocked, id=13504, stack(0x0000007a18f00000,0x0000007a19000000)]
  0x0000018116337800 JavaThread "Unconstrained build operations Thread 39" [_thread_blocked, id=13508, stack(0x0000007a19000000,0x0000007a19100000)]
  0x0000018116338800 JavaThread "Unconstrained build operations Thread 40" [_thread_blocked, id=13512, stack(0x0000007a19100000,0x0000007a19200000)]
  0x000001811633e000 JavaThread "Unconstrained build operations Thread 41" [_thread_blocked, id=13516, stack(0x0000007a19200000,0x0000007a19300000)]
  0x000001811633b000 JavaThread "Unconstrained build operations Thread 42" [_thread_blocked, id=13520, stack(0x0000007a19300000,0x0000007a19400000)]
  0x0000018116339800 JavaThread "Unconstrained build operations Thread 43" [_thread_blocked, id=13524, stack(0x0000007a19400000,0x0000007a19500000)]
  0x000001811633a000 JavaThread "Unconstrained build operations Thread 44" [_thread_blocked, id=13528, stack(0x0000007a19500000,0x0000007a19600000)]
  0x000001811633c000 JavaThread "Unconstrained build operations Thread 45" [_thread_blocked, id=13532, stack(0x0000007a19600000,0x0000007a19700000)]
  0x000001811633c800 JavaThread "Unconstrained build operations Thread 46" [_thread_blocked, id=13536, stack(0x0000007a19700000,0x0000007a19800000)]
  0x000001811633d800 JavaThread "Unconstrained build operations Thread 47" [_thread_blocked, id=13540, stack(0x0000007a19800000,0x0000007a19900000)]
  0x000001811be0f000 JavaThread "Unconstrained build operations Thread 48" [_thread_blocked, id=13544, stack(0x0000007a19900000,0x0000007a19a00000)]
  0x000001811be0e000 JavaThread "Unconstrained build operations Thread 49" [_thread_blocked, id=13548, stack(0x0000007a19a00000,0x0000007a19b00000)]
  0x000001811be0f800 JavaThread "Unconstrained build operations Thread 50" [_thread_blocked, id=13552, stack(0x0000007a19b00000,0x0000007a19c00000)]
  0x000001811be0c800 JavaThread "Unconstrained build operations Thread 51" [_thread_blocked, id=13556, stack(0x0000007a19c00000,0x0000007a19d00000)]
  0x000001811be10800 JavaThread "Unconstrained build operations Thread 52" [_thread_blocked, id=13560, stack(0x0000007a19d00000,0x0000007a19e00000)]
  0x000001811be11800 JavaThread "Unconstrained build operations Thread 53" [_thread_blocked, id=13564, stack(0x0000007a19e00000,0x0000007a19f00000)]
  0x000001811be0b800 JavaThread "Unconstrained build operations Thread 54" [_thread_blocked, id=13568, stack(0x0000007a19f00000,0x0000007a1a000000)]
  0x000001811be12000 JavaThread "Unconstrained build operations Thread 55" [_thread_blocked, id=13572, stack(0x0000007a1a000000,0x0000007a1a100000)]
  0x000001811be13000 JavaThread "Unconstrained build operations Thread 56" [_thread_blocked, id=13576, stack(0x0000007a1a100000,0x0000007a1a200000)]
  0x000001811be0d000 JavaThread "Unconstrained build operations Thread 57" [_thread_blocked, id=13580, stack(0x0000007a1a200000,0x0000007a1a300000)]
  0x000001811be13800 JavaThread "Unconstrained build operations Thread 58" [_thread_blocked, id=13584, stack(0x0000007a1a300000,0x0000007a1a400000)]
  0x000001811be18800 JavaThread "Unconstrained build operations Thread 59" [_thread_blocked, id=13588, stack(0x0000007a1a400000,0x0000007a1a500000)]
  0x000001811be17000 JavaThread "Unconstrained build operations Thread 60" [_thread_blocked, id=13592, stack(0x0000007a1a500000,0x0000007a1a600000)]
  0x000001811be18000 JavaThread "Unconstrained build operations Thread 61" [_thread_blocked, id=13596, stack(0x0000007a1a600000,0x0000007a1a700000)]
  0x000001811be16000 JavaThread "Unconstrained build operations Thread 62" [_thread_blocked, id=13600, stack(0x0000007a1a700000,0x0000007a1a800000)]
  0x000001811be14800 JavaThread "Unconstrained build operations Thread 63" [_thread_blocked, id=13604, stack(0x0000007a1a800000,0x0000007a1a900000)]
  0x000001811be1a000 JavaThread "Unconstrained build operations Thread 64" [_thread_blocked, id=13608, stack(0x0000007a1a900000,0x0000007a1aa00000)]
  0x000001811be19800 JavaThread "Unconstrained build operations Thread 65" [_thread_blocked, id=13612, stack(0x0000007a1aa00000,0x0000007a1ab00000)]
  0x000001811be15800 JavaThread "Unconstrained build operations Thread 66" [_thread_blocked, id=13616, stack(0x0000007a1ab00000,0x0000007a1ac00000)]
  0x00000181156c1800 JavaThread "Unconstrained build operations Thread 67" [_thread_blocked, id=13620, stack(0x0000007a1ac00000,0x0000007a1ad00000)]
  0x00000181156c0000 JavaThread "Unconstrained build operations Thread 68" [_thread_blocked, id=13624, stack(0x0000007a1ad00000,0x0000007a1ae00000)]
  0x00000181156c0800 JavaThread "Unconstrained build operations Thread 69" [_thread_blocked, id=13628, stack(0x0000007a1ae00000,0x0000007a1af00000)]
  0x00000181156c2800 JavaThread "Unconstrained build operations Thread 70" [_thread_blocked, id=13632, stack(0x0000007a1af00000,0x0000007a1b000000)]
  0x00000181156c3000 JavaThread "Unconstrained build operations Thread 71" [_thread_blocked, id=13636, stack(0x0000007a1b000000,0x0000007a1b100000)]
  0x00000181156bd800 JavaThread "Unconstrained build operations Thread 72" [_thread_blocked, id=13640, stack(0x0000007a1b100000,0x0000007a1b200000)]
  0x00000181156c4000 JavaThread "Unconstrained build operations Thread 73" [_thread_blocked, id=13644, stack(0x0000007a1b200000,0x0000007a1b300000)]
  0x00000181156be800 JavaThread "Unconstrained build operations Thread 74" [_thread_blocked, id=13648, stack(0x0000007a1b300000,0x0000007a1b400000)]
  0x00000181156c5000 JavaThread "Unconstrained build operations Thread 75" [_thread_blocked, id=13652, stack(0x0000007a1b400000,0x0000007a1b500000)]
  0x00000181156bf000 JavaThread "Unconstrained build operations Thread 76" [_thread_blocked, id=13656, stack(0x0000007a1b500000,0x0000007a1b600000)]
  0x00000181156c5800 JavaThread "Unconstrained build operations Thread 77" [_thread_blocked, id=13660, stack(0x0000007a1b600000,0x0000007a1b700000)]
  0x00000181156c8000 JavaThread "Unconstrained build operations Thread 78" [_thread_blocked, id=13664, stack(0x0000007a1b700000,0x0000007a1b800000)]
  0x00000181156c7800 JavaThread "Unconstrained build operations Thread 79" [_thread_blocked, id=13668, stack(0x0000007a1b800000,0x0000007a1b900000)]
  0x00000181156c9800 JavaThread "Unconstrained build operations Thread 80" [_thread_blocked, id=13672, stack(0x0000007a1b900000,0x0000007a1ba00000)]
  0x00000181156cc000 JavaThread "Unconstrained build operations Thread 81" [_thread_blocked, id=13676, stack(0x0000007a1ba00000,0x0000007a1bb00000)]
  0x00000181156ca800 JavaThread "Unconstrained build operations Thread 82" [_thread_blocked, id=13680, stack(0x0000007a1bb00000,0x0000007a1bc00000)]
  0x00000181156c9000 JavaThread "Unconstrained build operations Thread 83" [_thread_blocked, id=13684, stack(0x0000007a1bc00000,0x0000007a1bd00000)]
  0x00000181156c6800 JavaThread "Unconstrained build operations Thread 84" [_thread_blocked, id=13688, stack(0x0000007a1bd00000,0x0000007a1be00000)]
  0x00000181156cb800 JavaThread "Unconstrained build operations Thread 85" [_thread_blocked, id=13692, stack(0x0000007a1be00000,0x0000007a1bf00000)]
  0x0000018114777000 JavaThread "Unconstrained build operations Thread 86" [_thread_blocked, id=13696, stack(0x0000007a1bf00000,0x0000007a1c000000)]
  0x0000018114771800 JavaThread "Unconstrained build operations Thread 87" [_thread_blocked, id=13700, stack(0x0000007a1c000000,0x0000007a1c100000)]
  0x0000018114774800 JavaThread "Unconstrained build operations Thread 88" [_thread_blocked, id=13704, stack(0x0000007a1c100000,0x0000007a1c200000)]
  0x0000018114774000 JavaThread "Unconstrained build operations Thread 89" [_thread_blocked, id=13708, stack(0x0000007a1c200000,0x0000007a1c300000)]
  0x0000018114775800 JavaThread "Unconstrained build operations Thread 90" [_thread_blocked, id=13712, stack(0x0000007a1c300000,0x0000007a1c400000)]
  0x0000018114773000 JavaThread "Unconstrained build operations Thread 91" [_thread_blocked, id=13716, stack(0x0000007a1c400000,0x0000007a1c500000)]
  0x0000018114778000 JavaThread "Unconstrained build operations Thread 92" [_thread_blocked, id=13720, stack(0x0000007a1c500000,0x0000007a1c600000)]
  0x0000018114772000 JavaThread "Unconstrained build operations Thread 93" [_thread_blocked, id=13724, stack(0x0000007a1c600000,0x0000007a1c700000)]
  0x000001811477b000 JavaThread "Unconstrained build operations Thread 94" [_thread_blocked, id=13728, stack(0x0000007a1c700000,0x0000007a1c800000)]
  0x000001811477a800 JavaThread "Unconstrained build operations Thread 95" [_thread_blocked, id=13732, stack(0x0000007a1c800000,0x0000007a1c900000)]
  0x000001811477c000 JavaThread "Unconstrained build operations Thread 96" [_thread_blocked, id=13736, stack(0x0000007a1c900000,0x0000007a1ca00000)]
  0x0000018114776800 JavaThread "Unconstrained build operations Thread 97" [_thread_blocked, id=13740, stack(0x0000007a1ca00000,0x0000007a1cb00000)]
  0x000001811477d000 JavaThread "Unconstrained build operations Thread 98" [_thread_blocked, id=13744, stack(0x0000007a1cb00000,0x0000007a1cc00000)]
  0x000001811477d800 JavaThread "Unconstrained build operations Thread 99" [_thread_blocked, id=13748, stack(0x0000007a1cc00000,0x0000007a1cd00000)]
  0x000001811477e800 JavaThread "Unconstrained build operations Thread 100" [_thread_blocked, id=13752, stack(0x0000007a1cd00000,0x0000007a1ce00000)]
  0x0000018114778800 JavaThread "Unconstrained build operations Thread 101" [_thread_blocked, id=13756, stack(0x0000007a1ce00000,0x0000007a1cf00000)]
  0x0000018114779800 JavaThread "Unconstrained build operations Thread 102" [_thread_blocked, id=13760, stack(0x0000007a1cf00000,0x0000007a1d000000)]
  0x000001811477f000 JavaThread "Unconstrained build operations Thread 103" [_thread_blocked, id=13764, stack(0x0000007a1d000000,0x0000007a1d100000)]
  0x0000018114780000 JavaThread "Unconstrained build operations Thread 104" [_thread_blocked, id=13768, stack(0x0000007a1d100000,0x0000007a1d200000)]
  0x0000018118e04800 JavaThread "Unconstrained build operations Thread 105" [_thread_blocked, id=13772, stack(0x0000007a1d200000,0x0000007a1d300000)]
  0x0000018118e03000 JavaThread "Unconstrained build operations Thread 106" [_thread_blocked, id=13776, stack(0x0000007a1d300000,0x0000007a1d400000)]
  0x0000018118e08000 JavaThread "Unconstrained build operations Thread 107" [_thread_blocked, id=13780, stack(0x0000007a1d400000,0x0000007a1d500000)]
  0x0000018118e02000 JavaThread "Unconstrained build operations Thread 108" [_thread_blocked, id=13784, stack(0x0000007a1d500000,0x0000007a1d600000)]
  0x0000018118e06000 JavaThread "Unconstrained build operations Thread 109" [_thread_blocked, id=13788, stack(0x0000007a1d600000,0x0000007a1d700000)]
  0x0000018118e07000 JavaThread "Unconstrained build operations Thread 110" [_thread_blocked, id=13792, stack(0x0000007a1d700000,0x0000007a1d800000)]
  0x0000018118e05800 JavaThread "Unconstrained build operations Thread 111" [_thread_blocked, id=13796, stack(0x0000007a1d800000,0x0000007a1d900000)]
  0x0000018118e03800 JavaThread "Unconstrained build operations Thread 112" [_thread_blocked, id=13800, stack(0x0000007a1d900000,0x0000007a1da00000)]
  0x0000018118e0b000 JavaThread "Unconstrained build operations Thread 113" [_thread_blocked, id=13804, stack(0x0000007a1da00000,0x0000007a1db00000)]
  0x0000018118e08800 JavaThread "Unconstrained build operations Thread 114" [_thread_blocked, id=13808, stack(0x0000007a1db00000,0x0000007a1dc00000)]
  0x0000018118e0c000 JavaThread "Unconstrained build operations Thread 115" [_thread_blocked, id=13812, stack(0x0000007a1dc00000,0x0000007a1dd00000)]
  0x0000018118e0c800 JavaThread "Unconstrained build operations Thread 116" [_thread_blocked, id=13816, stack(0x0000007a1dd00000,0x0000007a1de00000)]
  0x0000018118e09800 JavaThread "Unconstrained build operations Thread 117" [_thread_blocked, id=13820, stack(0x0000007a1de00000,0x0000007a1df00000)]
  0x0000018118e0a800 JavaThread "Unconstrained build operations Thread 118" [_thread_blocked, id=13824, stack(0x0000007a1df00000,0x0000007a1e000000)]
  0x0000018118e11800 JavaThread "Unconstrained build operations Thread 119" [_thread_blocked, id=13828, stack(0x0000007a1e000000,0x0000007a1e100000)]
  0x0000018118e13800 JavaThread "Unconstrained build operations Thread 120" [_thread_blocked, id=13832, stack(0x0000007a1e100000,0x0000007a1e200000)]
  0x0000018118b65800 JavaThread "C2 CompilerThread1" daemon [_thread_in_native, id=14080, stack(0x0000007a12900000,0x0000007a12a00000)]
  0x000001811bb06000 JavaThread "C2 CompilerThread2" daemon [_thread_blocked, id=14084, stack(0x0000007a1e200000,0x0000007a1e300000)]

Other Threads:
  0x0000018114392800 VMThread "VM Thread" [stack: 0x0000007a11e00000,0x0000007a11f00000] [id=11112]
  0x0000018114595000 WatcherThread [stack: 0x0000007a12800000,0x0000007a12900000] [id=12456]
  0x0000018174845800 GCTaskThread "GC Thread#0" [stack: 0x0000007a11900000,0x0000007a11a00000] [id=7088]
  0x00000181151c4800 GCTaskThread "GC Thread#1" [stack: 0x0000007a12a00000,0x0000007a12b00000] [id=9256]
  0x00000181151af000 GCTaskThread "GC Thread#2" [stack: 0x0000007a12b00000,0x0000007a12c00000] [id=9296]
  0x00000181151f0000 GCTaskThread "GC Thread#3" [stack: 0x0000007a12c00000,0x0000007a12d00000] [id=12708]
  0x00000181153e9000 GCTaskThread "GC Thread#4" [stack: 0x0000007a12d00000,0x0000007a12e00000] [id=11208]
  0x0000018116a5b000 GCTaskThread "GC Thread#5" [stack: 0x0000007a13b00000,0x0000007a13c00000] [id=7948]
  0x000001811647a000 GCTaskThread "GC Thread#6" [stack: 0x0000007a13c00000,0x0000007a13d00000] [id=12356]
  0x0000018114979000 GCTaskThread "GC Thread#7" [stack: 0x0000007a13d00000,0x0000007a13e00000] [id=12956]
  0x00000181166db800 GCTaskThread "GC Thread#8" [stack: 0x0000007a13e00000,0x0000007a13f00000] [id=9236]
  0x00000181166dc000 GCTaskThread "GC Thread#9" [stack: 0x0000007a13f00000,0x0000007a14000000] [id=10040]
  0x0000018174876000 ConcurrentGCThread "G1 Main Marker" [stack: 0x0000007a11a00000,0x0000007a11b00000] [id=2320]
  0x0000018174878800 ConcurrentGCThread "G1 Conc#0" [stack: 0x0000007a11b00000,0x0000007a11c00000] [id=13228]
  0x00000181154fc800 ConcurrentGCThread "G1 Conc#1" [stack: 0x0000007a14000000,0x0000007a14100000] [id=8908]
  0x000001811675f000 ConcurrentGCThread "G1 Conc#2" [stack: 0x0000007a14100000,0x0000007a14200000] [id=9240]
  0x000001817490d800 ConcurrentGCThread "G1 Refine#0" [stack: 0x0000007a11c00000,0x0000007a11d00000] [id=13088]
  0x000001811cc2d800 ConcurrentGCThread "G1 Refine#1" [stack: 0x0000007a17d00000,0x0000007a17e00000] [id=13852]
  0x00000181139fc800 ConcurrentGCThread "G1 Young RemSet Sampling" [stack: 0x0000007a11d00000,0x0000007a11e00000] [id=11016]

Threads with active compile tasks:
C2 CompilerThread0  23674 13697       4       org.gradle.api.internal.artifacts.configurations.Configurations::getNames (99 bytes)
C2 CompilerThread1  23674 13693       4       org.gradle.internal.component.local.model.DefaultLocalComponentMetadata::addVariant (112 bytes)

VM state:not at safepoint (normal execution)

VM Mutex/Monitor currently owned by a thread: None

Heap address: 0x0000000080000000, size: 2048 MB, Compressed Oops mode: 32-bit
Narrow klass base: 0x0000000000000000, Narrow klass shift: 3
Compressed class space size: 528482304 Address: 0x0000000100000000

Heap:
 garbage-first heap   total 229376K, used 176719K [0x0000000080000000, 0x0000000100000000)
  region size 1024K, 18 young (18432K), 4 survivors (4096K)
 Metaspace       used 109492K, capacity 113249K, committed 113280K, reserved 614400K
  class space    used 14414K, capacity 15865K, committed 15872K, reserved 516096K
Heap Regions: E=young(eden), S=young(survivor), O=old, HS=humongous(starts), HC=humongous(continues), CS=collection set, F=free, A=archive, TAMS=top-at-mark-start (previous, next)
|   0|0x0000000080000000, 0x0000000080100000, 0x0000000080100000|100%| O|  |TAMS 0x0000000080100000, 0x0000000080000000| Untracked 
|   1|0x0000000080100000, 0x0000000080200000, 0x0000000080200000|100%| O|  |TAMS 0x0000000080200000, 0x0000000080100000| Untracked 
|   2|0x0000000080200000, 0x00000000802ffff8, 0x0000000080300000| 99%| O|  |TAMS 0x00000000802ffff8, 0x0000000080200000| Untracked 
|   3|0x0000000080300000, 0x0000000080400000, 0x0000000080400000|100%|HS|  |TAMS 0x0000000080400000, 0x0000000080300000| Complete 
|   4|0x0000000080400000, 0x0000000080500000, 0x0000000080500000|100%|HC|  |TAMS 0x0000000080500000, 0x0000000080400000| Complete 
|   5|0x0000000080500000, 0x0000000080600000, 0x0000000080600000|100%|HC|  |TAMS 0x0000000080600000, 0x0000000080500000| Complete 
|   6|0x0000000080600000, 0x0000000080700000, 0x0000000080700000|100%| O|  |TAMS 0x0000000080700000, 0x0000000080600000| Untracked 
|   7|0x0000000080700000, 0x0000000080800000, 0x0000000080800000|100%| O|  |TAMS 0x0000000080800000, 0x0000000080700000| Untracked 
|   8|0x0000000080800000, 0x0000000080900000, 0x0000000080900000|100%| O|  |TAMS 0x0000000080900000, 0x0000000080800000| Untracked 
|   9|0x0000000080900000, 0x0000000080a00000, 0x0000000080a00000|100%| O|  |TAMS 0x0000000080a00000, 0x0000000080900000| Untracked 
|  10|0x0000000080a00000, 0x0000000080b00000, 0x0000000080b00000|100%| O|  |TAMS 0x0000000080b00000, 0x0000000080a00000| Untracked 
|  11|0x0000000080b00000, 0x0000000080c00000, 0x0000000080c00000|100%| O|  |TAMS 0x0000000080c00000, 0x0000000080b00000| Untracked 
|  12|0x0000000080c00000, 0x0000000080d00000, 0x0000000080d00000|100%| O|  |TAMS 0x0000000080d00000, 0x0000000080c00000| Untracked 
|  13|0x0000000080d00000, 0x0000000080e00000, 0x0000000080e00000|100%| O|  |TAMS 0x0000000080e00000, 0x0000000080d00000| Untracked 
|  14|0x0000000080e00000, 0x0000000080f00000, 0x0000000080f00000|100%| O|  |TAMS 0x0000000080f00000, 0x0000000080e00000| Untracked 
|  15|0x0000000080f00000, 0x0000000081000000, 0x0000000081000000|100%| O|  |TAMS 0x0000000081000000, 0x0000000080f00000| Untracked 
|  16|0x0000000081000000, 0x0000000081100000, 0x0000000081100000|100%| O|  |TAMS 0x0000000081100000, 0x0000000081000000| Untracked 
|  17|0x0000000081100000, 0x0000000081200000, 0x0000000081200000|100%|HS|  |TAMS 0x0000000081200000, 0x0000000081100000| Complete 
|  18|0x0000000081200000, 0x0000000081300000, 0x0000000081300000|100%|HS|  |TAMS 0x0000000081300000, 0x0000000081200000| Complete 
|  19|0x0000000081300000, 0x0000000081400000, 0x0000000081400000|100%|HC|  |TAMS 0x0000000081400000, 0x0000000081300000| Complete 
|  20|0x0000000081400000, 0x0000000081500000, 0x0000000081500000|100%|HC|  |TAMS 0x0000000081500000, 0x0000000081400000| Complete 
|  21|0x0000000081500000, 0x0000000081600000, 0x0000000081600000|100%| O|  |TAMS 0x0000000081600000, 0x0000000081500000| Untracked 
|  22|0x0000000081600000, 0x0000000081700000, 0x0000000081700000|100%| O|  |TAMS 0x0000000081700000, 0x0000000081600000| Untracked 
|  23|0x0000000081700000, 0x0000000081800000, 0x0000000081800000|100%| O|  |TAMS 0x0000000081800000, 0x0000000081700000| Untracked 
|  24|0x0000000081800000, 0x0000000081900000, 0x0000000081900000|100%| O|  |TAMS 0x0000000081900000, 0x0000000081800000| Untracked 
|  25|0x0000000081900000, 0x0000000081a00000, 0x0000000081a00000|100%| O|  |TAMS 0x0000000081a00000, 0x0000000081900000| Untracked 
|  26|0x0000000081a00000, 0x0000000081b00000, 0x0000000081b00000|100%| O|  |TAMS 0x0000000081b00000, 0x0000000081a00000| Untracked 
|  27|0x0000000081b00000, 0x0000000081c00000, 0x0000000081c00000|100%| O|  |TAMS 0x0000000081c00000, 0x0000000081b00000| Untracked 
|  28|0x0000000081c00000, 0x0000000081d00000, 0x0000000081d00000|100%| O|  |TAMS 0x0000000081d00000, 0x0000000081c00000| Untracked 
|  29|0x0000000081d00000, 0x0000000081e00000, 0x0000000081e00000|100%| O|  |TAMS 0x0000000081e00000, 0x0000000081d00000| Untracked 
|  30|0x0000000081e00000, 0x0000000081f00000, 0x0000000081f00000|100%| O|  |TAMS 0x0000000081f00000, 0x0000000081e00000| Untracked 
|  31|0x0000000081f00000, 0x0000000082000000, 0x0000000082000000|100%| O|  |TAMS 0x0000000082000000, 0x0000000081f00000| Untracked 
|  32|0x0000000082000000, 0x0000000082100000, 0x0000000082100000|100%| O|  |TAMS 0x0000000082100000, 0x0000000082000000| Untracked 
|  33|0x0000000082100000, 0x0000000082200000, 0x0000000082200000|100%|HS|  |TAMS 0x0000000082200000, 0x0000000082100000| Complete 
|  34|0x0000000082200000, 0x0000000082300000, 0x0000000082300000|100%|HS|  |TAMS 0x0000000082300000, 0x0000000082200000| Complete 
|  35|0x0000000082300000, 0x0000000082400000, 0x0000000082400000|100%| O|  |TAMS 0x0000000082400000, 0x0000000082300000| Untracked 
|  36|0x0000000082400000, 0x0000000082500000, 0x0000000082500000|100%|HS|  |TAMS 0x0000000082500000, 0x0000000082400000| Complete 
|  37|0x0000000082500000, 0x0000000082600000, 0x0000000082600000|100%|HC|  |TAMS 0x0000000082600000, 0x0000000082500000| Complete 
|  38|0x0000000082600000, 0x0000000082700000, 0x0000000082700000|100%| O|  |TAMS 0x0000000082700000, 0x0000000082600000| Untracked 
|  39|0x0000000082700000, 0x0000000082800000, 0x0000000082800000|100%| O|  |TAMS 0x0000000082800000, 0x0000000082700000| Untracked 
|  40|0x0000000082800000, 0x0000000082900000, 0x0000000082900000|100%| O|  |TAMS 0x0000000082900000, 0x0000000082800000| Untracked 
|  41|0x0000000082900000, 0x0000000082a00000, 0x0000000082a00000|100%| O|  |TAMS 0x0000000082a00000, 0x0000000082900000| Untracked 
|  42|0x0000000082a00000, 0x0000000082b00000, 0x0000000082b00000|100%| O|  |TAMS 0x0000000082b00000, 0x0000000082a00000| Untracked 
|  43|0x0000000082b00000, 0x0000000082c00000, 0x0000000082c00000|100%| O|  |TAMS 0x0000000082c00000, 0x0000000082b00000| Untracked 
|  44|0x0000000082c00000, 0x0000000082d00000, 0x0000000082d00000|100%| O|  |TAMS 0x0000000082d00000, 0x0000000082c00000| Untracked 
|  45|0x0000000082d00000, 0x0000000082e00000, 0x0000000082e00000|100%| O|  |TAMS 0x0000000082e00000, 0x0000000082d00000| Untracked 
|  46|0x0000000082e00000, 0x0000000082f00000, 0x0000000082f00000|100%|HS|  |TAMS 0x0000000082f00000, 0x0000000082e00000| Complete 
|  47|0x0000000082f00000, 0x0000000083000000, 0x0000000083000000|100%|HS|  |TAMS 0x0000000083000000, 0x0000000082f00000| Complete 
|  48|0x0000000083000000, 0x0000000083100000, 0x0000000083100000|100%|HS|  |TAMS 0x0000000083100000, 0x0000000083000000| Complete 
|  49|0x0000000083100000, 0x0000000083200000, 0x0000000083200000|100%|HS|  |TAMS 0x0000000083200000, 0x0000000083100000| Complete 
|  50|0x0000000083200000, 0x0000000083300000, 0x0000000083300000|100%|HC|  |TAMS 0x0000000083300000, 0x0000000083200000| Complete 
|  51|0x0000000083300000, 0x0000000083400000, 0x0000000083400000|100%|HC|  |TAMS 0x0000000083400000, 0x0000000083300000| Complete 
|  52|0x0000000083400000, 0x0000000083500000, 0x0000000083500000|100%| O|  |TAMS 0x0000000083500000, 0x0000000083400000| Untracked 
|  53|0x0000000083500000, 0x0000000083600000, 0x0000000083600000|100%| O|  |TAMS 0x0000000083600000, 0x0000000083500000| Untracked 
|  54|0x0000000083600000, 0x0000000083700000, 0x0000000083700000|100%| O|  |TAMS 0x0000000083700000, 0x0000000083600000| Untracked 
|  55|0x0000000083700000, 0x0000000083800000, 0x0000000083800000|100%| O|  |TAMS 0x0000000083800000, 0x0000000083700000| Untracked 
|  56|0x0000000083800000, 0x0000000083900000, 0x0000000083900000|100%| O|  |TAMS 0x0000000083900000, 0x0000000083800000| Untracked 
|  57|0x0000000083900000, 0x0000000083a00000, 0x0000000083a00000|100%| O|  |TAMS 0x0000000083a00000, 0x0000000083900000| Untracked 
|  58|0x0000000083a00000, 0x0000000083b00000, 0x0000000083b00000|100%| O|  |TAMS 0x0000000083b00000, 0x0000000083a00000| Untracked 
|  59|0x0000000083b00000, 0x0000000083c00000, 0x0000000083c00000|100%| O|  |TAMS 0x0000000083c00000, 0x0000000083b00000| Untracked 
|  60|0x0000000083c00000, 0x0000000083d00000, 0x0000000083d00000|100%| O|  |TAMS 0x0000000083d00000, 0x0000000083c00000| Untracked 
|  61|0x0000000083d00000, 0x0000000083e00000, 0x0000000083e00000|100%| O|  |TAMS 0x0000000083e00000, 0x0000000083d00000| Untracked 
|  62|0x0000000083e00000, 0x0000000083f00000, 0x0000000083f00000|100%| O|  |TAMS 0x0000000083f00000, 0x0000000083e00000| Untracked 
|  63|0x0000000083f00000, 0x0000000084000000, 0x0000000084000000|100%| O|  |TAMS 0x0000000084000000, 0x0000000083f00000| Untracked 
|  64|0x0000000084000000, 0x0000000084100000, 0x0000000084100000|100%| O|  |TAMS 0x0000000084100000, 0x0000000084000000| Untracked 
|  65|0x0000000084100000, 0x0000000084200000, 0x0000000084200000|100%| O|  |TAMS 0x0000000084200000, 0x0000000084100000| Untracked 
|  66|0x0000000084200000, 0x0000000084300000, 0x0000000084300000|100%| O|  |TAMS 0x0000000084300000, 0x0000000084200000| Untracked 
|  67|0x0000000084300000, 0x0000000084400000, 0x0000000084400000|100%| O|  |TAMS 0x0000000084400000, 0x0000000084300000| Untracked 
|  68|0x0000000084400000, 0x0000000084500000, 0x0000000084500000|100%| O|  |TAMS 0x0000000084500000, 0x0000000084400000| Untracked 
|  69|0x0000000084500000, 0x0000000084600000, 0x0000000084600000|100%| O|  |TAMS 0x0000000084600000, 0x0000000084500000| Untracked 
|  70|0x0000000084600000, 0x0000000084700000, 0x0000000084700000|100%| O|  |TAMS 0x0000000084700000, 0x0000000084600000| Untracked 
|  71|0x0000000084700000, 0x0000000084800000, 0x0000000084800000|100%| O|  |TAMS 0x0000000084800000, 0x0000000084700000| Untracked 
|  72|0x0000000084800000, 0x0000000084900000, 0x0000000084900000|100%| O|  |TAMS 0x0000000084900000, 0x0000000084800000| Untracked 
|  73|0x0000000084900000, 0x0000000084a00000, 0x0000000084a00000|100%| O|  |TAMS 0x0000000084a00000, 0x0000000084900000| Untracked 
|  74|0x0000000084a00000, 0x0000000084b00000, 0x0000000084b00000|100%| O|  |TAMS 0x0000000084b00000, 0x0000000084a00000| Untracked 
|  75|0x0000000084b00000, 0x0000000084c00000, 0x0000000084c00000|100%| O|  |TAMS 0x0000000084c00000, 0x0000000084b00000| Untracked 
|  76|0x0000000084c00000, 0x0000000084d00000, 0x0000000084d00000|100%| O|  |TAMS 0x0000000084d00000, 0x0000000084c00000| Untracked 
|  77|0x0000000084d00000, 0x0000000084e00000, 0x0000000084e00000|100%| O|  |TAMS 0x0000000084e00000, 0x0000000084d00000| Untracked 
|  78|0x0000000084e00000, 0x0000000084f00000, 0x0000000084f00000|100%| O|  |TAMS 0x0000000084f00000, 0x0000000084e00000| Untracked 
|  79|0x0000000084f00000, 0x0000000085000000, 0x0000000085000000|100%| O|  |TAMS 0x0000000085000000, 0x0000000084f00000| Untracked 
|  80|0x0000000085000000, 0x0000000085100000, 0x0000000085100000|100%| O|  |TAMS 0x0000000085100000, 0x0000000085000000| Untracked 
|  81|0x0000000085100000, 0x0000000085200000, 0x0000000085200000|100%| O|  |TAMS 0x0000000085200000, 0x0000000085100000| Untracked 
|  82|0x0000000085200000, 0x0000000085300000, 0x0000000085300000|100%| O|  |TAMS 0x0000000085300000, 0x0000000085200000| Untracked 
|  83|0x0000000085300000, 0x0000000085400000, 0x0000000085400000|100%| O|  |TAMS 0x0000000085400000, 0x0000000085300000| Untracked 
|  84|0x0000000085400000, 0x0000000085500000, 0x0000000085500000|100%|HS|  |TAMS 0x0000000085500000, 0x0000000085400000| Complete 
|  85|0x0000000085500000, 0x0000000085600000, 0x0000000085600000|100%|HC|  |TAMS 0x0000000085600000, 0x0000000085500000| Complete 
|  86|0x0000000085600000, 0x0000000085700000, 0x0000000085700000|100%|HS|  |TAMS 0x0000000085700000, 0x0000000085600000| Complete 
|  87|0x0000000085700000, 0x0000000085800000, 0x0000000085800000|100%|HC|  |TAMS 0x0000000085800000, 0x0000000085700000| Complete 
|  88|0x0000000085800000, 0x0000000085900000, 0x0000000085900000|100%|HC|  |TAMS 0x0000000085900000, 0x0000000085800000| Complete 
|  89|0x0000000085900000, 0x0000000085a00000, 0x0000000085a00000|100%|HC|  |TAMS 0x0000000085a00000, 0x0000000085900000| Complete 
|  90|0x0000000085a00000, 0x0000000085b00000, 0x0000000085b00000|100%|HS|  |TAMS 0x0000000085b00000, 0x0000000085a00000| Complete 
|  91|0x0000000085b00000, 0x0000000085c00000, 0x0000000085c00000|100%|HS|  |TAMS 0x0000000085c00000, 0x0000000085b00000| Complete 
|  92|0x0000000085c00000, 0x0000000085d00000, 0x0000000085d00000|100%|HC|  |TAMS 0x0000000085d00000, 0x0000000085c00000| Complete 
|  93|0x0000000085d00000, 0x0000000085e00000, 0x0000000085e00000|100%|HC|  |TAMS 0x0000000085e00000, 0x0000000085d00000| Complete 
|  94|0x0000000085e00000, 0x0000000085f00000, 0x0000000085f00000|100%| O|  |TAMS 0x0000000085f00000, 0x0000000085e00000| Untracked 
|  95|0x0000000085f00000, 0x0000000086000000, 0x0000000086000000|100%| O|  |TAMS 0x0000000086000000, 0x0000000085f00000| Untracked 
|  96|0x0000000086000000, 0x0000000086100000, 0x0000000086100000|100%| O|  |TAMS 0x0000000086100000, 0x0000000086000000| Untracked 
|  97|0x0000000086100000, 0x0000000086200000, 0x0000000086200000|100%| O|  |TAMS 0x0000000086200000, 0x0000000086100000| Untracked 
|  98|0x0000000086200000, 0x0000000086300000, 0x0000000086300000|100%| O|  |TAMS 0x0000000086300000, 0x0000000086200000| Untracked 
|  99|0x0000000086300000, 0x0000000086400000, 0x0000000086400000|100%| O|  |TAMS 0x0000000086400000, 0x0000000086300000| Untracked 
| 100|0x0000000086400000, 0x0000000086500000, 0x0000000086500000|100%| O|  |TAMS 0x0000000086500000, 0x0000000086400000| Untracked 
| 101|0x0000000086500000, 0x0000000086600000, 0x0000000086600000|100%| O|  |TAMS 0x0000000086600000, 0x0000000086500000| Untracked 
| 102|0x0000000086600000, 0x0000000086700000, 0x0000000086700000|100%| O|  |TAMS 0x0000000086700000, 0x0000000086600000| Untracked 
| 103|0x0000000086700000, 0x0000000086800000, 0x0000000086800000|100%| O|  |TAMS 0x0000000086800000, 0x0000000086700000| Untracked 
| 104|0x0000000086800000, 0x0000000086900000, 0x0000000086900000|100%| O|  |TAMS 0x0000000086900000, 0x0000000086800000| Untracked 
| 105|0x0000000086900000, 0x0000000086a00000, 0x0000000086a00000|100%| O|  |TAMS 0x0000000086a00000, 0x0000000086900000| Untracked 
| 106|0x0000000086a00000, 0x0000000086b00000, 0x0000000086b00000|100%| O|  |TAMS 0x0000000086b00000, 0x0000000086a00000| Untracked 
| 107|0x0000000086b00000, 0x0000000086c00000, 0x0000000086c00000|100%| O|  |TAMS 0x0000000086c00000, 0x0000000086b00000| Untracked 
| 108|0x0000000086c00000, 0x0000000086d00000, 0x0000000086d00000|100%| O|  |TAMS 0x0000000086d00000, 0x0000000086c00000| Untracked 
| 109|0x0000000086d00000, 0x0000000086e00000, 0x0000000086e00000|100%| O|  |TAMS 0x0000000086e00000, 0x0000000086d00000| Untracked 
| 110|0x0000000086e00000, 0x0000000086f00000, 0x0000000086f00000|100%| O|  |TAMS 0x0000000086f00000, 0x0000000086e00000| Untracked 
| 111|0x0000000086f00000, 0x0000000087000000, 0x0000000087000000|100%| O|  |TAMS 0x0000000087000000, 0x0000000086f00000| Untracked 
| 112|0x0000000087000000, 0x0000000087100000, 0x0000000087100000|100%| O|  |TAMS 0x0000000087100000, 0x0000000087000000| Untracked 
| 113|0x0000000087100000, 0x0000000087200000, 0x0000000087200000|100%| O|  |TAMS 0x0000000087200000, 0x0000000087100000| Untracked 
| 114|0x0000000087200000, 0x0000000087300000, 0x0000000087300000|100%| O|  |TAMS 0x0000000087300000, 0x0000000087200000| Untracked 
| 115|0x0000000087300000, 0x0000000087400000, 0x0000000087400000|100%| O|  |TAMS 0x0000000087400000, 0x0000000087300000| Untracked 
| 116|0x0000000087400000, 0x0000000087500000, 0x0000000087500000|100%| O|  |TAMS 0x0000000087500000, 0x0000000087400000| Untracked 
| 117|0x0000000087500000, 0x0000000087600000, 0x0000000087600000|100%|HS|  |TAMS 0x0000000087600000, 0x0000000087500000| Complete 
| 118|0x0000000087600000, 0x0000000087700000, 0x0000000087700000|100%|HS|  |TAMS 0x0000000087700000, 0x0000000087600000| Complete 
| 119|0x0000000087700000, 0x0000000087800000, 0x0000000087800000|100%|HS|  |TAMS 0x0000000087800000, 0x0000000087700000| Complete 
| 120|0x0000000087800000, 0x0000000087900000, 0x0000000087900000|100%|HC|  |TAMS 0x0000000087900000, 0x0000000087800000| Complete 
| 121|0x0000000087900000, 0x0000000087a00000, 0x0000000087a00000|100%|HC|  |TAMS 0x0000000087a00000, 0x0000000087900000| Complete 
| 122|0x0000000087a00000, 0x0000000087b00000, 0x0000000087b00000|100%| O|  |TAMS 0x0000000087b00000, 0x0000000087a00000| Untracked 
| 123|0x0000000087b00000, 0x0000000087c00000, 0x0000000087c00000|100%| O|  |TAMS 0x0000000087c00000, 0x0000000087b00000| Untracked 
| 124|0x0000000087c00000, 0x0000000087d00000, 0x0000000087d00000|100%| O|  |TAMS 0x0000000087d00000, 0x0000000087c00000| Untracked 
| 125|0x0000000087d00000, 0x0000000087e00000, 0x0000000087e00000|100%| O|  |TAMS 0x0000000087e00000, 0x0000000087d00000| Untracked 
| 126|0x0000000087e00000, 0x0000000087f00000, 0x0000000087f00000|100%| O|  |TAMS 0x0000000087f00000, 0x0000000087e00000| Untracked 
| 127|0x0000000087f00000, 0x0000000088000000, 0x0000000088000000|100%| O|  |TAMS 0x0000000088000000, 0x0000000087f00000| Untracked 
| 128|0x0000000088000000, 0x0000000088100000, 0x0000000088100000|100%| O|  |TAMS 0x0000000088100000, 0x0000000088000000| Untracked 
| 129|0x0000000088100000, 0x0000000088200000, 0x0000000088200000|100%| O|  |TAMS 0x0000000088200000, 0x0000000088100000| Untracked 
| 130|0x0000000088200000, 0x0000000088300000, 0x0000000088300000|100%| O|  |TAMS 0x0000000088300000, 0x0000000088200000| Untracked 
| 131|0x0000000088300000, 0x0000000088400000, 0x0000000088400000|100%| O|  |TAMS 0x0000000088400000, 0x0000000088300000| Untracked 
| 132|0x0000000088400000, 0x0000000088500000, 0x0000000088500000|100%| O|  |TAMS 0x0000000088500000, 0x0000000088400000| Untracked 
| 133|0x0000000088500000, 0x0000000088600000, 0x0000000088600000|100%| O|  |TAMS 0x0000000088600000, 0x0000000088500000| Untracked 
| 134|0x0000000088600000, 0x0000000088700000, 0x0000000088700000|100%| O|  |TAMS 0x0000000088700000, 0x0000000088600000| Untracked 
| 135|0x0000000088700000, 0x0000000088800000, 0x0000000088800000|100%| O|  |TAMS 0x0000000088800000, 0x0000000088700000| Untracked 
| 136|0x0000000088800000, 0x0000000088900000, 0x0000000088900000|100%| O|  |TAMS 0x0000000088900000, 0x0000000088800000| Untracked 
| 137|0x0000000088900000, 0x0000000088a00000, 0x0000000088a00000|100%| O|  |TAMS 0x0000000088a00000, 0x0000000088900000| Untracked 
| 138|0x0000000088a00000, 0x0000000088b00000, 0x0000000088b00000|100%| O|  |TAMS 0x0000000088b00000, 0x0000000088a00000| Untracked 
| 139|0x0000000088b00000, 0x0000000088c00000, 0x0000000088c00000|100%| O|  |TAMS 0x0000000088c00000, 0x0000000088b00000| Untracked 
| 140|0x0000000088c00000, 0x0000000088d00000, 0x0000000088d00000|100%| O|  |TAMS 0x0000000088d00000, 0x0000000088c00000| Untracked 
| 141|0x0000000088d00000, 0x0000000088e00000, 0x0000000088e00000|100%| O|  |TAMS 0x0000000088e00000, 0x0000000088d00000| Untracked 
| 142|0x0000000088e00000, 0x0000000088f00000, 0x0000000088f00000|100%| O|  |TAMS 0x0000000088f00000, 0x0000000088e00000| Untracked 
| 143|0x0000000088f00000, 0x0000000089000000, 0x0000000089000000|100%| O|  |TAMS 0x0000000089000000, 0x0000000088f00000| Untracked 
| 144|0x0000000089000000, 0x0000000089100000, 0x0000000089100000|100%| O|  |TAMS 0x0000000089100000, 0x0000000089000000| Untracked 
| 145|0x0000000089100000, 0x0000000089200000, 0x0000000089200000|100%| O|  |TAMS 0x0000000089200000, 0x0000000089100000| Untracked 
| 146|0x0000000089200000, 0x0000000089300000, 0x0000000089300000|100%| O|  |TAMS 0x0000000089300000, 0x0000000089200000| Untracked 
| 147|0x0000000089300000, 0x0000000089400000, 0x0000000089400000|100%| O|  |TAMS 0x0000000089400000, 0x0000000089300000| Untracked 
| 148|0x0000000089400000, 0x0000000089500000, 0x0000000089500000|100%| O|  |TAMS 0x0000000089500000, 0x0000000089400000| Untracked 
| 149|0x0000000089500000, 0x0000000089600000, 0x0000000089600000|100%| O|  |TAMS 0x0000000089600000, 0x0000000089500000| Untracked 
| 150|0x0000000089600000, 0x0000000089700000, 0x0000000089700000|100%| O|  |TAMS 0x0000000089700000, 0x0000000089600000| Untracked 
| 151|0x0000000089700000, 0x0000000089800000, 0x0000000089800000|100%| O|  |TAMS 0x0000000089800000, 0x0000000089700000| Untracked 
| 152|0x0000000089800000, 0x0000000089900000, 0x0000000089900000|100%| O|  |TAMS 0x0000000089900000, 0x0000000089800000| Untracked 
| 153|0x0000000089900000, 0x0000000089a00000, 0x0000000089a00000|100%| O|  |TAMS 0x0000000089a00000, 0x0000000089900000| Untracked 
| 154|0x0000000089a00000, 0x0000000089b00000, 0x0000000089b00000|100%| O|  |TAMS 0x0000000089b00000, 0x0000000089a00000| Untracked 
| 155|0x0000000089b00000, 0x0000000089c00000, 0x0000000089c00000|100%| O|  |TAMS 0x0000000089c00000, 0x0000000089b00000| Untracked 
| 156|0x0000000089c00000, 0x0000000089c50e00, 0x0000000089d00000| 31%| O|  |TAMS 0x0000000089c50e00, 0x0000000089c00000| Untracked 
| 157|0x0000000089d00000, 0x0000000089d00000, 0x0000000089e00000|  0%| F|  |TAMS 0x0000000089d00000, 0x0000000089d00000| Untracked 
| 158|0x0000000089e00000, 0x0000000089e00000, 0x0000000089f00000|  0%| F|  |TAMS 0x0000000089e00000, 0x0000000089e00000| Untracked 
| 159|0x0000000089f00000, 0x0000000089f00000, 0x000000008a000000|  0%| F|  |TAMS 0x0000000089f00000, 0x0000000089f00000| Untracked 
| 160|0x000000008a000000, 0x000000008a000000, 0x000000008a100000|  0%| F|  |TAMS 0x000000008a000000, 0x000000008a000000| Untracked 
| 161|0x000000008a100000, 0x000000008a100000, 0x000000008a200000|  0%| F|  |TAMS 0x000000008a100000, 0x000000008a100000| Untracked 
| 162|0x000000008a200000, 0x000000008a200000, 0x000000008a300000|  0%| F|  |TAMS 0x000000008a200000, 0x000000008a200000| Untracked 
| 163|0x000000008a300000, 0x000000008a300000, 0x000000008a400000|  0%| F|  |TAMS 0x000000008a300000, 0x000000008a300000| Untracked 
| 164|0x000000008a400000, 0x000000008a400000, 0x000000008a500000|  0%| F|  |TAMS 0x000000008a400000, 0x000000008a400000| Untracked 
| 165|0x000000008a500000, 0x000000008a500000, 0x000000008a600000|  0%| F|  |TAMS 0x000000008a500000, 0x000000008a500000| Untracked 
| 166|0x000000008a600000, 0x000000008a600000, 0x000000008a700000|  0%| F|  |TAMS 0x000000008a600000, 0x000000008a600000| Untracked 
| 167|0x000000008a700000, 0x000000008a700000, 0x000000008a800000|  0%| F|  |TAMS 0x000000008a700000, 0x000000008a700000| Untracked 
| 168|0x000000008a800000, 0x000000008a800000, 0x000000008a900000|  0%| F|  |TAMS 0x000000008a800000, 0x000000008a800000| Untracked 
| 169|0x000000008a900000, 0x000000008a900000, 0x000000008aa00000|  0%| F|  |TAMS 0x000000008a900000, 0x000000008a900000| Untracked 
| 170|0x000000008aa00000, 0x000000008aa00000, 0x000000008ab00000|  0%| F|  |TAMS 0x000000008aa00000, 0x000000008aa00000| Untracked 
| 171|0x000000008ab00000, 0x000000008ab00000, 0x000000008ac00000|  0%| F|  |TAMS 0x000000008ab00000, 0x000000008ab00000| Untracked 
| 172|0x000000008ac00000, 0x000000008ac00000, 0x000000008ad00000|  0%| F|  |TAMS 0x000000008ac00000, 0x000000008ac00000| Untracked 
| 173|0x000000008ad00000, 0x000000008ad00000, 0x000000008ae00000|  0%| F|  |TAMS 0x000000008ad00000, 0x000000008ad00000| Untracked 
| 174|0x000000008ae00000, 0x000000008ae00000, 0x000000008af00000|  0%| F|  |TAMS 0x000000008ae00000, 0x000000008ae00000| Untracked 
| 175|0x000000008af00000, 0x000000008af00000, 0x000000008b000000|  0%| F|  |TAMS 0x000000008af00000, 0x000000008af00000| Untracked 
| 176|0x000000008b000000, 0x000000008b000000, 0x000000008b100000|  0%| F|  |TAMS 0x000000008b000000, 0x000000008b000000| Untracked 
| 177|0x000000008b100000, 0x000000008b100000, 0x000000008b200000|  0%| F|  |TAMS 0x000000008b100000, 0x000000008b100000| Untracked 
| 178|0x000000008b200000, 0x000000008b200000, 0x000000008b300000|  0%| F|  |TAMS 0x000000008b200000, 0x000000008b200000| Untracked 
| 179|0x000000008b300000, 0x000000008b300000, 0x000000008b400000|  0%| F|  |TAMS 0x000000008b300000, 0x000000008b300000| Untracked 
| 180|0x000000008b400000, 0x000000008b400000, 0x000000008b500000|  0%| F|  |TAMS 0x000000008b400000, 0x000000008b400000| Untracked 
| 181|0x000000008b500000, 0x000000008b500000, 0x000000008b600000|  0%| F|  |TAMS 0x000000008b500000, 0x000000008b500000| Untracked 
| 182|0x000000008b600000, 0x000000008b600000, 0x000000008b700000|  0%| F|  |TAMS 0x000000008b600000, 0x000000008b600000| Untracked 
| 183|0x000000008b700000, 0x000000008b742fd8, 0x000000008b800000| 26%| S|CS|TAMS 0x000000008b700000, 0x000000008b700000| Complete 
| 184|0x000000008b800000, 0x000000008b800000, 0x000000008b900000|  0%| F|  |TAMS 0x000000008b800000, 0x000000008b800000| Untracked 
| 185|0x000000008b900000, 0x000000008b900000, 0x000000008ba00000|  0%| F|  |TAMS 0x000000008b900000, 0x000000008b900000| Untracked 
| 186|0x000000008ba00000, 0x000000008ba00000, 0x000000008bb00000|  0%| F|  |TAMS 0x000000008ba00000, 0x000000008ba00000| Untracked 
| 187|0x000000008bb00000, 0x000000008bb00000, 0x000000008bc00000|  0%| F|  |TAMS 0x000000008bb00000, 0x000000008bb00000| Untracked 
| 188|0x000000008bc00000, 0x000000008bd00000, 0x000000008bd00000|100%| S|CS|TAMS 0x000000008bc00000, 0x000000008bc00000| Complete 
| 189|0x000000008bd00000, 0x000000008be00000, 0x000000008be00000|100%| S|CS|TAMS 0x000000008bd00000, 0x000000008bd00000| Complete 
| 190|0x000000008be00000, 0x000000008bf00000, 0x000000008bf00000|100%| S|CS|TAMS 0x000000008be00000, 0x000000008be00000| Complete 
| 191|0x000000008bf00000, 0x000000008bf00000, 0x000000008c000000|  0%| F|  |TAMS 0x000000008bf00000, 0x000000008bf00000| Untracked 
| 192|0x000000008c000000, 0x000000008c000000, 0x000000008c100000|  0%| F|  |TAMS 0x000000008c000000, 0x000000008c000000| Untracked 
| 193|0x000000008c100000, 0x000000008c100000, 0x000000008c200000|  0%| F|  |TAMS 0x000000008c100000, 0x000000008c100000| Untracked 
| 194|0x000000008c200000, 0x000000008c200000, 0x000000008c300000|  0%| F|  |TAMS 0x000000008c200000, 0x000000008c200000| Untracked 
| 195|0x000000008c300000, 0x000000008c300000, 0x000000008c400000|  0%| F|  |TAMS 0x000000008c300000, 0x000000008c300000| Untracked 
| 196|0x000000008c400000, 0x000000008c400000, 0x000000008c500000|  0%| F|  |TAMS 0x000000008c400000, 0x000000008c400000| Untracked 
| 197|0x000000008c500000, 0x000000008c500000, 0x000000008c600000|  0%| F|  |TAMS 0x000000008c500000, 0x000000008c500000| Untracked 
| 198|0x000000008c600000, 0x000000008c600000, 0x000000008c700000|  0%| F|  |TAMS 0x000000008c600000, 0x000000008c600000| Untracked 
| 199|0x000000008c700000, 0x000000008c700000, 0x000000008c800000|  0%| F|  |TAMS 0x000000008c700000, 0x000000008c700000| Untracked 
| 200|0x000000008c800000, 0x000000008c800000, 0x000000008c900000|  0%| F|  |TAMS 0x000000008c800000, 0x000000008c800000| Untracked 
| 201|0x000000008c900000, 0x000000008c900000, 0x000000008ca00000|  0%| F|  |TAMS 0x000000008c900000, 0x000000008c900000| Untracked 
| 202|0x000000008ca00000, 0x000000008ca00000, 0x000000008cb00000|  0%| F|  |TAMS 0x000000008ca00000, 0x000000008ca00000| Untracked 
| 203|0x000000008cb00000, 0x000000008cb00000, 0x000000008cc00000|  0%| F|  |TAMS 0x000000008cb00000, 0x000000008cb00000| Untracked 
| 204|0x000000008cc00000, 0x000000008cc00000, 0x000000008cd00000|  0%| F|  |TAMS 0x000000008cc00000, 0x000000008cc00000| Untracked 
| 205|0x000000008cd00000, 0x000000008cd00000, 0x000000008ce00000|  0%| F|  |TAMS 0x000000008cd00000, 0x000000008cd00000| Untracked 
| 206|0x000000008ce00000, 0x000000008ce00000, 0x000000008cf00000|  0%| F|  |TAMS 0x000000008ce00000, 0x000000008ce00000| Untracked 
| 207|0x000000008cf00000, 0x000000008cf00000, 0x000000008d000000|  0%| F|  |TAMS 0x000000008cf00000, 0x000000008cf00000| Untracked 
| 208|0x000000008d000000, 0x000000008d000000, 0x000000008d100000|  0%| F|  |TAMS 0x000000008d000000, 0x000000008d000000| Untracked 
| 209|0x000000008d100000, 0x000000008d100000, 0x000000008d200000|  0%| F|  |TAMS 0x000000008d100000, 0x000000008d100000| Untracked 
| 210|0x000000008d200000, 0x000000008d300000, 0x000000008d300000|100%| E|  |TAMS 0x000000008d200000, 0x000000008d200000| Complete 
| 211|0x000000008d300000, 0x000000008d400000, 0x000000008d400000|100%| E|CS|TAMS 0x000000008d300000, 0x000000008d300000| Complete 
| 212|0x000000008d400000, 0x000000008d500000, 0x000000008d500000|100%| E|CS|TAMS 0x000000008d400000, 0x000000008d400000| Complete 
| 213|0x000000008d500000, 0x000000008d600000, 0x000000008d600000|100%| E|CS|TAMS 0x000000008d500000, 0x000000008d500000| Complete 
| 214|0x000000008d600000, 0x000000008d700000, 0x000000008d700000|100%| E|CS|TAMS 0x000000008d600000, 0x000000008d600000| Complete 
| 215|0x000000008d700000, 0x000000008d800000, 0x000000008d800000|100%| E|CS|TAMS 0x000000008d700000, 0x000000008d700000| Complete 
| 216|0x000000008d800000, 0x000000008d900000, 0x000000008d900000|100%| E|CS|TAMS 0x000000008d800000, 0x000000008d800000| Complete 
| 217|0x000000008d900000, 0x000000008da00000, 0x000000008da00000|100%| E|CS|TAMS 0x000000008d900000, 0x000000008d900000| Complete 
| 218|0x000000008da00000, 0x000000008db00000, 0x000000008db00000|100%| E|CS|TAMS 0x000000008da00000, 0x000000008da00000| Complete 
| 219|0x000000008db00000, 0x000000008dc00000, 0x000000008dc00000|100%| E|CS|TAMS 0x000000008db00000, 0x000000008db00000| Complete 
| 220|0x000000008dc00000, 0x000000008dd00000, 0x000000008dd00000|100%| E|CS|TAMS 0x000000008dc00000, 0x000000008dc00000| Complete 
| 221|0x000000008dd00000, 0x000000008de00000, 0x000000008de00000|100%| E|CS|TAMS 0x000000008dd00000, 0x000000008dd00000| Complete 
| 222|0x000000008de00000, 0x000000008df00000, 0x000000008df00000|100%| E|CS|TAMS 0x000000008de00000, 0x000000008de00000| Complete 
| 223|0x000000008df00000, 0x000000008e000000, 0x000000008e000000|100%| E|CS|TAMS 0x000000008df00000, 0x000000008df00000| Complete 

Card table byte_map: [0x000001817d610000,0x000001817da10000] _byte_map_base: 0x000001817d210000

Marking Bits (Prev, Next): (CMBitMap*) 0x000001817486d528, (CMBitMap*) 0x000001817486d560
 Prev Bits: [0x000001817de10000, 0x000001817fe10000)
 Next Bits: [0x000001810f000000, 0x0000018111000000)

Polling page: 0x0000018174010000

Metaspace:

Usage:
  Non-class:     95.16 MB capacity,    92.88 MB ( 98%) used,     1.97 MB (  2%) free+waste,   316.63 KB ( <1%) overhead. 
      Class:     15.49 MB capacity,    14.08 MB ( 91%) used,     1.27 MB (  8%) free+waste,   145.88 KB ( <1%) overhead. 
       Both:    110.66 MB capacity,   106.97 MB ( 97%) used,     3.24 MB (  3%) free+waste,   462.50 KB ( <1%) overhead. 

Virtual space:
  Non-class space:       96.00 MB reserved,      95.38 MB (>99%) committed 
      Class space:      504.00 MB reserved,      15.50 MB (  3%) committed 
             Both:      600.00 MB reserved,     110.88 MB ( 18%) committed 

Chunk freelists:
   Non-Class:  3.00 KB
       Class:  896 bytes
        Both:  3.88 KB

CodeHeap 'non-profiled nmethods': size=120000Kb used=7616Kb max_used=7616Kb free=112383Kb
 bounds [0x0000018107ad0000, 0x0000018108250000, 0x000001810f000000]
CodeHeap 'profiled nmethods': size=120000Kb used=25750Kb max_used=25750Kb free=94249Kb
 bounds [0x00000181005a0000, 0x0000018101f00000, 0x0000018107ad0000]
CodeHeap 'non-nmethods': size=5760Kb used=2313Kb max_used=2385Kb free=3446Kb
 bounds [0x0000018100000000, 0x0000018100270000, 0x00000181005a0000]
 total_blobs=12938 nmethods=12016 adapters=833
 compilation: enabled
              stopped_count=0, restarted_count=0
 full_count=0

Compilation events (10 events):
Event: 23.563 Thread 0x00000181143f7800 13696       3       org.gradle.api.internal.artifacts.publish.ArchivePublishArtifact::getType (17 bytes)
Event: 23.564 Thread 0x00000181143f7800 nmethod 13696 0x0000018101892c10 code [0x0000018101892e80, 0x0000018101893ac0]
Event: 23.568 Thread 0x00000181143f2800 nmethod 13692 0x0000018108239590 code [0x0000018108239720, 0x0000018108239b58]
Event: 23.568 Thread 0x00000181143f2800 13697       4       org.gradle.api.internal.artifacts.configurations.Configurations::getNames (99 bytes)
Event: 23.569 Thread 0x00000181143f7800 13699       3       org.gradle.api.internal.artifacts.DefaultResolverResults::assertHasGraphResult (22 bytes)
Event: 23.570 Thread 0x00000181143f7800 nmethod 13699 0x0000018101435c10 code [0x0000018101435de0, 0x0000018101436110]
Event: 23.601 Thread 0x00000181143f7800 13700       3       org.gradle.internal.instantiation.generator.AbstractClassGenerator$PropertyMetadata::addSetMethod (12 bytes)
Event: 23.601 Thread 0x00000181143f7800 nmethod 13700 0x0000018101411610 code [0x00000181014117c0, 0x00000181014119f0]
Event: 23.612 Thread 0x000001811bb06000 nmethod 13677% 0x0000018108239e10 code [0x000001810823a140, 0x000001810823bfc0]
Event: 23.612 Thread 0x000001811bb06000 13701       4       org.gradle.internal.instantiation.generator.AbstractClassGenerator$PropertyTypePropertyHandler::visitProperty (29 bytes)

GC Heap History (10 events):
Event: 21.724 GC heap before
{Heap before GC invocations=21 (full 0):
 garbage-first heap   total 229376K, used 187992K [0x0000000080000000, 0x0000000100000000)
  region size 1024K, 58 young (59392K), 8 survivors (8192K)
 Metaspace       used 102583K, capacity 106181K, committed 106368K, reserved 608256K
  class space    used 13657K, capacity 15032K, committed 15104K, reserved 516096K
}
Event: 21.731 GC heap after
{Heap after GC invocations=22 (full 0):
 garbage-first heap   total 229376K, used 143565K [0x0000000080000000, 0x0000000100000000)
  region size 1024K, 7 young (7168K), 7 survivors (7168K)
 Metaspace       used 102583K, capacity 106181K, committed 106368K, reserved 608256K
  class space    used 13657K, capacity 15032K, committed 15104K, reserved 516096K
}
Event: 22.288 GC heap before
{Heap before GC invocations=23 (full 0):
 garbage-first heap   total 229376K, used 188621K [0x0000000080000000, 0x0000000100000000)
  region size 1024K, 51 young (52224K), 7 survivors (7168K)
 Metaspace       used 106148K, capacity 109732K, committed 109824K, reserved 612352K
  class space    used 14082K, capacity 15488K, committed 15488K, reserved 516096K
}
Event: 22.294 GC heap after
{Heap after GC invocations=24 (full 0):
 garbage-first heap   total 229376K, used 149330K [0x0000000080000000, 0x0000000100000000)
  region size 1024K, 6 young (6144K), 6 survivors (6144K)
 Metaspace       used 106148K, capacity 109732K, committed 109824K, reserved 612352K
  class space    used 14082K, capacity 15488K, committed 15488K, reserved 516096K
}
Event: 22.888 GC heap before
{Heap before GC invocations=24 (full 0):
 garbage-first heap   total 229376K, used 190290K [0x0000000080000000, 0x0000000100000000)
  region size 1024K, 46 young (47104K), 6 survivors (6144K)
 Metaspace       used 107002K, capacity 110813K, committed 110976K, reserved 612352K
  class space    used 14162K, capacity 15598K, committed 15616K, reserved 516096K
}
Event: 22.896 GC heap after
{Heap after GC invocations=25 (full 0):
 garbage-first heap   total 229376K, used 155433K [0x0000000080000000, 0x0000000100000000)
  region size 1024K, 6 young (6144K), 6 survivors (6144K)
 Metaspace       used 107002K, capacity 110813K, committed 110976K, reserved 612352K
  class space    used 14162K, capacity 15598K, committed 15616K, reserved 516096K
}
Event: 23.213 GC heap before
{Heap before GC invocations=26 (full 0):
 garbage-first heap   total 229376K, used 192297K [0x0000000080000000, 0x0000000100000000)
  region size 1024K, 42 young (43008K), 6 survivors (6144K)
 Metaspace       used 107309K, capacity 111078K, committed 111232K, reserved 612352K
  class space    used 14179K, capacity 15599K, committed 15616K, reserved 516096K
}
Event: 23.221 GC heap after
{Heap after GC invocations=27 (full 0):
 garbage-first heap   total 229376K, used 160107K [0x0000000080000000, 0x0000000100000000)
  region size 1024K, 5 young (5120K), 5 survivors (5120K)
 Metaspace       used 107309K, capacity 111078K, committed 111232K, reserved 612352K
  class space    used 14179K, capacity 15599K, committed 15616K, reserved 516096K
}
Event: 23.513 GC heap before
{Heap before GC invocations=27 (full 0):
 garbage-first heap   total 229376K, used 193899K [0x0000000080000000, 0x0000000100000000)
  region size 1024K, 38 young (38912K), 5 survivors (5120K)
 Metaspace       used 108756K, capacity 112558K, committed 112768K, reserved 614400K
  class space    used 14329K, capacity 15766K, committed 15872K, reserved 516096K
}
Event: 23.517 GC heap after
{Heap after GC invocations=28 (full 0):
 garbage-first heap   total 229376K, used 163407K [0x0000000080000000, 0x0000000100000000)
  region size 1024K, 4 young (4096K), 4 survivors (4096K)
 Metaspace       used 108756K, capacity 112558K, committed 112768K, reserved 614400K
  class space    used 14329K, capacity 15766K, committed 15872K, reserved 516096K
}

Deoptimization events (10 events):
Event: 23.419 Thread 0x00000181168a0800 Uncommon trap: reason=class_check action=maybe_recompile pc=0x00000181082063cc method=org.gradle.util.internal.DeferredUtil.unpack(Lorg/gradle/api/internal/provider/ProviderResolutionStrategy;Ljava/lang/Object;)Ljava/lang/Object; @ 20 c2
Event: 23.445 Thread 0x00000181168a0800 Uncommon trap: reason=class_check action=maybe_recompile pc=0x000001810805f908 method=java.util.HashMap.removeNode(ILjava/lang/Object;Ljava/lang/Object;ZZ)Ljava/util/HashMap$Node; @ 143 c2
Event: 23.506 Thread 0x00000181168a0800 Uncommon trap: reason=null_check action=make_not_entrant pc=0x0000018108224d60 method=org.gradle.internal.instantiation.generator.AbstractClassGenerator.isPropertyType(Ljava/lang/Class;)Z @ 21 c2
Event: 23.506 Thread 0x00000181168a0800 Uncommon trap: reason=null_check action=make_not_entrant pc=0x000001810822715c method=org.gradle.internal.instantiation.generator.AbstractClassGenerator.isIneligibleForConventionMapping(Lorg/gradle/internal/instantiation/generator/AbstractClassGenerator$P
Event: 23.540 Thread 0x00000181168a0800 Uncommon trap: reason=class_check action=maybe_recompile pc=0x00000181082063cc method=org.gradle.util.internal.DeferredUtil.unpack(Lorg/gradle/api/internal/provider/ProviderResolutionStrategy;Ljava/lang/Object;)Ljava/lang/Object; @ 20 c2
Event: 23.540 Thread 0x00000181168a0800 Uncommon trap: reason=class_check action=maybe_recompile pc=0x0000018108198ef8 method=org.gradle.util.internal.DeferredUtil.unpack(Lorg/gradle/api/internal/provider/ProviderResolutionStrategy;Ljava/lang/Object;)Ljava/lang/Object; @ 20 c2
Event: 23.561 Thread 0x00000181168a0800 Uncommon trap: reason=profile_predicate action=maybe_recompile pc=0x0000018108234cac method=org.gradle.api.internal.artifacts.configurations.Configurations.getNames(Ljava/util/Collection;)Lcom/google/common/collect/ImmutableSet; @ 67 c2
Event: 23.561 Thread 0x00000181168a0800 Uncommon trap: reason=profile_predicate action=maybe_recompile pc=0x0000018108234cac method=org.gradle.api.internal.artifacts.configurations.Configurations.getNames(Ljava/util/Collection;)Lcom/google/common/collect/ImmutableSet; @ 67 c2
Event: 23.561 Thread 0x00000181168a0800 Uncommon trap: reason=profile_predicate action=maybe_recompile pc=0x0000018108234cac method=org.gradle.api.internal.artifacts.configurations.Configurations.getNames(Ljava/util/Collection;)Lcom/google/common/collect/ImmutableSet; @ 67 c2
Event: 23.561 Thread 0x00000181168a0800 Uncommon trap: reason=profile_predicate action=maybe_recompile pc=0x0000018108234cac method=org.gradle.api.internal.artifacts.configurations.Configurations.getNames(Ljava/util/Collection;)Lcom/google/common/collect/ImmutableSet; @ 67 c2

Classes redefined (0 events):
No events

Internal exceptions (10 events):
Event: 22.406 Thread 0x00000181168a0800 Implicit null exception at 0x0000018107f487f4 to 0x0000018107f48e92
Event: 22.739 Thread 0x00000181168a0800 Implicit null exception at 0x00000181081664b9 to 0x00000181081665f1
Event: 22.739 Thread 0x00000181168a0800 Implicit null exception at 0x000001810816face to 0x00000181081702c2
Event: 22.749 Thread 0x00000181168a0800 Exception <a 'java/lang/NoSuchMethodError'{0x000000008c441998}: java.lang.invoke.DirectMethodHandle$Holder.invokeStatic(Ljava/lang/Object;IILjava/lang/Object;)I> (0x000000008c441998) thrown at [./open/src/hotspot/share/interpreter/linkResolver.cpp, line 7
Event: 23.057 Thread 0x00000181168a0800 Exception <a 'sun/nio/fs/WindowsException'{0x000000008d1c1a38}> (0x000000008d1c1a38) thrown at [./open/src/hotspot/share/prims/jni.cpp, line 611]
Event: 23.057 Thread 0x00000181168a0800 Exception <a 'sun/nio/fs/WindowsException'{0x000000008d1c2db0}> (0x000000008d1c2db0) thrown at [./open/src/hotspot/share/prims/jni.cpp, line 611]
Event: 23.058 Thread 0x00000181168a0800 Exception <a 'sun/nio/fs/WindowsException'{0x000000008d1c4178}> (0x000000008d1c4178) thrown at [./open/src/hotspot/share/prims/jni.cpp, line 611]
Event: 23.058 Thread 0x00000181168a0800 Exception <a 'sun/nio/fs/WindowsException'{0x000000008d1c5540}> (0x000000008d1c5540) thrown at [./open/src/hotspot/share/prims/jni.cpp, line 611]
Event: 23.506 Thread 0x00000181168a0800 Implicit null exception at 0x0000018108224613 to 0x0000018108224d46
Event: 23.506 Thread 0x00000181168a0800 Implicit null exception at 0x00000181082267b8 to 0x000001810822714e

Events (10 events):
Event: 23.561 Thread 0x00000181168a0800 DEOPT PACKING pc=0x0000018108234cac sp=0x0000007a134f9770
Event: 23.561 Thread 0x00000181168a0800 DEOPT UNPACKING pc=0x0000018100028f2f sp=0x0000007a134f9740 mode 2
Event: 23.561 Thread 0x00000181168a0800 Uncommon trap: trap_request=0xffffffbe fr.pc=0x0000018108234cac relative=0x0000000000001fac
Event: 23.561 Thread 0x00000181168a0800 DEOPT PACKING pc=0x0000018108234cac sp=0x0000007a134f9770
Event: 23.561 Thread 0x00000181168a0800 DEOPT UNPACKING pc=0x0000018100028f2f sp=0x0000007a134f9740 mode 2
Event: 23.561 Thread 0x00000181168a0800 Uncommon trap: trap_request=0xffffffbe fr.pc=0x0000018108234cac relative=0x0000000000001fac
Event: 23.561 Thread 0x00000181168a0800 DEOPT PACKING pc=0x0000018108234cac sp=0x0000007a134f9770
Event: 23.561 Thread 0x00000181168a0800 DEOPT UNPACKING pc=0x0000018100028f2f sp=0x0000007a134f9740 mode 2
Event: 23.613 Executing VM operation: CGC_Operation
Event: 23.620 Executing VM operation: CGC_Operation done


Dynamic libraries:
0x00007ff7b3bb0000 - 0x00007ff7b3bbf000 	C:\Program Files\Java\jdk-11.0.9\bin\java.exe
0x00007fffe11f0000 - 0x00007fffe13e8000 	C:\WINDOWS\SYSTEM32\ntdll.dll
0x00007fffdf4e0000 - 0x00007fffdf59d000 	C:\WINDOWS\System32\KERNEL32.DLL
0x00007fffdebd0000 - 0x00007fffdeec6000 	C:\WINDOWS\System32\KERNELBASE.dll
0x00007fffdead0000 - 0x00007fffdebd0000 	C:\WINDOWS\System32\ucrtbase.dll
0x00007fffb4600000 - 0x00007fffb4618000 	C:\Program Files\Java\jdk-11.0.9\bin\jli.dll
0x00007fffb3e70000 - 0x00007fffb3e85000 	C:\Program Files\Java\jdk-11.0.9\bin\VCRUNTIME140.dll
0x00007fffe0190000 - 0x00007fffe023e000 	C:\WINDOWS\System32\ADVAPI32.dll
0x00007fffdf410000 - 0x00007fffdf4ae000 	C:\WINDOWS\System32\msvcrt.dll
0x00007fffdfdd0000 - 0x00007fffdfe6c000 	C:\WINDOWS\System32\sechost.dll
0x00007fffe03e0000 - 0x00007fffe0506000 	C:\WINDOWS\System32\RPCRT4.dll
0x00007fffdffd0000 - 0x00007fffe016e000 	C:\WINDOWS\System32\USER32.dll
0x00007fffddc50000 - 0x00007fffddeea000 	C:\WINDOWS\WinSxS\amd64_microsoft.windows.common-controls_6595b64144ccf1df_6.0.19041.1110_none_60b5254171f9507e\COMCTL32.dll
0x00007fffdeed0000 - 0x00007fffdeef2000 	C:\WINDOWS\System32\win32u.dll
0x00007fffdf4b0000 - 0x00007fffdf4dc000 	C:\WINDOWS\System32\GDI32.dll
0x00007fffde9b0000 - 0x00007fffdeaca000 	C:\WINDOWS\System32\gdi32full.dll
0x00007fffdef00000 - 0x00007fffdef9d000 	C:\WINDOWS\System32\msvcp_win.dll
0x00007fffd3ac0000 - 0x00007fffd3aca000 	C:\WINDOWS\SYSTEM32\VERSION.dll
0x00007fffdf3e0000 - 0x00007fffdf410000 	C:\WINDOWS\System32\IMM32.DLL
0x00007fff9e2a0000 - 0x00007fff9e33b000 	C:\Program Files\Java\jdk-11.0.9\bin\msvcp140.dll
0x00007fff82f50000 - 0x00007fff83a47000 	C:\Program Files\Java\jdk-11.0.9\bin\server\jvm.dll
0x00007fffe0ce0000 - 0x00007fffe0ce8000 	C:\WINDOWS\System32\PSAPI.DLL
0x00007fffb3200000 - 0x00007fffb3209000 	C:\WINDOWS\SYSTEM32\WSOCK32.dll
0x00007fffd3a90000 - 0x00007fffd3ab7000 	C:\WINDOWS\SYSTEM32\WINMM.dll
0x00007fffe0990000 - 0x00007fffe09fb000 	C:\WINDOWS\System32\WS2_32.dll
0x00007fffdba80000 - 0x00007fffdba92000 	C:\WINDOWS\SYSTEM32\kernel.appcore.dll
0x00007fffb22d0000 - 0x00007fffb22e0000 	C:\Program Files\Java\jdk-11.0.9\bin\verify.dll
0x00007fffde040000 - 0x00007fffde224000 	C:\WINDOWS\SYSTEM32\DBGHELP.DLL
0x00007fffde000000 - 0x00007fffde034000 	C:\WINDOWS\SYSTEM32\dbgcore.DLL
0x00007fffde8d0000 - 0x00007fffde952000 	C:\WINDOWS\System32\bcryptPrimitives.dll
0x00007fffb1d30000 - 0x00007fffb1d58000 	C:\Program Files\Java\jdk-11.0.9\bin\java.dll
0x00007fffb2190000 - 0x00007fffb219a000 	C:\Program Files\Java\jdk-11.0.9\bin\jimage.dll
0x00007fffb0820000 - 0x00007fffb0836000 	C:\Program Files\Java\jdk-11.0.9\bin\zip.dll
0x00007fffdf5a0000 - 0x00007fffdfce5000 	C:\WINDOWS\System32\SHELL32.dll
0x00007fffdbc80000 - 0x00007fffdc41b000 	C:\WINDOWS\SYSTEM32\windows.storage.dll
0x00007fffe0cf0000 - 0x00007fffe1044000 	C:\WINDOWS\System32\combase.dll
0x00007fffddbb0000 - 0x00007fffddbde000 	C:\WINDOWS\SYSTEM32\Wldp.dll
0x00007fffe1100000 - 0x00007fffe11ad000 	C:\WINDOWS\System32\SHCORE.dll
0x00007fffdf380000 - 0x00007fffdf3d5000 	C:\WINDOWS\System32\shlwapi.dll
0x00007fffde800000 - 0x00007fffde825000 	C:\WINDOWS\SYSTEM32\profapi.dll
0x00007fffb0800000 - 0x00007fffb0819000 	C:\Program Files\Java\jdk-11.0.9\bin\net.dll
0x00007fffd57f0000 - 0x00007fffd58fa000 	C:\WINDOWS\SYSTEM32\WINHTTP.dll
0x00007fffdda80000 - 0x00007fffddaea000 	C:\WINDOWS\system32\mswsock.dll
0x00007fffacee0000 - 0x00007fffacef2000 	C:\Program Files\Java\jdk-11.0.9\bin\nio.dll
0x00007fffa8080000 - 0x00007fffa80a7000 	C:\Users\USER\.gradle\native\e1d6ef7f7dcc3fd88c89a11ec53ec762bb8ba0a96d01ffa2cd45eb1d1d8dd5c5\windows-amd64\native-platform.dll
0x00007fff9d860000 - 0x00007fff9d9a4000 	C:\Users\USER\.gradle\native\0d407fdbe67a94daf76414ababcb853783967236a71b16ec16e742cd7a986fd3\windows-amd64\native-platform-file-events.dll
0x00007fffb1f90000 - 0x00007fffb1f99000 	C:\Program Files\Java\jdk-11.0.9\bin\management.dll
0x00007fffb07f0000 - 0x00007fffb07fb000 	C:\Program Files\Java\jdk-11.0.9\bin\management_ext.dll
0x00007fffde570000 - 0x00007fffde588000 	C:\WINDOWS\SYSTEM32\CRYPTSP.dll
0x00007fffdd280000 - 0x00007fffdd2b4000 	C:\WINDOWS\system32\rsaenh.dll
0x00007fffdf010000 - 0x00007fffdf037000 	C:\WINDOWS\System32\bcrypt.dll
0x00007fffde7c0000 - 0x00007fffde7ee000 	C:\WINDOWS\SYSTEM32\USERENV.dll
0x00007fffddb70000 - 0x00007fffddb7c000 	C:\WINDOWS\SYSTEM32\CRYPTBASE.dll
0x00007fffdd600000 - 0x00007fffdd63b000 	C:\WINDOWS\SYSTEM32\IPHLPAPI.DLL
0x00007fffe0cd0000 - 0x00007fffe0cd8000 	C:\WINDOWS\System32\NSI.dll
0x00007fffd6bd0000 - 0x00007fffd6be7000 	C:\WINDOWS\SYSTEM32\dhcpcsvc6.DLL
0x00007fffd6bb0000 - 0x00007fffd6bcd000 	C:\WINDOWS\SYSTEM32\dhcpcsvc.DLL
0x00007fffdd640000 - 0x00007fffdd70a000 	C:\WINDOWS\SYSTEM32\DNSAPI.dll

dbghelp: loaded successfully - version: 4.0.5 - missing functions: none
symbol engine: initialized successfully - sym options: 0x614 - pdb path: .;C:\Program Files\Java\jdk-11.0.9\bin;C:\WINDOWS\SYSTEM32;C:\WINDOWS\WinSxS\amd64_microsoft.windows.common-controls_6595b64144ccf1df_6.0.19041.1110_none_60b5254171f9507e;C:\Program Files\Java\jdk-11.0.9\bin\server;C:\Users\USER\.gradle\native\e1d6ef7f7dcc3fd88c89a11ec53ec762bb8ba0a96d01ffa2cd45eb1d1d8dd5c5\windows-amd64;C:\Users\USER\.gradle\native\0d407fdbe67a94daf76414ababcb853783967236a71b16ec16e742cd7a986fd3\windows-amd64

VM Arguments:
jvm_args: -XX:MaxMetaspaceSize=512m --add-opens=java.base/java.util=ALL-UNNAMED --add-opens=java.base/java.lang=ALL-UNNAMED --add-opens=java.base/java.lang.invoke=ALL-UNNAMED --add-opens=java.base/java.util=ALL-UNNAMED --add-opens=java.prefs/java.util.prefs=ALL-UNNAMED --add-opens=java.prefs/java.util.prefs=ALL-UNNAMED --add-opens=java.base/java.nio.charset=ALL-UNNAMED --add-opens=java.base/java.net=ALL-UNNAMED --add-opens=java.base/java.util.concurrent.atomic=ALL-UNNAMED -Xmx2048m -Dfile.encoding=windows-1252 -Duser.country=US -Duser.language=en -Duser.variant 
java_command: org.gradle.launcher.daemon.bootstrap.GradleDaemon 7.5.1
java_class_path (initial): C:\Users\USER\.gradle\wrapper\dists\gradle-7.5.1-all\1ehga6e77gqps5uk2kc5kf1vc\gradle-7.5.1\lib\gradle-launcher-7.5.1.jar
Launcher Type: SUN_STANDARD

[Global flags]
     intx CICompilerCount                          = 4                                         {product} {ergonomic}
   size_t CompressedClassSpaceSize                 = 528482304                                 {product} {ergonomic}
     uint ConcGCThreads                            = 3                                         {product} {ergonomic}
     uint G1ConcRefinementThreads                  = 10                                        {product} {ergonomic}
   size_t G1HeapRegionSize                         = 1048576                                   {product} {ergonomic}
    uintx GCDrainStackTargetSize                   = 64                                        {product} {ergonomic}
   size_t InitialHeapSize                          = 234881024                                 {product} {ergonomic}
   size_t MarkStackSize                            = 4194304                                   {product} {ergonomic}
   size_t MaxHeapSize                              = 2147483648                                {product} {command line}
   size_t MaxMetaspaceSize                         = 536870912                                 {product} {command line}
   size_t MaxNewSize                               = 1287651328                                {product} {ergonomic}
   size_t MinHeapDeltaBytes                        = 1048576                                   {product} {ergonomic}
    uintx NonNMethodCodeHeapSize                   = 5836300                                {pd product} {ergonomic}
    uintx NonProfiledCodeHeapSize                  = 122910970                              {pd product} {ergonomic}
    uintx ProfiledCodeHeapSize                     = 122910970                              {pd product} {ergonomic}
    uintx ReservedCodeCacheSize                    = 251658240                              {pd product} {ergonomic}
     bool SegmentedCodeCache                       = true                                      {product} {ergonomic}
     bool UseCompressedClassPointers               = true                                 {lp64_product} {ergonomic}
     bool UseCompressedOops                        = true                                 {lp64_product} {ergonomic}
     bool UseG1GC                                  = true                                      {product} {ergonomic}
     bool UseLargePagesIndividualAllocation        = false                                  {pd product} {ergonomic}

Logging:
Log output configuration:
 #0: stdout all=warning uptime,level,tags
 #1: stderr all=off uptime,level,tags

Environment Variables:
JAVA_HOME=C:\Program Files\Java\jdk-11.0.9
CLASSPATH=C:\Users\USER\Desktop\Capstone\Student\frontendApp\android\\gradle\wrapper\gradle-wrapper.jar
PATH=C:\Users\USER\Desktop\Capstone\student\frontendapp\android\node_modules\.bin;C:\Users\USER\Desktop\Capstone\student\frontendapp\node_modules\.bin;C:\Users\USER\Desktop\Capstone\student\node_modules\.bin;C:\Users\USER\Desktop\Capstone\node_modules\.bin;C:\Users\USER\Desktop\node_modules\.bin;C:\Users\USER\node_modules\.bin;C:\Users\node_modules\.bin;C:\node_modules\.bin;C:\Program Files\nodejs;C:\Users\USER\Desktop\Capstone\student\frontendapp\node_modules\.bin;C:\Users\USER\Desktop\Capstone\student\node_modules\.bin;C:\Users\USER\Desktop\Capstone\node_modules\.bin;C:\Users\USER\Desktop\node_modules\.bin;C:\Users\USER\node_modules\.bin;C:\Users\node_modules\.bin;C:\node_modules\.bin;C:\Users\USER\AppData\Roaming\npm\node_modules\npm\node_modules\@npmcli\run-script\lib\node-gyp-bin;C:\Program Files (x86)\NVIDIA Corporation\PhysX\Common;C:\Program Files\Common Files\Oracle\Java\javapath;C:\WINDOWS\system32;C:\WINDOWS;C:\WINDOWS\System32\Wbem;C:\WINDOWS\System32\WindowsPowerShell\v1.0\;C:\WINDOWS\System32\OpenSSH\;C:\Program Files\Java\jdk-11.0.9\bin;C:\Program Files (x86)\MySQL\MySQL Server 5.1\bin;C:\Program Files\dotnet\;C:\Program Files\Git\cmd;C:\Program Files\nodejs\;C:\Users\USER\AppData\Local\Microsoft\WindowsApps;C:\Users\USER\AppData\Local\Programs\Microsoft VS Code\bin;C:\Program Files\CodeBlocks\MinGW\bin;C:\xampp\php;C:\Users\USER\.dotnet\tools;C:\Flutter\flutter\bin;C:\Users\USER\AppData\Roaming\npm;C:\Users\USER\AppData\Local\Android\Sdk\platform-tools
USERNAME=USER
OS=Windows_NT
PROCESSOR_IDENTIFIER=AMD64 Family 23 Model 96 Stepping 1, AuthenticAMD



---------------  S Y S T E M  ---------------

OS: Windows 10 , 64 bit Build 19041 (10.0.19041.3393)

CPU:total 12 (initial active 12) (12 cores per cpu, 2 threads per core) family 23 model 96 stepping 1, cmov, cx8, fxsr, mmx, sse, sse2, sse3, ssse3, sse4.1, sse4.2, popcnt, avx, avx2, aes, clmul, mmxext, 3dnowpref, lzcnt, sse4a, ht, tsc, tscinvbit, tscinv, bmi1, bmi2, adx, sha, fma

Memory: 4k page, system-wide physical 14245M (8012M free)
TotalPageFile size 17829M (AvailPageFile size 9116M)
current process WorkingSet (physical memory assigned to process): 526M, peak: 529M
current process commit charge ("private bytes"): 581M, peak: 585M

vm_info: Java HotSpot(TM) 64-Bit Server VM (11.0.9+7-LTS) for windows-amd64 JRE (11.0.9+7-LTS), built on Sep 15 2020 16:47:03 by "mach5one" with MS VC++ 15.9 (VS2017)

END.
